01-08-2026 @ 10:57:25 - ---[ New import started at 2026-01-08 10:57:25 ] PHP Memory: 256 MB, WP Memory: 40 MB
01-08-2026 @ 10:57:25 - Preparing for import.
01-08-2026 @ 10:57:25 - Row :1 - Parsing item.
01-08-2026 @ 10:57:25 - Importing as new order ID:8039806012471
01-08-2026 @ 10:57:25 - Row :1 - Processing item.
01-08-2026 @ 10:57:26 - Found order object. ID:8039806012471
01-08-2026 @ 10:57:26 - Row :1 - Order imported successfully.
01-08-2026 @ 10:57:26 - Row :2 - Parsing item.
01-08-2026 @ 10:57:26 - Importing as new order ID:8039806012433
01-08-2026 @ 10:57:26 - Row :2 - Processing item.
01-08-2026 @ 10:57:26 - Found order object. ID:8039806012433
01-08-2026 @ 10:57:26 - Row :2 - Order imported successfully.
01-08-2026 @ 10:57:26 - Row :3 - Parsing item.
01-08-2026 @ 10:57:26 - Importing as new order ID:8039806012432
01-08-2026 @ 10:57:26 - Row :3 - Processing item.
01-08-2026 @ 10:57:26 - Found order object. ID:8039806012432
01-08-2026 @ 10:57:26 - Row :3 - Order imported successfully.
01-08-2026 @ 10:57:26 - Row :4 - Parsing item.
01-08-2026 @ 10:57:26 - Importing as new order ID:8039806012431
01-08-2026 @ 10:57:26 - Row :4 - Processing item.
01-08-2026 @ 10:57:26 - Found order object. ID:8039806012431
01-08-2026 @ 10:57:26 - Row :4 - Order imported successfully.
01-08-2026 @ 10:57:26 - Row :5 - Parsing item.
01-08-2026 @ 10:57:26 - Importing as new order ID:8039806012194
01-08-2026 @ 10:57:26 - Row :5 - Processing item.
01-08-2026 @ 10:57:26 - Found order object. ID:8039806012194
01-08-2026 @ 10:57:26 - Row :5 - Order imported successfully.
01-08-2026 @ 10:57:26 - Row :6 - Parsing item.
01-08-2026 @ 10:57:26 - Importing as new order ID:8039806012195
01-08-2026 @ 10:57:26 - Row :6 - Processing item.
01-08-2026 @ 10:57:26 - Found order object. ID:8039806012195
01-08-2026 @ 10:57:27 - Row :6 - Order imported successfully.
01-08-2026 @ 10:57:27 - Row :7 - Parsing item.
01-08-2026 @ 10:57:27 - Importing as new order ID:8039806012196
01-08-2026 @ 10:57:27 - Row :7 - Processing item.
01-08-2026 @ 10:57:27 - Found order object. ID:8039806012196
01-08-2026 @ 10:57:27 - Row :7 - Order imported successfully.
01-08-2026 @ 10:57:27 - Row :8 - Parsing item.
01-08-2026 @ 10:57:27 - Importing as new order ID:8039806012197
01-08-2026 @ 10:57:27 - Row :8 - Processing item.
01-08-2026 @ 10:57:27 - Found order object. ID:8039806012197
01-08-2026 @ 10:57:27 - Row :8 - Order imported successfully.
01-08-2026 @ 10:57:27 - Row :9 - Parsing item.
01-08-2026 @ 10:57:27 - Importing as new order ID:8039806012198
01-08-2026 @ 10:57:27 - Row :9 - Processing item.
01-08-2026 @ 10:57:27 - Found order object. ID:8039806012198
01-08-2026 @ 10:57:27 - Row :9 - Order imported successfully.
01-08-2026 @ 10:57:27 - Row :10 - Parsing item.
01-08-2026 @ 10:57:27 - Importing as new order ID:8039806012200
01-08-2026 @ 10:57:27 - Row :10 - Processing item.
01-08-2026 @ 10:57:28 - Found order object. ID:8039806012200
01-08-2026 @ 10:57:28 - Row :10 - Order imported successfully.
01-08-2026 @ 10:57:29 - Preparing for import.
01-08-2026 @ 10:57:29 - Row :11 - Parsing item.
01-08-2026 @ 10:57:29 - Importing as new order ID:8039806012202
01-08-2026 @ 10:57:29 - Row :11 - Processing item.
01-08-2026 @ 10:57:29 - Found order object. ID:8039806012202
01-08-2026 @ 10:57:29 - Row :11 - Order imported successfully.
01-08-2026 @ 10:57:29 - Row :12 - Parsing item.
01-08-2026 @ 10:57:29 - Importing as new order ID:8039806012205
01-08-2026 @ 10:57:29 - Row :12 - Processing item.
01-08-2026 @ 10:57:30 - Found order object. ID:8039806012205
01-08-2026 @ 10:57:30 - Row :12 - Order imported successfully.
01-08-2026 @ 10:57:30 - Row :13 - Parsing item.
01-08-2026 @ 10:57:30 - Importing as new order ID:8039806012207
01-08-2026 @ 10:57:30 - Row :13 - Processing item.
01-08-2026 @ 10:57:30 - Found order object. ID:8039806012207
01-08-2026 @ 10:57:30 - Row :13 - Order imported successfully.
01-08-2026 @ 10:57:30 - Row :14 - Parsing item.
01-08-2026 @ 10:57:30 - Importing as new order ID:8039806012209
01-08-2026 @ 10:57:30 - Row :14 - Processing item.
01-08-2026 @ 10:57:30 - Found order object. ID:8039806012209
01-08-2026 @ 10:57:31 - Row :14 - Order imported successfully.
01-08-2026 @ 10:57:31 - Row :15 - Parsing item.
01-08-2026 @ 10:57:31 - Importing as new order ID:8039806012212
01-08-2026 @ 10:57:31 - Row :15 - Processing item.
01-08-2026 @ 10:57:31 - Found order object. ID:8039806012212
01-08-2026 @ 10:57:31 - Row :15 - Order imported successfully.
01-08-2026 @ 10:57:31 - Row :16 - Parsing item.
01-08-2026 @ 10:57:31 - Importing as new order ID:8039806012214
01-08-2026 @ 10:57:31 - Row :16 - Processing item.
01-08-2026 @ 10:57:31 - Found order object. ID:8039806012214
01-08-2026 @ 10:57:31 - Row :16 - Order imported successfully.
01-08-2026 @ 10:57:31 - Row :17 - Parsing item.
01-08-2026 @ 10:57:31 - Importing as new order ID:8039806012217
01-08-2026 @ 10:57:31 - Row :17 - Processing item.
01-08-2026 @ 10:57:31 - Found order object. ID:8039806012217
01-08-2026 @ 10:57:31 - Row :17 - Order imported successfully.
01-08-2026 @ 10:57:31 - Row :18 - Parsing item.
01-08-2026 @ 10:57:31 - Importing as new order ID:8039806012219
01-08-2026 @ 10:57:31 - Row :18 - Processing item.
01-08-2026 @ 10:57:32 - Found order object. ID:8039806012219
01-08-2026 @ 10:57:32 - Row :18 - Order imported successfully.
01-08-2026 @ 10:57:32 - Row :19 - Parsing item.
01-08-2026 @ 10:57:32 - Importing as new order ID:8039806012220
01-08-2026 @ 10:57:32 - Row :19 - Processing item.
01-08-2026 @ 10:57:32 - Found order object. ID:8039806012220
01-08-2026 @ 10:57:32 - Row :19 - Order imported successfully.
01-08-2026 @ 10:57:32 - Row :20 - Parsing item.
01-08-2026 @ 10:57:32 - Importing as new order ID:8039806012221
01-08-2026 @ 10:57:32 - Row :20 - Processing item.
01-08-2026 @ 10:57:32 - Found order object. ID:8039806012221
01-08-2026 @ 10:57:32 - Row :20 - Order imported successfully.
01-08-2026 @ 10:57:32 - Preparing for import.
01-08-2026 @ 10:57:32 - Row :21 - Parsing item.
01-08-2026 @ 10:57:32 - Importing as new order ID:8039806012222
01-08-2026 @ 10:57:32 - Row :21 - Processing item.
01-08-2026 @ 10:57:32 - Found order object. ID:8039806012222
01-08-2026 @ 10:57:32 - Row :21 - Order imported successfully.
01-08-2026 @ 10:57:32 - Row :22 - Parsing item.
01-08-2026 @ 10:57:32 - Importing as new order ID:8039806012223
01-08-2026 @ 10:57:32 - Row :22 - Processing item.
01-08-2026 @ 10:57:33 - Found order object. ID:8039806012223
01-08-2026 @ 10:57:33 - Row :22 - Order imported successfully.
01-08-2026 @ 10:57:33 - Row :23 - Parsing item.
01-08-2026 @ 10:57:33 - Importing as new order ID:8039806012224
01-08-2026 @ 10:57:33 - Row :23 - Processing item.
01-08-2026 @ 10:57:33 - Found order object. ID:8039806012224
01-08-2026 @ 10:57:33 - Row :23 - Order imported successfully.
01-08-2026 @ 10:57:33 - Row :24 - Parsing item.
01-08-2026 @ 10:57:33 - Importing as new order ID:8039806012225
01-08-2026 @ 10:57:33 - Row :24 - Processing item.
01-08-2026 @ 10:57:33 - Found order object. ID:8039806012225
01-08-2026 @ 10:57:33 - Row :24 - Order imported successfully.
01-08-2026 @ 10:57:33 - Row :25 - Parsing item.
01-08-2026 @ 10:57:33 - Importing as new order ID:8039806012226
01-08-2026 @ 10:57:33 - Row :25 - Processing item.
01-08-2026 @ 10:57:33 - Found order object. ID:8039806012226
01-08-2026 @ 10:57:33 - Row :25 - Order imported successfully.
01-08-2026 @ 10:57:33 - Row :26 - Parsing item.
01-08-2026 @ 10:57:33 - Importing as new order ID:8039806012227
01-08-2026 @ 10:57:33 - Row :26 - Processing item.
01-08-2026 @ 10:57:34 - Found order object. ID:8039806012227
01-08-2026 @ 10:57:34 - Row :26 - Order imported successfully.
01-08-2026 @ 10:57:34 - Row :27 - Parsing item.
01-08-2026 @ 10:57:34 - Importing as new order ID:8039806012230
01-08-2026 @ 10:57:34 - Row :27 - Processing item.
01-08-2026 @ 10:57:34 - Found order object. ID:8039806012230
01-08-2026 @ 10:57:34 - Row :27 - Order imported successfully.
01-08-2026 @ 10:57:34 - Row :28 - Parsing item.
01-08-2026 @ 10:57:34 - Importing as new order ID:8039806012231
01-08-2026 @ 10:57:34 - Row :28 - Processing item.
01-08-2026 @ 10:57:34 - Found order object. ID:8039806012231
01-08-2026 @ 10:57:34 - Row :28 - Order imported successfully.
01-08-2026 @ 10:57:34 - Row :29 - Parsing item.
01-08-2026 @ 10:57:34 - Importing as new order ID:8039806012232
01-08-2026 @ 10:57:34 - Row :29 - Processing item.
01-08-2026 @ 10:57:34 - Found order object. ID:8039806012232
01-08-2026 @ 10:57:34 - Row :29 - Order imported successfully.
01-08-2026 @ 10:57:34 - Row :30 - Parsing item.
01-08-2026 @ 10:57:34 - Importing as new order ID:8039806012233
01-08-2026 @ 10:57:34 - Row :30 - Processing item.
01-08-2026 @ 10:57:35 - Found order object. ID:8039806012233
01-08-2026 @ 10:57:35 - Row :30 - Order imported successfully.
01-08-2026 @ 10:57:35 - Preparing for import.
01-08-2026 @ 10:57:35 - Row :31 - Parsing item.
01-08-2026 @ 10:57:35 - Importing as new order ID:8039806012234
01-08-2026 @ 10:57:35 - Row :31 - Processing item.
01-08-2026 @ 10:57:35 - Found order object. ID:8039806012234
01-08-2026 @ 10:57:35 - Row :31 - Order imported successfully.
01-08-2026 @ 10:57:35 - Row :32 - Parsing item.
01-08-2026 @ 10:57:35 - Importing as new order ID:8039806012235
01-08-2026 @ 10:57:35 - Row :32 - Processing item.
01-08-2026 @ 10:57:35 - Found order object. ID:8039806012235
01-08-2026 @ 10:57:35 - Row :32 - Order imported successfully.
01-08-2026 @ 10:57:35 - Row :33 - Parsing item.
01-08-2026 @ 10:57:35 - Importing as new order ID:8039806012236
01-08-2026 @ 10:57:35 - Row :33 - Processing item.
01-08-2026 @ 10:57:35 - Found order object. ID:8039806012236
01-08-2026 @ 10:57:35 - Row :33 - Order imported successfully.
01-08-2026 @ 10:57:35 - Row :34 - Parsing item.
01-08-2026 @ 10:57:35 - Importing as new order ID:8039806012237
01-08-2026 @ 10:57:35 - Row :34 - Processing item.
01-08-2026 @ 10:57:36 - Found order object. ID:8039806012237
01-08-2026 @ 10:57:36 - Row :34 - Order imported successfully.
01-08-2026 @ 10:57:36 - Row :35 - Parsing item.
01-08-2026 @ 10:57:36 - Importing as new order ID:8039806012238
01-08-2026 @ 10:57:36 - Row :35 - Processing item.
01-08-2026 @ 10:57:36 - Found order object. ID:8039806012238
01-08-2026 @ 10:57:36 - Row :35 - Order imported successfully.
01-08-2026 @ 10:57:36 - Row :36 - Parsing item.
01-08-2026 @ 10:57:36 - Importing as new order ID:8039806012239
01-08-2026 @ 10:57:36 - Row :36 - Processing item.
01-08-2026 @ 10:57:36 - Found order object. ID:8039806012239
01-08-2026 @ 10:57:36 - Row :36 - Order imported successfully.
01-08-2026 @ 10:57:36 - Row :37 - Parsing item.
01-08-2026 @ 10:57:36 - Importing as new order ID:8039806012240
01-08-2026 @ 10:57:36 - Row :37 - Processing item.
01-08-2026 @ 10:57:36 - Found order object. ID:8039806012240
01-08-2026 @ 10:57:36 - Row :37 - Order imported successfully.
01-08-2026 @ 10:57:36 - Row :38 - Parsing item.
01-08-2026 @ 10:57:37 - Importing as new order ID:8039806012241
01-08-2026 @ 10:57:37 - Row :38 - Processing item.
01-08-2026 @ 10:57:37 - Found order object. ID:8039806012241
01-08-2026 @ 10:57:37 - Row :38 - Order imported successfully.
01-08-2026 @ 10:57:37 - Row :39 - Parsing item.
01-08-2026 @ 10:57:37 - Importing as new order ID:8039806012242
01-08-2026 @ 10:57:37 - Row :39 - Processing item.
01-08-2026 @ 10:57:37 - Found order object. ID:8039806012242
01-08-2026 @ 10:57:37 - Row :39 - Order imported successfully.
01-08-2026 @ 10:57:37 - Row :40 - Parsing item.
01-08-2026 @ 10:57:37 - Importing as new order ID:8039806012243
01-08-2026 @ 10:57:37 - Row :40 - Processing item.
01-08-2026 @ 10:57:37 - Found order object. ID:8039806012243
01-08-2026 @ 10:57:37 - Row :40 - Order imported successfully.
01-08-2026 @ 10:57:37 - Preparing for import.
01-08-2026 @ 10:57:37 - Row :41 - Parsing item.
01-08-2026 @ 10:57:37 - Importing as new order ID:8039806012244
01-08-2026 @ 10:57:37 - Row :41 - Processing item.
01-08-2026 @ 10:57:37 - Found order object. ID:8039806012244
01-08-2026 @ 10:57:38 - Row :41 - Order imported successfully.
01-08-2026 @ 10:57:38 - Row :42 - Parsing item.
01-08-2026 @ 10:57:38 - Importing as new order ID:8039806012245
01-08-2026 @ 10:57:38 - Row :42 - Processing item.
01-08-2026 @ 10:57:38 - Found order object. ID:8039806012245
01-08-2026 @ 10:57:38 - Row :42 - Order imported successfully.
01-08-2026 @ 10:57:38 - Row :43 - Parsing item.
01-08-2026 @ 10:57:38 - Importing as new order ID:8039806012246
01-08-2026 @ 10:57:38 - Row :43 - Processing item.
01-08-2026 @ 10:57:38 - Found order object. ID:8039806012246
01-08-2026 @ 10:57:38 - Row :43 - Order imported successfully.
01-08-2026 @ 10:57:38 - Row :44 - Parsing item.
01-08-2026 @ 10:57:38 - Importing as new order ID:8039806012247
01-08-2026 @ 10:57:38 - Row :44 - Processing item.
01-08-2026 @ 10:57:38 - Found order object. ID:8039806012247
01-08-2026 @ 10:57:38 - Row :44 - Order imported successfully.
01-08-2026 @ 10:57:38 - Row :45 - Parsing item.
01-08-2026 @ 10:57:38 - Importing as new order ID:8039806012248
01-08-2026 @ 10:57:38 - Row :45 - Processing item.
01-08-2026 @ 10:57:38 - Found order object. ID:8039806012248
01-08-2026 @ 10:57:39 - Row :45 - Order imported successfully.
01-08-2026 @ 10:57:39 - Row :46 - Parsing item.
01-08-2026 @ 10:57:39 - Importing as new order ID:8039806012249
01-08-2026 @ 10:57:39 - Row :46 - Processing item.
01-08-2026 @ 10:57:39 - Found order object. ID:8039806012249
01-08-2026 @ 10:57:39 - Row :46 - Order imported successfully.
01-08-2026 @ 10:57:39 - Row :47 - Parsing item.
01-08-2026 @ 10:57:39 - Importing as new order ID:8039806012250
01-08-2026 @ 10:57:39 - Row :47 - Processing item.
01-08-2026 @ 10:57:39 - Found order object. ID:8039806012250
01-08-2026 @ 10:57:39 - Row :47 - Order imported successfully.
01-08-2026 @ 10:57:39 - Row :48 - Parsing item.
01-08-2026 @ 10:57:39 - Importing as new order ID:8039806012251
01-08-2026 @ 10:57:39 - Row :48 - Processing item.
01-08-2026 @ 10:57:39 - Found order object. ID:8039806012251
01-08-2026 @ 10:57:40 - Row :48 - Order imported successfully.
01-08-2026 @ 10:57:40 - Row :49 - Parsing item.
01-08-2026 @ 10:57:40 - Importing as new order ID:8039806012252
01-08-2026 @ 10:57:40 - Row :49 - Processing item.
01-08-2026 @ 10:57:40 - Found order object. ID:8039806012252
01-08-2026 @ 10:57:40 - Row :49 - Order imported successfully.
01-08-2026 @ 10:57:40 - Row :50 - Parsing item.
01-08-2026 @ 10:57:40 - Importing as new order ID:8039806012253
01-08-2026 @ 10:57:40 - Row :50 - Processing item.
01-08-2026 @ 10:57:40 - Found order object. ID:8039806012253
01-08-2026 @ 10:57:40 - Row :50 - Order imported successfully.
01-08-2026 @ 10:57:40 - Preparing for import.
01-08-2026 @ 10:57:40 - Row :51 - Parsing item.
01-08-2026 @ 10:57:40 - Importing as new order ID:8039806012254
01-08-2026 @ 10:57:40 - Row :51 - Processing item.
01-08-2026 @ 10:57:40 - Found order object. ID:8039806012254
01-08-2026 @ 10:57:41 - Row :51 - Order imported successfully.
01-08-2026 @ 10:57:41 - Row :52 - Parsing item.
01-08-2026 @ 10:57:41 - Importing as new order ID:8039806012255
01-08-2026 @ 10:57:41 - Row :52 - Processing item.
01-08-2026 @ 10:57:41 - Found order object. ID:8039806012255
01-08-2026 @ 10:57:41 - Row :52 - Order imported successfully.
01-08-2026 @ 10:57:41 - Row :53 - Parsing item.
01-08-2026 @ 10:57:41 - Importing as new order ID:8039806012257
01-08-2026 @ 10:57:41 - Row :53 - Processing item.
01-08-2026 @ 10:57:41 - Found order object. ID:8039806012257
01-08-2026 @ 10:57:41 - Row :53 - Order imported successfully.
01-08-2026 @ 10:57:41 - Row :54 - Parsing item.
01-08-2026 @ 10:57:41 - Importing as new order ID:8039806012259
01-08-2026 @ 10:57:41 - Row :54 - Processing item.
01-08-2026 @ 10:57:41 - Found order object. ID:8039806012259
01-08-2026 @ 10:57:41 - Row :54 - Order imported successfully.
01-08-2026 @ 10:57:41 - Row :55 - Parsing item.
01-08-2026 @ 10:57:41 - Importing as new order ID:8039806012260
01-08-2026 @ 10:57:41 - Row :55 - Processing item.
01-08-2026 @ 10:57:41 - Found order object. ID:8039806012260
01-08-2026 @ 10:57:42 - Row :55 - Order imported successfully.
01-08-2026 @ 10:57:42 - Row :56 - Parsing item.
01-08-2026 @ 10:57:42 - Importing as new order ID:8039806012261
01-08-2026 @ 10:57:42 - Row :56 - Processing item.
01-08-2026 @ 10:57:42 - Found order object. ID:8039806012261
01-08-2026 @ 10:57:42 - Row :56 - Order imported successfully.
01-08-2026 @ 10:57:42 - Row :57 - Parsing item.
01-08-2026 @ 10:57:42 - Importing as new order ID:8039806012262
01-08-2026 @ 10:57:42 - Row :57 - Processing item.
01-08-2026 @ 10:57:42 - Found order object. ID:8039806012262
01-08-2026 @ 10:57:42 - Row :57 - Order imported successfully.
01-08-2026 @ 10:57:42 - Row :58 - Parsing item.
01-08-2026 @ 10:57:42 - Importing as new order ID:8039806012263
01-08-2026 @ 10:57:42 - Row :58 - Processing item.
01-08-2026 @ 10:57:43 - Found order object. ID:8039806012263
01-08-2026 @ 10:57:43 - Row :58 - Order imported successfully.
01-08-2026 @ 10:57:43 - Row :59 - Parsing item.
01-08-2026 @ 10:57:43 - Importing as new order ID:8039806012264
01-08-2026 @ 10:57:43 - Row :59 - Processing item.
01-08-2026 @ 10:57:43 - Found order object. ID:8039806012264
01-08-2026 @ 10:57:43 - Row :59 - Order imported successfully.
01-08-2026 @ 10:57:43 - Row :60 - Parsing item.
01-08-2026 @ 10:57:43 - Importing as new order ID:8039806012265
01-08-2026 @ 10:57:43 - Row :60 - Processing item.
01-08-2026 @ 10:57:43 - Found order object. ID:8039806012265
01-08-2026 @ 10:57:44 - Row :60 - Order imported successfully.
01-08-2026 @ 10:57:44 - Preparing for import.
01-08-2026 @ 10:57:44 - Row :61 - Parsing item.
01-08-2026 @ 10:57:44 - Importing as new order ID:8039806012266
01-08-2026 @ 10:57:44 - Row :61 - Processing item.
01-08-2026 @ 10:57:44 - Found order object. ID:8039806012266
01-08-2026 @ 10:57:44 - Row :61 - Order imported successfully.
01-08-2026 @ 10:57:44 - Row :62 - Parsing item.
01-08-2026 @ 10:57:44 - Importing as new order ID:8039806012267
01-08-2026 @ 10:57:44 - Row :62 - Processing item.
01-08-2026 @ 10:57:44 - Found order object. ID:8039806012267
01-08-2026 @ 10:57:44 - Row :62 - Order imported successfully.
01-08-2026 @ 10:57:44 - Row :63 - Parsing item.
01-08-2026 @ 10:57:44 - Importing as new order ID:8039806012268
01-08-2026 @ 10:57:44 - Row :63 - Processing item.
01-08-2026 @ 10:57:44 - Found order object. ID:8039806012268
01-08-2026 @ 10:57:45 - Row :63 - Order imported successfully.
01-08-2026 @ 10:57:45 - Row :64 - Parsing item.
01-08-2026 @ 10:57:45 - Importing as new order ID:8039806012269
01-08-2026 @ 10:57:45 - Row :64 - Processing item.
01-08-2026 @ 10:57:45 - Found order object. ID:8039806012269
01-08-2026 @ 10:57:45 - Row :64 - Order imported successfully.
01-08-2026 @ 10:57:45 - Row :65 - Parsing item.
01-08-2026 @ 10:57:45 - Importing as new order ID:8039806012270
01-08-2026 @ 10:57:45 - Row :65 - Processing item.
01-08-2026 @ 10:57:45 - Found order object. ID:8039806012270
01-08-2026 @ 10:57:45 - Row :65 - Order imported successfully.
01-08-2026 @ 10:57:45 - Row :66 - Parsing item.
01-08-2026 @ 10:57:45 - Importing as new order ID:8039806012271
01-08-2026 @ 10:57:45 - Row :66 - Processing item.
01-08-2026 @ 10:57:45 - Found order object. ID:8039806012271
01-08-2026 @ 10:57:45 - Row :66 - Order imported successfully.
01-08-2026 @ 10:57:45 - Row :67 - Parsing item.
01-08-2026 @ 10:57:45 - Importing as new order ID:8039806012272
01-08-2026 @ 10:57:45 - Row :67 - Processing item.
01-08-2026 @ 10:57:46 - Found order object. ID:8039806012272
01-08-2026 @ 10:57:46 - Row :67 - Order imported successfully.
01-08-2026 @ 10:57:46 - Row :68 - Parsing item.
01-08-2026 @ 10:57:46 - Importing as new order ID:8039806012273
01-08-2026 @ 10:57:46 - Row :68 - Processing item.
01-08-2026 @ 10:57:46 - Found order object. ID:8039806012273
01-08-2026 @ 10:57:46 - Row :68 - Order imported successfully.
01-08-2026 @ 10:57:46 - Row :69 - Parsing item.
01-08-2026 @ 10:57:46 - Importing as new order ID:8039806012274
01-08-2026 @ 10:57:46 - Row :69 - Processing item.
01-08-2026 @ 10:57:46 - Found order object. ID:8039806012274
01-08-2026 @ 10:57:46 - Row :69 - Order imported successfully.
01-08-2026 @ 10:57:46 - Row :70 - Parsing item.
01-08-2026 @ 10:57:46 - Importing as new order ID:8039806012275
01-08-2026 @ 10:57:46 - Row :70 - Processing item.
01-08-2026 @ 10:57:46 - Found order object. ID:8039806012275
01-08-2026 @ 10:57:46 - Row :70 - Order imported successfully.
01-08-2026 @ 10:57:46 - Preparing for import.
01-08-2026 @ 10:57:46 - Row :71 - Parsing item.
01-08-2026 @ 10:57:46 - Importing as new order ID:8039806012276
01-08-2026 @ 10:57:46 - Row :71 - Processing item.
01-08-2026 @ 10:57:47 - Found order object. ID:8039806012276
01-08-2026 @ 10:57:47 - Row :71 - Order imported successfully.
01-08-2026 @ 10:57:47 - Row :72 - Parsing item.
01-08-2026 @ 10:57:47 - Importing as new order ID:8039806012277
01-08-2026 @ 10:57:47 - Row :72 - Processing item.
01-08-2026 @ 10:57:47 - Found order object. ID:8039806012277
01-08-2026 @ 10:57:47 - Row :72 - Order imported successfully.
01-08-2026 @ 10:57:47 - Row :73 - Parsing item.
01-08-2026 @ 10:57:47 - Importing as new order ID:8039806012278
01-08-2026 @ 10:57:47 - Row :73 - Processing item.
01-08-2026 @ 10:57:47 - Found order object. ID:8039806012278
01-08-2026 @ 10:57:47 - Row :73 - Order imported successfully.
01-08-2026 @ 10:57:47 - Row :74 - Parsing item.
01-08-2026 @ 10:57:47 - Importing as new order ID:8039806012279
01-08-2026 @ 10:57:47 - Row :74 - Processing item.
01-08-2026 @ 10:57:47 - Found order object. ID:8039806012279
01-08-2026 @ 10:57:48 - Row :74 - Order imported successfully.
01-08-2026 @ 10:57:48 - Row :75 - Parsing item.
01-08-2026 @ 10:57:48 - Importing as new order ID:8039806012280
01-08-2026 @ 10:57:48 - Row :75 - Processing item.
01-08-2026 @ 10:57:48 - Found order object. ID:8039806012280
01-08-2026 @ 10:57:48 - Row :75 - Order imported successfully.
01-08-2026 @ 10:57:48 - Row :76 - Parsing item.
01-08-2026 @ 10:57:48 - Importing as new order ID:8039806012281
01-08-2026 @ 10:57:48 - Row :76 - Processing item.
01-08-2026 @ 10:57:48 - Found order object. ID:8039806012281
01-08-2026 @ 10:57:48 - Row :76 - Order imported successfully.
01-08-2026 @ 10:57:48 - Row :77 - Parsing item.
01-08-2026 @ 10:57:48 - Importing as new order ID:8039806012282
01-08-2026 @ 10:57:48 - Row :77 - Processing item.
01-08-2026 @ 10:57:48 - Found order object. ID:8039806012282
01-08-2026 @ 10:57:48 - Row :77 - Order imported successfully.
01-08-2026 @ 10:57:48 - Row :78 - Parsing item.
01-08-2026 @ 10:57:48 - Importing as new order ID:8039806012283
01-08-2026 @ 10:57:48 - Row :78 - Processing item.
01-08-2026 @ 10:57:48 - Found order object. ID:8039806012283
01-08-2026 @ 10:57:49 - Row :78 - Order imported successfully.
01-08-2026 @ 10:57:49 - Row :79 - Parsing item.
01-08-2026 @ 10:57:49 - Importing as new order ID:8039806012284
01-08-2026 @ 10:57:49 - Row :79 - Processing item.
01-08-2026 @ 10:57:49 - Found order object. ID:8039806012284
01-08-2026 @ 10:57:49 - Row :79 - Order imported successfully.
01-08-2026 @ 10:57:49 - Row :80 - Parsing item.
01-08-2026 @ 10:57:49 - Importing as new order ID:8039806012285
01-08-2026 @ 10:57:49 - Row :80 - Processing item.
01-08-2026 @ 10:57:49 - Found order object. ID:8039806012285
01-08-2026 @ 10:57:49 - Row :80 - Order imported successfully.
01-08-2026 @ 10:57:49 - Preparing for import.
01-08-2026 @ 10:57:49 - Row :81 - Parsing item.
01-08-2026 @ 10:57:49 - Importing as new order ID:8039806012286
01-08-2026 @ 10:57:49 - Row :81 - Processing item.
01-08-2026 @ 10:57:49 - Found order object. ID:8039806012286
01-08-2026 @ 10:57:49 - Row :81 - Order imported successfully.
01-08-2026 @ 10:57:49 - Row :82 - Parsing item.
01-08-2026 @ 10:57:49 - Importing as new order ID:8039806012287
01-08-2026 @ 10:57:49 - Row :82 - Processing item.
01-08-2026 @ 10:57:50 - Found order object. ID:8039806012287
01-08-2026 @ 10:57:50 - Row :82 - Order imported successfully.
01-08-2026 @ 10:57:50 - Row :83 - Parsing item.
01-08-2026 @ 10:57:50 - Importing as new order ID:8039806012288
01-08-2026 @ 10:57:50 - Row :83 - Processing item.
01-08-2026 @ 10:57:50 - Found order object. ID:8039806012288
01-08-2026 @ 10:57:50 - Row :83 - Order imported successfully.
01-08-2026 @ 10:57:50 - Row :84 - Parsing item.
01-08-2026 @ 10:57:50 - Importing as new order ID:8039806012289
01-08-2026 @ 10:57:50 - Row :84 - Processing item.
01-08-2026 @ 10:57:50 - Found order object. ID:8039806012289
01-08-2026 @ 10:57:50 - Row :84 - Order imported successfully.
01-08-2026 @ 10:57:50 - Row :85 - Parsing item.
01-08-2026 @ 10:57:50 - Importing as new order ID:8039806012290
01-08-2026 @ 10:57:50 - Row :85 - Processing item.
01-08-2026 @ 10:57:50 - Found order object. ID:8039806012290
01-08-2026 @ 10:57:50 - Row :85 - Order imported successfully.
01-08-2026 @ 10:57:50 - Row :86 - Parsing item.
01-08-2026 @ 10:57:50 - Importing as new order ID:8039806012291
01-08-2026 @ 10:57:50 - Row :86 - Processing item.
01-08-2026 @ 10:57:51 - Found order object. ID:8039806012291
01-08-2026 @ 10:57:51 - Row :86 - Order imported successfully.
01-08-2026 @ 10:57:51 - Row :87 - Parsing item.
01-08-2026 @ 10:57:51 - Importing as new order ID:8039806012292
01-08-2026 @ 10:57:51 - Row :87 - Processing item.
01-08-2026 @ 10:57:51 - Found order object. ID:8039806012292
01-08-2026 @ 10:57:51 - Row :87 - Order imported successfully.
01-08-2026 @ 10:57:51 - Row :88 - Parsing item.
01-08-2026 @ 10:57:51 - Importing as new order ID:8039806012293
01-08-2026 @ 10:57:51 - Row :88 - Processing item.
01-08-2026 @ 10:57:51 - Found order object. ID:8039806012293
01-08-2026 @ 10:57:51 - Row :88 - Order imported successfully.
01-08-2026 @ 10:57:51 - Row :89 - Parsing item.
01-08-2026 @ 10:57:51 - Importing as new order ID:8039806012294
01-08-2026 @ 10:57:51 - Row :89 - Processing item.
01-08-2026 @ 10:57:51 - Found order object. ID:8039806012294
01-08-2026 @ 10:57:51 - Row :89 - Order imported successfully.
01-08-2026 @ 10:57:51 - Row :90 - Parsing item.
01-08-2026 @ 10:57:51 - Importing as new order ID:8039806012295
01-08-2026 @ 10:57:51 - Row :90 - Processing item.
01-08-2026 @ 10:57:52 - Found order object. ID:8039806012295
01-08-2026 @ 10:57:52 - Row :90 - Order imported successfully.
01-08-2026 @ 10:57:52 - Preparing for import.
01-08-2026 @ 10:57:52 - Row :91 - Parsing item.
01-08-2026 @ 10:57:52 - Importing as new order ID:8039806012296
01-08-2026 @ 10:57:52 - Row :91 - Processing item.
01-08-2026 @ 10:57:52 - Found order object. ID:8039806012296
01-08-2026 @ 10:57:52 - Row :91 - Order imported successfully.
01-08-2026 @ 10:57:52 - Row :92 - Parsing item.
01-08-2026 @ 10:57:52 - Importing as new order ID:8039806012297
01-08-2026 @ 10:57:52 - Row :92 - Processing item.
01-08-2026 @ 10:57:52 - Found order object. ID:8039806012297
01-08-2026 @ 10:57:52 - Row :92 - Order imported successfully.
01-08-2026 @ 10:57:52 - Row :93 - Parsing item.
01-08-2026 @ 10:57:52 - Importing as new order ID:8039806012298
01-08-2026 @ 10:57:52 - Row :93 - Processing item.
01-08-2026 @ 10:57:52 - Found order object. ID:8039806012298
01-08-2026 @ 10:57:52 - Row :93 - Order imported successfully.
01-08-2026 @ 10:57:52 - Row :94 - Parsing item.
01-08-2026 @ 10:57:52 - Importing as new order ID:8039806012299
01-08-2026 @ 10:57:52 - Row :94 - Processing item.
01-08-2026 @ 10:57:53 - Found order object. ID:8039806012299
01-08-2026 @ 10:57:53 - Row :94 - Order imported successfully.
01-08-2026 @ 10:57:53 - Row :95 - Parsing item.
01-08-2026 @ 10:57:53 - Importing as new order ID:8039806012300
01-08-2026 @ 10:57:53 - Row :95 - Processing item.
01-08-2026 @ 10:57:53 - Found order object. ID:8039806012300
01-08-2026 @ 10:57:53 - Row :95 - Order imported successfully.
01-08-2026 @ 10:57:53 - Row :96 - Parsing item.
01-08-2026 @ 10:57:53 - Importing as new order ID:8039806012301
01-08-2026 @ 10:57:53 - Row :96 - Processing item.
01-08-2026 @ 10:57:53 - Found order object. ID:8039806012301
01-08-2026 @ 10:57:53 - Row :96 - Order imported successfully.
01-08-2026 @ 10:57:53 - Row :97 - Parsing item.
01-08-2026 @ 10:57:53 - Importing as new order ID:8039806012302
01-08-2026 @ 10:57:53 - Row :97 - Processing item.
01-08-2026 @ 10:57:53 - Found order object. ID:8039806012302
01-08-2026 @ 10:57:53 - Row :97 - Order imported successfully.
01-08-2026 @ 10:57:53 - Row :98 - Parsing item.
01-08-2026 @ 10:57:53 - Importing as new order ID:8039806012303
01-08-2026 @ 10:57:53 - Row :98 - Processing item.
01-08-2026 @ 10:57:54 - Found order object. ID:8039806012303
01-08-2026 @ 10:57:54 - Row :98 - Order imported successfully.
01-08-2026 @ 10:57:54 - Row :99 - Parsing item.
01-08-2026 @ 10:57:54 - Importing as new order ID:8039806012304
01-08-2026 @ 10:57:54 - Row :99 - Processing item.
01-08-2026 @ 10:57:54 - Found order object. ID:8039806012304
01-08-2026 @ 10:57:54 - Row :99 - Order imported successfully.
01-08-2026 @ 10:57:54 - Row :100 - Parsing item.
01-08-2026 @ 10:57:54 - Importing as new order ID:8039806012305
01-08-2026 @ 10:57:54 - Row :100 - Processing item.
01-08-2026 @ 10:57:54 - Found order object. ID:8039806012305
01-08-2026 @ 10:57:54 - Row :100 - Order imported successfully.
01-08-2026 @ 10:57:54 - Preparing for import.
01-08-2026 @ 10:57:54 - Row :101 - Parsing item.
01-08-2026 @ 10:57:54 - Importing as new order ID:8039806012306
01-08-2026 @ 10:57:54 - Row :101 - Processing item.
01-08-2026 @ 10:57:54 - Found order object. ID:8039806012306
01-08-2026 @ 10:57:55 - Row :101 - Order imported successfully.
01-08-2026 @ 10:57:55 - Row :102 - Parsing item.
01-08-2026 @ 10:57:55 - Importing as new order ID:8039806012307
01-08-2026 @ 10:57:55 - Row :102 - Processing item.
01-08-2026 @ 10:57:55 - Found order object. ID:8039806012307
01-08-2026 @ 10:57:55 - Row :102 - Order imported successfully.
01-08-2026 @ 10:57:55 - Row :103 - Parsing item.
01-08-2026 @ 10:57:55 - Importing as new order ID:8039806012308
01-08-2026 @ 10:57:55 - Row :103 - Processing item.
01-08-2026 @ 10:57:55 - Found order object. ID:8039806012308
01-08-2026 @ 10:57:55 - Row :103 - Order imported successfully.
01-08-2026 @ 10:57:55 - Row :104 - Parsing item.
01-08-2026 @ 10:57:55 - Importing as new order ID:8039806012309
01-08-2026 @ 10:57:55 - Row :104 - Processing item.
01-08-2026 @ 10:57:55 - Found order object. ID:8039806012309
01-08-2026 @ 10:57:55 - Row :104 - Order imported successfully.
01-08-2026 @ 10:57:55 - Row :105 - Parsing item.
01-08-2026 @ 10:57:55 - Importing as new order ID:8039806012310
01-08-2026 @ 10:57:55 - Row :105 - Processing item.
01-08-2026 @ 10:57:56 - Found order object. ID:8039806012310
01-08-2026 @ 10:57:56 - Row :105 - Order imported successfully.
01-08-2026 @ 10:57:56 - Row :106 - Parsing item.
01-08-2026 @ 10:57:56 - Importing as new order ID:8039806012311
01-08-2026 @ 10:57:56 - Row :106 - Processing item.
01-08-2026 @ 10:57:56 - Found order object. ID:8039806012311
01-08-2026 @ 10:57:56 - Row :106 - Order imported successfully.
01-08-2026 @ 10:57:56 - Row :107 - Parsing item.
01-08-2026 @ 10:57:56 - Importing as new order ID:8039806012312
01-08-2026 @ 10:57:56 - Row :107 - Processing item.
01-08-2026 @ 10:57:56 - Found order object. ID:8039806012312
01-08-2026 @ 10:57:56 - Row :107 - Order imported successfully.
01-08-2026 @ 10:57:56 - Row :108 - Parsing item.
01-08-2026 @ 10:57:56 - Importing as new order ID:8039806012313
01-08-2026 @ 10:57:56 - Row :108 - Processing item.
01-08-2026 @ 10:57:56 - Found order object. ID:8039806012313
01-08-2026 @ 10:57:56 - Row :108 - Order imported successfully.
01-08-2026 @ 10:57:56 - Row :109 - Parsing item.
01-08-2026 @ 10:57:56 - Importing as new order ID:8039806012314
01-08-2026 @ 10:57:56 - Row :109 - Processing item.
01-08-2026 @ 10:57:57 - Found order object. ID:8039806012314
01-08-2026 @ 10:57:57 - Row :109 - Order imported successfully.
01-08-2026 @ 10:57:57 - Row :110 - Parsing item.
01-08-2026 @ 10:57:57 - Importing as new order ID:8039806012315
01-08-2026 @ 10:57:57 - Row :110 - Processing item.
01-08-2026 @ 10:57:57 - Found order object. ID:8039806012315
01-08-2026 @ 10:57:57 - Row :110 - Order imported successfully.
01-08-2026 @ 10:57:58 - Preparing for import.
01-08-2026 @ 10:57:58 - Row :111 - Parsing item.
01-08-2026 @ 10:57:58 - Importing as new order ID:8039806012316
01-08-2026 @ 10:57:58 - Row :111 - Processing item.
01-08-2026 @ 10:57:58 - Found order object. ID:8039806012316
01-08-2026 @ 10:57:58 - Row :111 - Order imported successfully.
01-08-2026 @ 10:57:58 - Row :112 - Parsing item.
01-08-2026 @ 10:57:58 - Importing as new order ID:8039806012317
01-08-2026 @ 10:57:58 - Row :112 - Processing item.
01-08-2026 @ 10:57:59 - Found order object. ID:8039806012317
01-08-2026 @ 10:57:59 - Row :112 - Order imported successfully.
01-08-2026 @ 10:57:59 - Row :113 - Parsing item.
01-08-2026 @ 10:57:59 - Importing as new order ID:8039806012318
01-08-2026 @ 10:57:59 - Row :113 - Processing item.
01-08-2026 @ 10:57:59 - Found order object. ID:8039806012318
01-08-2026 @ 10:57:59 - Row :113 - Order imported successfully.
01-08-2026 @ 10:57:59 - Row :114 - Parsing item.
01-08-2026 @ 10:57:59 - Importing as new order ID:8039806012319
01-08-2026 @ 10:57:59 - Row :114 - Processing item.
01-08-2026 @ 10:57:59 - Found order object. ID:8039806012319
01-08-2026 @ 10:57:59 - Row :114 - Order imported successfully.
01-08-2026 @ 10:57:59 - Row :115 - Parsing item.
01-08-2026 @ 10:57:59 - Importing as new order ID:8039806012320
01-08-2026 @ 10:57:59 - Row :115 - Processing item.
01-08-2026 @ 10:57:59 - Found order object. ID:8039806012320
01-08-2026 @ 10:57:59 - Row :115 - Order imported successfully.
01-08-2026 @ 10:57:59 - Row :116 - Parsing item.
01-08-2026 @ 10:57:59 - Importing as new order ID:8039806012321
01-08-2026 @ 10:57:59 - Row :116 - Processing item.
01-08-2026 @ 10:58:00 - Found order object. ID:8039806012321
01-08-2026 @ 10:58:00 - Row :116 - Order imported successfully.
01-08-2026 @ 10:58:00 - Row :117 - Parsing item.
01-08-2026 @ 10:58:00 - Importing as new order ID:8039806012322
01-08-2026 @ 10:58:00 - Row :117 - Processing item.
01-08-2026 @ 10:58:00 - Found order object. ID:8039806012322
01-08-2026 @ 10:58:00 - Row :117 - Order imported successfully.
01-08-2026 @ 10:58:00 - Row :118 - Parsing item.
01-08-2026 @ 10:58:00 - Importing as new order ID:8039806012323
01-08-2026 @ 10:58:00 - Row :118 - Processing item.
01-08-2026 @ 10:58:00 - Found order object. ID:8039806012323
01-08-2026 @ 10:58:00 - Row :118 - Order imported successfully.
01-08-2026 @ 10:58:00 - Row :119 - Parsing item.
01-08-2026 @ 10:58:00 - Importing as new order ID:8039806012324
01-08-2026 @ 10:58:00 - Row :119 - Processing item.
01-08-2026 @ 10:58:00 - Found order object. ID:8039806012324
01-08-2026 @ 10:58:00 - Row :119 - Order imported successfully.
01-08-2026 @ 10:58:00 - Row :120 - Parsing item.
01-08-2026 @ 10:58:00 - Importing as new order ID:8039806012325
01-08-2026 @ 10:58:00 - Row :120 - Processing item.
01-08-2026 @ 10:58:01 - Found order object. ID:8039806012325
01-08-2026 @ 10:58:01 - Row :120 - Order imported successfully.
01-08-2026 @ 10:58:01 - Preparing for import.
01-08-2026 @ 10:58:01 - Row :121 - Parsing item.
01-08-2026 @ 10:58:01 - Importing as new order ID:8039806012326
01-08-2026 @ 10:58:01 - Row :121 - Processing item.
01-08-2026 @ 10:58:01 - Found order object. ID:8039806012326
01-08-2026 @ 10:58:01 - Row :121 - Order imported successfully.
01-08-2026 @ 10:58:01 - Row :122 - Parsing item.
01-08-2026 @ 10:58:01 - Importing as new order ID:8039806012327
01-08-2026 @ 10:58:01 - Row :122 - Processing item.
01-08-2026 @ 10:58:02 - Found order object. ID:8039806012327
01-08-2026 @ 10:58:02 - Row :122 - Order imported successfully.
01-08-2026 @ 10:58:02 - Row :123 - Parsing item.
01-08-2026 @ 10:58:02 - Importing as new order ID:8039806012328
01-08-2026 @ 10:58:02 - Row :123 - Processing item.
01-08-2026 @ 10:58:02 - Found order object. ID:8039806012328
01-08-2026 @ 10:58:02 - Row :123 - Order imported successfully.
01-08-2026 @ 10:58:02 - Row :124 - Parsing item.
01-08-2026 @ 10:58:02 - Importing as new order ID:8039806012329
01-08-2026 @ 10:58:02 - Row :124 - Processing item.
01-08-2026 @ 10:58:02 - Found order object. ID:8039806012329
01-08-2026 @ 10:58:02 - Row :124 - Order imported successfully.
01-08-2026 @ 10:58:02 - Row :125 - Parsing item.
01-08-2026 @ 10:58:02 - Importing as new order ID:8039806012330
01-08-2026 @ 10:58:02 - Row :125 - Processing item.
01-08-2026 @ 10:58:02 - Found order object. ID:8039806012330
01-08-2026 @ 10:58:02 - Row :125 - Order imported successfully.
01-08-2026 @ 10:58:02 - Row :126 - Parsing item.
01-08-2026 @ 10:58:02 - Importing as new order ID:8039806012331
01-08-2026 @ 10:58:02 - Row :126 - Processing item.
01-08-2026 @ 10:58:03 - Found order object. ID:8039806012331
01-08-2026 @ 10:58:03 - Row :126 - Order imported successfully.
01-08-2026 @ 10:58:03 - Row :127 - Parsing item.
01-08-2026 @ 10:58:03 - Importing as new order ID:8039806012332
01-08-2026 @ 10:58:03 - Row :127 - Processing item.
01-08-2026 @ 10:58:03 - Found order object. ID:8039806012332
01-08-2026 @ 10:58:03 - Row :127 - Order imported successfully.
01-08-2026 @ 10:58:03 - Row :128 - Parsing item.
01-08-2026 @ 10:58:03 - Importing as new order ID:8039806012333
01-08-2026 @ 10:58:03 - Row :128 - Processing item.
01-08-2026 @ 10:58:03 - Found order object. ID:8039806012333
01-08-2026 @ 10:58:03 - Row :128 - Order imported successfully.
01-08-2026 @ 10:58:03 - Row :129 - Parsing item.
01-08-2026 @ 10:58:03 - Importing as new order ID:8039806012334
01-08-2026 @ 10:58:03 - Row :129 - Processing item.
01-08-2026 @ 10:58:03 - Found order object. ID:8039806012334
01-08-2026 @ 10:58:04 - Row :129 - Order imported successfully.
01-08-2026 @ 10:58:04 - Row :130 - Parsing item.
01-08-2026 @ 10:58:04 - Importing as new order ID:8039806012335
01-08-2026 @ 10:58:04 - Row :130 - Processing item.
01-08-2026 @ 10:58:04 - Found order object. ID:8039806012335
01-08-2026 @ 10:58:04 - Row :130 - Order imported successfully.
01-08-2026 @ 10:58:04 - Preparing for import.
01-08-2026 @ 10:58:04 - Row :131 - Parsing item.
01-08-2026 @ 10:58:04 - Importing as new order ID:8039806012336
01-08-2026 @ 10:58:04 - Row :131 - Processing item.
01-08-2026 @ 10:58:04 - Found order object. ID:8039806012336
01-08-2026 @ 10:58:04 - Row :131 - Order imported successfully.
01-08-2026 @ 10:58:04 - Row :132 - Parsing item.
01-08-2026 @ 10:58:04 - Importing as new order ID:8039806012337
01-08-2026 @ 10:58:04 - Row :132 - Processing item.
01-08-2026 @ 10:58:05 - Found order object. ID:8039806012337
01-08-2026 @ 10:58:05 - Row :132 - Order imported successfully.
01-08-2026 @ 10:58:05 - Row :133 - Parsing item.
01-08-2026 @ 10:58:05 - Importing as new order ID:8039806012338
01-08-2026 @ 10:58:05 - Row :133 - Processing item.
01-08-2026 @ 10:58:05 - Found order object. ID:8039806012338
01-08-2026 @ 10:58:05 - Row :133 - Order imported successfully.
01-08-2026 @ 10:58:05 - Row :134 - Parsing item.
01-08-2026 @ 10:58:05 - Importing as new order ID:8039806012339
01-08-2026 @ 10:58:05 - Row :134 - Processing item.
01-08-2026 @ 10:58:05 - Found order object. ID:8039806012339
01-08-2026 @ 10:58:05 - Row :134 - Order imported successfully.
01-08-2026 @ 10:58:05 - Row :135 - Parsing item.
01-08-2026 @ 10:58:05 - Importing as new order ID:8039806012340
01-08-2026 @ 10:58:05 - Row :135 - Processing item.
01-08-2026 @ 10:58:05 - Found order object. ID:8039806012340
01-08-2026 @ 10:58:05 - Row :135 - Order imported successfully.
01-08-2026 @ 10:58:05 - Row :136 - Parsing item.
01-08-2026 @ 10:58:05 - Importing as new order ID:8039806012341
01-08-2026 @ 10:58:05 - Row :136 - Processing item.
01-08-2026 @ 10:58:06 - Found order object. ID:8039806012341
01-08-2026 @ 10:58:06 - Row :136 - Order imported successfully.
01-08-2026 @ 10:58:06 - Row :137 - Parsing item.
01-08-2026 @ 10:58:06 - Importing as new order ID:8039806012342
01-08-2026 @ 10:58:06 - Row :137 - Processing item.
01-08-2026 @ 10:58:06 - Found order object. ID:8039806012342
01-08-2026 @ 10:58:06 - Row :137 - Order imported successfully.
01-08-2026 @ 10:58:06 - Row :138 - Parsing item.
01-08-2026 @ 10:58:06 - Importing as new order ID:8039806012343
01-08-2026 @ 10:58:06 - Row :138 - Processing item.
01-08-2026 @ 10:58:06 - Found order object. ID:8039806012343
01-08-2026 @ 10:58:06 - Row :138 - Order imported successfully.
01-08-2026 @ 10:58:06 - Row :139 - Parsing item.
01-08-2026 @ 10:58:06 - Importing as new order ID:8039806012344
01-08-2026 @ 10:58:06 - Row :139 - Processing item.
01-08-2026 @ 10:58:06 - Found order object. ID:8039806012344
01-08-2026 @ 10:58:07 - Row :139 - Order imported successfully.
01-08-2026 @ 10:58:07 - Row :140 - Parsing item.
01-08-2026 @ 10:58:07 - Importing as new order ID:8039806012345
01-08-2026 @ 10:58:07 - Row :140 - Processing item.
01-08-2026 @ 10:58:07 - Found order object. ID:8039806012345
01-08-2026 @ 10:58:07 - Row :140 - Order imported successfully.
01-08-2026 @ 10:58:07 - Preparing for import.
01-08-2026 @ 10:58:07 - Row :141 - Parsing item.
01-08-2026 @ 10:58:07 - Importing as new order ID:8039806012346
01-08-2026 @ 10:58:07 - Row :141 - Processing item.
01-08-2026 @ 10:58:07 - Found order object. ID:8039806012346
01-08-2026 @ 10:58:07 - Row :141 - Order imported successfully.
01-08-2026 @ 10:58:07 - Row :142 - Parsing item.
01-08-2026 @ 10:58:07 - Importing as new order ID:8039806012347
01-08-2026 @ 10:58:07 - Row :142 - Processing item.
01-08-2026 @ 10:58:07 - Found order object. ID:8039806012347
01-08-2026 @ 10:58:07 - Row :142 - Order imported successfully.
01-08-2026 @ 10:58:07 - Row :143 - Parsing item.
01-08-2026 @ 10:58:07 - Importing as new order ID:8039806012348
01-08-2026 @ 10:58:07 - Row :143 - Processing item.
01-08-2026 @ 10:58:08 - Found order object. ID:8039806012348
01-08-2026 @ 10:58:08 - Row :143 - Order imported successfully.
01-08-2026 @ 10:58:08 - Row :144 - Parsing item.
01-08-2026 @ 10:58:08 - Importing as new order ID:8039806012349
01-08-2026 @ 10:58:08 - Row :144 - Processing item.
01-08-2026 @ 10:58:08 - Found order object. ID:8039806012349
01-08-2026 @ 10:58:08 - Row :144 - Order imported successfully.
01-08-2026 @ 10:58:08 - Row :145 - Parsing item.
01-08-2026 @ 10:58:08 - Importing as new order ID:8039806012350
01-08-2026 @ 10:58:08 - Row :145 - Processing item.
01-08-2026 @ 10:58:08 - Found order object. ID:8039806012350
01-08-2026 @ 10:58:08 - Row :145 - Order imported successfully.
01-08-2026 @ 10:58:08 - Row :146 - Parsing item.
01-08-2026 @ 10:58:08 - Importing as new order ID:8039806012351
01-08-2026 @ 10:58:08 - Row :146 - Processing item.
01-08-2026 @ 10:58:08 - Found order object. ID:8039806012351
01-08-2026 @ 10:58:08 - Row :146 - Order imported successfully.
01-08-2026 @ 10:58:08 - Row :147 - Parsing item.
01-08-2026 @ 10:58:08 - Importing as new order ID:8039806012352
01-08-2026 @ 10:58:08 - Row :147 - Processing item.
01-08-2026 @ 10:58:09 - Found order object. ID:8039806012352
01-08-2026 @ 10:58:09 - Row :147 - Order imported successfully.
01-08-2026 @ 10:58:09 - Row :148 - Parsing item.
01-08-2026 @ 10:58:09 - Importing as new order ID:8039806012353
01-08-2026 @ 10:58:09 - Row :148 - Processing item.
01-08-2026 @ 10:58:09 - Found order object. ID:8039806012353
01-08-2026 @ 10:58:09 - Row :148 - Order imported successfully.
01-08-2026 @ 10:58:09 - Row :149 - Parsing item.
01-08-2026 @ 10:58:09 - Importing as new order ID:8039806012354
01-08-2026 @ 10:58:09 - Row :149 - Processing item.
01-08-2026 @ 10:58:09 - Found order object. ID:8039806012354
01-08-2026 @ 10:58:09 - Row :149 - Order imported successfully.
01-08-2026 @ 10:58:09 - Row :150 - Parsing item.
01-08-2026 @ 10:58:09 - Importing as new order ID:8039806012355
01-08-2026 @ 10:58:09 - Row :150 - Processing item.
01-08-2026 @ 10:58:09 - Found order object. ID:8039806012355
01-08-2026 @ 10:58:09 - Row :150 - Order imported successfully.
01-08-2026 @ 10:58:10 - Preparing for import.
01-08-2026 @ 10:58:10 - Row :151 - Parsing item.
01-08-2026 @ 10:58:10 - Importing as new order ID:8039806012356
01-08-2026 @ 10:58:10 - Row :151 - Processing item.
01-08-2026 @ 10:58:10 - Found order object. ID:8039806012356
01-08-2026 @ 10:58:10 - Row :151 - Order imported successfully.
01-08-2026 @ 10:58:10 - Row :152 - Parsing item.
01-08-2026 @ 10:58:10 - Importing as new order ID:8039806012357
01-08-2026 @ 10:58:10 - Row :152 - Processing item.
01-08-2026 @ 10:58:10 - Found order object. ID:8039806012357
01-08-2026 @ 10:58:10 - Row :152 - Order imported successfully.
01-08-2026 @ 10:58:10 - Row :153 - Parsing item.
01-08-2026 @ 10:58:10 - Importing as new order ID:8039806012358
01-08-2026 @ 10:58:10 - Row :153 - Processing item.
01-08-2026 @ 10:58:10 - Found order object. ID:8039806012358
01-08-2026 @ 10:58:10 - Row :153 - Order imported successfully.
01-08-2026 @ 10:58:10 - Row :154 - Parsing item.
01-08-2026 @ 10:58:10 - Importing as new order ID:8039806012359
01-08-2026 @ 10:58:10 - Row :154 - Processing item.
01-08-2026 @ 10:58:11 - Found order object. ID:8039806012359
01-08-2026 @ 10:58:11 - Row :154 - Order imported successfully.
01-08-2026 @ 10:58:11 - Row :155 - Parsing item.
01-08-2026 @ 10:58:11 - Importing as new order ID:8039806012360
01-08-2026 @ 10:58:11 - Row :155 - Processing item.
01-08-2026 @ 10:58:11 - Found order object. ID:8039806012360
01-08-2026 @ 10:58:11 - Row :155 - Order imported successfully.
01-08-2026 @ 10:58:11 - Row :156 - Parsing item.
01-08-2026 @ 10:58:11 - Importing as new order ID:8039806012361
01-08-2026 @ 10:58:11 - Row :156 - Processing item.
01-08-2026 @ 10:58:11 - Found order object. ID:8039806012361
01-08-2026 @ 10:58:11 - Row :156 - Order imported successfully.
01-08-2026 @ 10:58:11 - Row :157 - Parsing item.
01-08-2026 @ 10:58:11 - Importing as new order ID:8039806012362
01-08-2026 @ 10:58:11 - Row :157 - Processing item.
01-08-2026 @ 10:58:11 - Found order object. ID:8039806012362
01-08-2026 @ 10:58:11 - Row :157 - Order imported successfully.
01-08-2026 @ 10:58:11 - Row :158 - Parsing item.
01-08-2026 @ 10:58:11 - Importing as new order ID:8039806012363
01-08-2026 @ 10:58:11 - Row :158 - Processing item.
01-08-2026 @ 10:58:12 - Found order object. ID:8039806012363
01-08-2026 @ 10:58:12 - Row :158 - Order imported successfully.
01-08-2026 @ 10:58:12 - Row :159 - Parsing item.
01-08-2026 @ 10:58:12 - Importing as new order ID:8039806012364
01-08-2026 @ 10:58:12 - Row :159 - Processing item.
01-08-2026 @ 10:58:12 - Found order object. ID:8039806012364
01-08-2026 @ 10:58:12 - Row :159 - Order imported successfully.
01-08-2026 @ 10:58:12 - Row :160 - Parsing item.
01-08-2026 @ 10:58:12 - Importing as new order ID:8039806012365
01-08-2026 @ 10:58:12 - Row :160 - Processing item.
01-08-2026 @ 10:58:12 - Found order object. ID:8039806012365
01-08-2026 @ 10:58:12 - Row :160 - Order imported successfully.
01-08-2026 @ 10:58:12 - Preparing for import.
01-08-2026 @ 10:58:12 - Row :161 - Parsing item.
01-08-2026 @ 10:58:12 - Importing as new order ID:8039806012366
01-08-2026 @ 10:58:12 - Row :161 - Processing item.
01-08-2026 @ 10:58:13 - Found order object. ID:8039806012366
01-08-2026 @ 10:58:13 - Row :161 - Order imported successfully.
01-08-2026 @ 10:58:13 - Row :162 - Parsing item.
01-08-2026 @ 10:58:13 - Importing as new order ID:8039806012367
01-08-2026 @ 10:58:13 - Row :162 - Processing item.
01-08-2026 @ 10:58:13 - Found order object. ID:8039806012367
01-08-2026 @ 10:58:13 - Row :162 - Order imported successfully.
01-08-2026 @ 10:58:13 - Row :163 - Parsing item.
01-08-2026 @ 10:58:13 - Importing as new order ID:8039806012368
01-08-2026 @ 10:58:13 - Row :163 - Processing item.
01-08-2026 @ 10:58:13 - Found order object. ID:8039806012368
01-08-2026 @ 10:58:13 - Row :163 - Order imported successfully.
01-08-2026 @ 10:58:13 - Row :164 - Parsing item.
01-08-2026 @ 10:58:13 - Importing as new order ID:8039806012369
01-08-2026 @ 10:58:13 - Row :164 - Processing item.
01-08-2026 @ 10:58:13 - Found order object. ID:8039806012369
01-08-2026 @ 10:58:13 - Row :164 - Order imported successfully.
01-08-2026 @ 10:58:13 - Row :165 - Parsing item.
01-08-2026 @ 10:58:13 - Importing as new order ID:8039806012370
01-08-2026 @ 10:58:13 - Row :165 - Processing item.
01-08-2026 @ 10:58:14 - Found order object. ID:8039806012370
01-08-2026 @ 10:58:14 - Row :165 - Order imported successfully.
01-08-2026 @ 10:58:14 - Row :166 - Parsing item.
01-08-2026 @ 10:58:14 - Importing as new order ID:8039806012371
01-08-2026 @ 10:58:14 - Row :166 - Processing item.
01-08-2026 @ 10:58:14 - Found order object. ID:8039806012371
01-08-2026 @ 10:58:14 - Row :166 - Order imported successfully.
01-08-2026 @ 10:58:14 - Row :167 - Parsing item.
01-08-2026 @ 10:58:14 - Importing as new order ID:8039806012372
01-08-2026 @ 10:58:14 - Row :167 - Processing item.
01-08-2026 @ 10:58:14 - Found order object. ID:8039806012372
01-08-2026 @ 10:58:14 - Row :167 - Order imported successfully.
01-08-2026 @ 10:58:14 - Row :168 - Parsing item.
01-08-2026 @ 10:58:14 - Importing as new order ID:8039806012373
01-08-2026 @ 10:58:14 - Row :168 - Processing item.
01-08-2026 @ 10:58:15 - Found order object. ID:8039806012373
01-08-2026 @ 10:58:15 - Row :168 - Order imported successfully.
01-08-2026 @ 10:58:15 - Row :169 - Parsing item.
01-08-2026 @ 10:58:15 - Importing as new order ID:8039806012374
01-08-2026 @ 10:58:15 - Row :169 - Processing item.
01-08-2026 @ 10:58:15 - Found order object. ID:8039806012374
01-08-2026 @ 10:58:15 - Row :169 - Order imported successfully.
01-08-2026 @ 10:58:15 - Row :170 - Parsing item.
01-08-2026 @ 10:58:15 - Importing as new order ID:8039806012375
01-08-2026 @ 10:58:15 - Row :170 - Processing item.
01-08-2026 @ 10:58:15 - Found order object. ID:8039806012375
01-08-2026 @ 10:58:15 - Row :170 - Order imported successfully.
01-08-2026 @ 10:58:16 - Preparing for import.
01-08-2026 @ 10:58:16 - Row :171 - Parsing item.
01-08-2026 @ 10:58:16 - Importing as new order ID:8039806012376
01-08-2026 @ 10:58:16 - Row :171 - Processing item.
01-08-2026 @ 10:58:16 - Found order object. ID:8039806012376
01-08-2026 @ 10:58:16 - Row :171 - Order imported successfully.
01-08-2026 @ 10:58:16 - Row :172 - Parsing item.
01-08-2026 @ 10:58:16 - Importing as new order ID:8039806012377
01-08-2026 @ 10:58:16 - Row :172 - Processing item.
01-08-2026 @ 10:58:16 - Found order object. ID:8039806012377
01-08-2026 @ 10:58:16 - Row :172 - Order imported successfully.
01-08-2026 @ 10:58:16 - Row :173 - Parsing item.
01-08-2026 @ 10:58:16 - Importing as new order ID:8039806012378
01-08-2026 @ 10:58:16 - Row :173 - Processing item.
01-08-2026 @ 10:58:16 - Found order object. ID:8039806012378
01-08-2026 @ 10:58:17 - Row :173 - Order imported successfully.
01-08-2026 @ 10:58:17 - Row :174 - Parsing item.
01-08-2026 @ 10:58:17 - Importing as new order ID:8039806012379
01-08-2026 @ 10:58:17 - Row :174 - Processing item.
01-08-2026 @ 10:58:17 - Found order object. ID:8039806012379
01-08-2026 @ 10:58:17 - Row :174 - Order imported successfully.
01-08-2026 @ 10:58:17 - Row :175 - Parsing item.
01-08-2026 @ 10:58:17 - Importing as new order ID:8039806012381
01-08-2026 @ 10:58:17 - Row :175 - Processing item.
01-08-2026 @ 10:58:17 - Found order object. ID:8039806012381
01-08-2026 @ 10:58:17 - Row :175 - Order imported successfully.
01-08-2026 @ 10:58:17 - Row :176 - Parsing item.
01-08-2026 @ 10:58:17 - Importing as new order ID:8039806012385
01-08-2026 @ 10:58:17 - Row :176 - Processing item.
01-08-2026 @ 10:58:17 - Found order object. ID:8039806012385
01-08-2026 @ 10:58:17 - Row :176 - Order imported successfully.
01-08-2026 @ 10:58:17 - Row :177 - Parsing item.
01-08-2026 @ 10:58:17 - Importing as new order ID:8039806012386
01-08-2026 @ 10:58:17 - Row :177 - Processing item.
01-08-2026 @ 10:58:18 - Found order object. ID:8039806012386
01-08-2026 @ 10:58:18 - Row :177 - Order imported successfully.
01-08-2026 @ 10:58:18 - Row :178 - Parsing item.
01-08-2026 @ 10:58:18 - Importing as new order ID:8039806012387
01-08-2026 @ 10:58:18 - Row :178 - Processing item.
01-08-2026 @ 10:58:18 - Found order object. ID:8039806012387
01-08-2026 @ 10:58:18 - Row :178 - Order imported successfully.
01-08-2026 @ 10:58:18 - Row :179 - Parsing item.
01-08-2026 @ 10:58:18 - Importing as new order ID:8039806012388
01-08-2026 @ 10:58:18 - Row :179 - Processing item.
01-08-2026 @ 10:58:18 - Found order object. ID:8039806012388
01-08-2026 @ 10:58:18 - Row :179 - Order imported successfully.
01-08-2026 @ 10:58:18 - Row :180 - Parsing item.
01-08-2026 @ 10:58:18 - Importing as new order ID:8039806012389
01-08-2026 @ 10:58:18 - Row :180 - Processing item.
01-08-2026 @ 10:58:18 - Found order object. ID:8039806012389
01-08-2026 @ 10:58:18 - Row :180 - Order imported successfully.
01-08-2026 @ 10:58:18 - Preparing for import.
01-08-2026 @ 10:58:18 - Row :181 - Parsing item.
01-08-2026 @ 10:58:18 - Importing as new order ID:8039806012390
01-08-2026 @ 10:58:18 - Row :181 - Processing item.
01-08-2026 @ 10:58:19 - Found order object. ID:8039806012390
01-08-2026 @ 10:58:19 - Row :181 - Order imported successfully.
01-08-2026 @ 10:58:19 - Row :182 - Parsing item.
01-08-2026 @ 10:58:19 - Importing as new order ID:8039806012391
01-08-2026 @ 10:58:19 - Row :182 - Processing item.
01-08-2026 @ 10:58:19 - Found order object. ID:8039806012391
01-08-2026 @ 10:58:19 - Row :182 - Order imported successfully.
01-08-2026 @ 10:58:19 - Row :183 - Parsing item.
01-08-2026 @ 10:58:19 - Importing as new order ID:8039806012392
01-08-2026 @ 10:58:19 - Row :183 - Processing item.
01-08-2026 @ 10:58:19 - Found order object. ID:8039806012392
01-08-2026 @ 10:58:19 - Row :183 - Order imported successfully.
01-08-2026 @ 10:58:19 - Row :184 - Parsing item.
01-08-2026 @ 10:58:19 - Importing as new order ID:8039806012394
01-08-2026 @ 10:58:19 - Row :184 - Processing item.
01-08-2026 @ 10:58:19 - Found order object. ID:8039806012394
01-08-2026 @ 10:58:19 - Row :184 - Order imported successfully.
01-08-2026 @ 10:58:19 - Row :185 - Parsing item.
01-08-2026 @ 10:58:19 - Importing as new order ID:8039806012395
01-08-2026 @ 10:58:19 - Row :185 - Processing item.
01-08-2026 @ 10:58:20 - Found order object. ID:8039806012395
01-08-2026 @ 10:58:20 - Row :185 - Order imported successfully.
01-08-2026 @ 10:58:20 - Row :186 - Parsing item.
01-08-2026 @ 10:58:20 - Importing as new order ID:8039806012396
01-08-2026 @ 10:58:20 - Row :186 - Processing item.
01-08-2026 @ 10:58:20 - Found order object. ID:8039806012396
01-08-2026 @ 10:58:20 - Row :186 - Order imported successfully.
01-08-2026 @ 10:58:20 - Row :187 - Parsing item.
01-08-2026 @ 10:58:20 - Importing as new order ID:8039806012397
01-08-2026 @ 10:58:20 - Row :187 - Processing item.
01-08-2026 @ 10:58:20 - Found order object. ID:8039806012397
01-08-2026 @ 10:58:20 - Row :187 - Order imported successfully.
01-08-2026 @ 10:58:20 - Row :188 - Parsing item.
01-08-2026 @ 10:58:20 - Importing as new order ID:8039806012398
01-08-2026 @ 10:58:20 - Row :188 - Processing item.
01-08-2026 @ 10:58:20 - Found order object. ID:8039806012398
01-08-2026 @ 10:58:21 - Row :188 - Order imported successfully.
01-08-2026 @ 10:58:21 - Row :189 - Parsing item.
01-08-2026 @ 10:58:21 - Importing as new order ID:8039806012399
01-08-2026 @ 10:58:21 - Row :189 - Processing item.
01-08-2026 @ 10:58:21 - Found order object. ID:8039806012399
01-08-2026 @ 10:58:21 - Row :189 - Order imported successfully.
01-08-2026 @ 10:58:21 - Row :190 - Parsing item.
01-08-2026 @ 10:58:21 - Importing as new order ID:8039806012400
01-08-2026 @ 10:58:21 - Row :190 - Processing item.
01-08-2026 @ 10:58:21 - Found order object. ID:8039806012400
01-08-2026 @ 10:58:21 - Row :190 - Order imported successfully.
01-08-2026 @ 10:58:22 - Preparing for import.
01-08-2026 @ 10:58:22 - Row :191 - Parsing item.
01-08-2026 @ 10:58:22 - Importing as new order ID:8039806012401
01-08-2026 @ 10:58:22 - Row :191 - Processing item.
01-08-2026 @ 10:58:22 - Found order object. ID:8039806012401
01-08-2026 @ 10:58:22 - Row :191 - Order imported successfully.
01-08-2026 @ 10:58:22 - Row :192 - Parsing item.
01-08-2026 @ 10:58:22 - Importing as new order ID:8039806012402
01-08-2026 @ 10:58:22 - Row :192 - Processing item.
01-08-2026 @ 10:58:22 - Found order object. ID:8039806012402
01-08-2026 @ 10:58:22 - Row :192 - Order imported successfully.
01-08-2026 @ 10:58:22 - Row :193 - Parsing item.
01-08-2026 @ 10:58:22 - Importing as new order ID:8039806012403
01-08-2026 @ 10:58:22 - Row :193 - Processing item.
01-08-2026 @ 10:58:22 - Found order object. ID:8039806012403
01-08-2026 @ 10:58:22 - Row :193 - Order imported successfully.
01-08-2026 @ 10:58:22 - Row :194 - Parsing item.
01-08-2026 @ 10:58:22 - Importing as new order ID:8039806012404
01-08-2026 @ 10:58:22 - Row :194 - Processing item.
01-08-2026 @ 10:58:23 - Found order object. ID:8039806012404
01-08-2026 @ 10:58:23 - Row :194 - Order imported successfully.
01-08-2026 @ 10:58:23 - Row :195 - Parsing item.
01-08-2026 @ 10:58:23 - Importing as new order ID:8039806012405
01-08-2026 @ 10:58:23 - Row :195 - Processing item.
01-08-2026 @ 10:58:23 - Found order object. ID:8039806012405
01-08-2026 @ 10:58:23 - Row :195 - Order imported successfully.
01-08-2026 @ 10:58:23 - Row :196 - Parsing item.
01-08-2026 @ 10:58:23 - Importing as new order ID:8039806012406
01-08-2026 @ 10:58:23 - Row :196 - Processing item.
01-08-2026 @ 10:58:23 - Found order object. ID:8039806012406
01-08-2026 @ 10:58:23 - Row :196 - Order imported successfully.
01-08-2026 @ 10:58:23 - Row :197 - Parsing item.
01-08-2026 @ 10:58:23 - Importing as new order ID:8039806012407
01-08-2026 @ 10:58:23 - Row :197 - Processing item.
01-08-2026 @ 10:58:23 - Found order object. ID:8039806012407
01-08-2026 @ 10:58:23 - Row :197 - Order imported successfully.
01-08-2026 @ 10:58:23 - Row :198 - Parsing item.
01-08-2026 @ 10:58:23 - Importing as new order ID:8039806012408
01-08-2026 @ 10:58:23 - Row :198 - Processing item.
01-08-2026 @ 10:58:24 - Found order object. ID:8039806012408
01-08-2026 @ 10:58:24 - Row :198 - Order imported successfully.
01-08-2026 @ 10:58:24 - Row :199 - Parsing item.
01-08-2026 @ 10:58:24 - Importing as new order ID:8039806012409
01-08-2026 @ 10:58:24 - Row :199 - Processing item.
01-08-2026 @ 10:58:24 - Found order object. ID:8039806012409
01-08-2026 @ 10:58:24 - Row :199 - Order imported successfully.
01-08-2026 @ 10:58:24 - Row :200 - Parsing item.
01-08-2026 @ 10:58:24 - Importing as new order ID:8039806012410
01-08-2026 @ 10:58:24 - Row :200 - Processing item.
01-08-2026 @ 10:58:24 - Found order object. ID:8039806012410
01-08-2026 @ 10:58:24 - Row :200 - Order imported successfully.
01-08-2026 @ 10:58:24 - Preparing for import.
01-08-2026 @ 10:58:24 - Row :201 - Parsing item.
01-08-2026 @ 10:58:24 - Importing as new order ID:8039806012411
01-08-2026 @ 10:58:24 - Row :201 - Processing item.
01-08-2026 @ 10:58:24 - Found order object. ID:8039806012411
01-08-2026 @ 10:58:25 - Row :201 - Order imported successfully.
01-08-2026 @ 10:58:25 - Row :202 - Parsing item.
01-08-2026 @ 10:58:25 - Importing as new order ID:8039806012412
01-08-2026 @ 10:58:25 - Row :202 - Processing item.
01-08-2026 @ 10:58:25 - Found order object. ID:8039806012412
01-08-2026 @ 10:58:25 - Row :202 - Order imported successfully.
01-08-2026 @ 10:58:25 - Row :203 - Parsing item.
01-08-2026 @ 10:58:25 - Importing as new order ID:8039806012413
01-08-2026 @ 10:58:25 - Row :203 - Processing item.
01-08-2026 @ 10:58:25 - Found order object. ID:8039806012413
01-08-2026 @ 10:58:25 - Row :203 - Order imported successfully.
01-08-2026 @ 10:58:25 - Row :204 - Parsing item.
01-08-2026 @ 10:58:25 - Importing as new order ID:8039806012414
01-08-2026 @ 10:58:25 - Row :204 - Processing item.
01-08-2026 @ 10:58:25 - Found order object. ID:8039806012414
01-08-2026 @ 10:58:25 - Row :204 - Order imported successfully.
01-08-2026 @ 10:58:25 - Row :205 - Parsing item.
01-08-2026 @ 10:58:25 - Importing as new order ID:8039806012415
01-08-2026 @ 10:58:25 - Row :205 - Processing item.
01-08-2026 @ 10:58:25 - Found order object. ID:8039806012415
01-08-2026 @ 10:58:26 - Row :205 - Order imported successfully.
01-08-2026 @ 10:58:26 - Row :206 - Parsing item.
01-08-2026 @ 10:58:26 - Importing as new order ID:8039806012416
01-08-2026 @ 10:58:26 - Row :206 - Processing item.
01-08-2026 @ 10:58:26 - Found order object. ID:8039806012416
01-08-2026 @ 10:58:26 - Row :206 - Order imported successfully.
01-08-2026 @ 10:58:26 - Row :207 - Parsing item.
01-08-2026 @ 10:58:26 - Importing as new order ID:8039806012417
01-08-2026 @ 10:58:26 - Row :207 - Processing item.
01-08-2026 @ 10:58:26 - Found order object. ID:8039806012417
01-08-2026 @ 10:58:26 - Row :207 - Order imported successfully.
01-08-2026 @ 10:58:26 - Row :208 - Parsing item.
01-08-2026 @ 10:58:26 - Importing as new order ID:8039806012418
01-08-2026 @ 10:58:26 - Row :208 - Processing item.
01-08-2026 @ 10:58:26 - Found order object. ID:8039806012418
01-08-2026 @ 10:58:26 - Row :208 - Order imported successfully.
01-08-2026 @ 10:58:26 - Row :209 - Parsing item.
01-08-2026 @ 10:58:26 - Importing as new order ID:8039806012419
01-08-2026 @ 10:58:26 - Row :209 - Processing item.
01-08-2026 @ 10:58:26 - Found order object. ID:8039806012419
01-08-2026 @ 10:58:27 - Row :209 - Order imported successfully.
01-08-2026 @ 10:58:27 - Row :210 - Parsing item.
01-08-2026 @ 10:58:27 - Importing as new order ID:8039806012420
01-08-2026 @ 10:58:27 - Row :210 - Processing item.
01-08-2026 @ 10:58:27 - Found order object. ID:8039806012420
01-08-2026 @ 10:58:27 - Row :210 - Order imported successfully.
01-08-2026 @ 10:58:28 - Preparing for import.
01-08-2026 @ 10:58:28 - Row :211 - Parsing item.
01-08-2026 @ 10:58:28 - Importing as new order ID:8039806012421
01-08-2026 @ 10:58:28 - Row :211 - Processing item.
01-08-2026 @ 10:58:28 - Found order object. ID:8039806012421
01-08-2026 @ 10:58:29 - Row :211 - Order imported successfully.
01-08-2026 @ 10:58:29 - Row :212 - Parsing item.
01-08-2026 @ 10:58:29 - Importing as new order ID:8039806012422
01-08-2026 @ 10:58:29 - Row :212 - Processing item.
01-08-2026 @ 10:58:29 - Found order object. ID:8039806012422
01-08-2026 @ 10:58:29 - Row :212 - Order imported successfully.
01-08-2026 @ 10:58:29 - Row :213 - Parsing item.
01-08-2026 @ 10:58:29 - Importing as new order ID:8039806012423
01-08-2026 @ 10:58:29 - Row :213 - Processing item.
01-08-2026 @ 10:58:29 - Found order object. ID:8039806012423
01-08-2026 @ 10:58:29 - Row :213 - Order imported successfully.
01-08-2026 @ 10:58:29 - Row :214 - Parsing item.
01-08-2026 @ 10:58:29 - Importing as new order ID:8039806012380
01-08-2026 @ 10:58:29 - Row :214 - Processing item.
01-08-2026 @ 10:58:29 - Found order object. ID:8039806012380
01-08-2026 @ 10:58:29 - Row :214 - Order imported successfully.
01-08-2026 @ 10:58:29 - Row :215 - Parsing item.
01-08-2026 @ 10:58:29 - Importing as new order ID:8039806012382
01-08-2026 @ 10:58:29 - Row :215 - Processing item.
01-08-2026 @ 10:58:30 - Found order object. ID:8039806012382
01-08-2026 @ 10:58:30 - Row :215 - Order imported successfully.
01-08-2026 @ 10:58:30 - Row :216 - Parsing item.
01-08-2026 @ 10:58:30 - Importing as new order ID:8039806012383
01-08-2026 @ 10:58:30 - Row :216 - Processing item.
01-08-2026 @ 10:58:30 - Found order object. ID:8039806012383
01-08-2026 @ 10:58:30 - Row :216 - Order imported successfully.
01-08-2026 @ 10:58:30 - Row :217 - Parsing item.
01-08-2026 @ 10:58:30 - Importing as new order ID:8039806012384
01-08-2026 @ 10:58:30 - Row :217 - Processing item.
01-08-2026 @ 10:58:30 - Found order object. ID:8039806012384
01-08-2026 @ 10:58:30 - Row :217 - Order imported successfully.
01-08-2026 @ 10:58:30 - Row :218 - Parsing item.
01-08-2026 @ 10:58:30 - Importing as new order ID:8039806012393
01-08-2026 @ 10:58:30 - Row :218 - Processing item.
01-08-2026 @ 10:58:30 - Found order object. ID:8039806012393
01-08-2026 @ 10:58:31 - Row :218 - Order imported successfully.
01-08-2026 @ 10:58:31 - Row :219 - Parsing item.
01-08-2026 @ 10:58:31 - Importing as new order ID:8039806012228
01-08-2026 @ 10:58:31 - Row :219 - Processing item.
01-08-2026 @ 10:58:31 - Found order object. ID:8039806012228
01-08-2026 @ 10:58:31 - Row :219 - Order imported successfully.
01-08-2026 @ 10:58:31 - Row :220 - Parsing item.
01-08-2026 @ 10:58:31 - Importing as new order ID:8039806012229
01-08-2026 @ 10:58:31 - Row :220 - Processing item.
01-08-2026 @ 10:58:31 - Found order object. ID:8039806012229
01-08-2026 @ 10:58:31 - Row :220 - Order imported successfully.
01-08-2026 @ 10:58:31 - ---[ Import ended at 2026-01-08 10:58:31]---
