01-05-2026 @ 11:30:03 - ---[ New import started at 2026-01-05 11:30:03 ] PHP Memory: 256 MB, WP Memory: 40 MB
01-05-2026 @ 11:30:03 - Preparing for import.
01-05-2026 @ 11:30:03 - Row :1 - Parsing item.
01-05-2026 @ 11:30:03 - Importing as new product ID:64
01-05-2026 @ 11:30:03 - Row :1 - Processing item.
01-05-2026 @ 11:30:03 - Found simple product object. ID:64
01-05-2026 @ 11:30:04 - Row :1 - Product imported successfully.
01-05-2026 @ 11:30:04 - Row :2 - Parsing item.
01-05-2026 @ 11:30:04 - Importing as new product ID:65
01-05-2026 @ 11:30:04 - Row :2 - Processing item.
01-05-2026 @ 11:30:04 - Found simple product object. ID:65
01-05-2026 @ 11:30:04 - Row :2 - Product imported successfully.
01-05-2026 @ 11:30:04 - Row :3 - Parsing item.
01-05-2026 @ 11:30:04 - Importing as new product ID:66
01-05-2026 @ 11:30:04 - Row :3 - Processing item.
01-05-2026 @ 11:30:04 - Found simple product object. ID:66
01-05-2026 @ 11:30:04 - Row :3 - Product imported successfully.
01-05-2026 @ 11:30:04 - Row :4 - Parsing item.
01-05-2026 @ 11:30:04 - Importing as new product ID:67
01-05-2026 @ 11:30:04 - Row :4 - Processing item.
01-05-2026 @ 11:30:04 - Found simple product object. ID:67
01-05-2026 @ 11:30:04 - Row :4 - Product imported successfully.
01-05-2026 @ 11:30:04 - Row :5 - Parsing item.
01-05-2026 @ 11:30:04 - Importing as new product ID:68
01-05-2026 @ 11:30:04 - Row :5 - Processing item.
01-05-2026 @ 11:30:04 - Found simple product object. ID:68
01-05-2026 @ 11:30:05 - Row :5 - Product imported successfully.
01-05-2026 @ 11:30:05 - Row :6 - Parsing item.
01-05-2026 @ 11:30:05 - Importing as new product ID:69
01-05-2026 @ 11:30:05 - Row :6 - Processing item.
01-05-2026 @ 11:30:05 - Found simple product object. ID:69
01-05-2026 @ 11:30:05 - Row :6 - Product imported successfully.
01-05-2026 @ 11:30:05 - Row :7 - Parsing item.
01-05-2026 @ 11:30:05 - Importing as new product ID:70
01-05-2026 @ 11:30:05 - Row :7 - Processing item.
01-05-2026 @ 11:30:05 - Found simple product object. ID:70
01-05-2026 @ 11:30:05 - Row :7 - Product imported successfully.
01-05-2026 @ 11:30:05 - Row :8 - Parsing item.
01-05-2026 @ 11:30:05 - Importing as new product ID:71
01-05-2026 @ 11:30:05 - Row :8 - Processing item.
01-05-2026 @ 11:30:05 - Found simple product object. ID:71
01-05-2026 @ 11:30:05 - Row :8 - Product imported successfully.
01-05-2026 @ 11:30:05 - Row :9 - Parsing item.
01-05-2026 @ 11:30:05 - Importing as new product ID:72
01-05-2026 @ 11:30:05 - Row :9 - Processing item.
01-05-2026 @ 11:30:05 - Found simple product object. ID:72
01-05-2026 @ 11:30:06 - Row :9 - Product imported successfully.
01-05-2026 @ 11:30:06 - Row :10 - Parsing item.
01-05-2026 @ 11:30:06 - Importing as new product ID:73
01-05-2026 @ 11:30:06 - Row :10 - Processing item.
01-05-2026 @ 11:30:06 - Found simple product object. ID:73
01-05-2026 @ 11:30:06 - Row :10 - Product imported successfully.
01-05-2026 @ 11:30:06 - Preparing for import.
01-05-2026 @ 11:30:06 - Row :11 - Parsing item.
01-05-2026 @ 11:30:06 - Importing as new product ID:74
01-05-2026 @ 11:30:06 - Row :11 - Processing item.
01-05-2026 @ 11:30:06 - Found simple product object. ID:74
01-05-2026 @ 11:30:06 - Row :11 - Product imported successfully.
01-05-2026 @ 11:30:06 - Row :12 - Parsing item.
01-05-2026 @ 11:30:06 - Importing as new product ID:75
01-05-2026 @ 11:30:06 - Row :12 - Processing item.
01-05-2026 @ 11:30:06 - Found simple product object. ID:75
01-05-2026 @ 11:30:06 - Row :12 - Product imported successfully.
01-05-2026 @ 11:30:06 - Row :13 - Parsing item.
01-05-2026 @ 11:30:06 - Importing as new product ID:76
01-05-2026 @ 11:30:06 - Row :13 - Processing item.
01-05-2026 @ 11:30:06 - Found simple product object. ID:76
01-05-2026 @ 11:30:06 - Row :13 - Product imported successfully.
01-05-2026 @ 11:30:06 - Row :14 - Parsing item.
01-05-2026 @ 11:30:06 - Importing as new product ID:77
01-05-2026 @ 11:30:06 - Row :14 - Processing item.
01-05-2026 @ 11:30:06 - Found simple product object. ID:77
01-05-2026 @ 11:30:07 - Row :14 - Product imported successfully.
01-05-2026 @ 11:30:07 - Row :15 - Parsing item.
01-05-2026 @ 11:30:07 - Importing as new product ID:78
01-05-2026 @ 11:30:07 - Row :15 - Processing item.
01-05-2026 @ 11:30:07 - Found simple product object. ID:78
01-05-2026 @ 11:30:07 - Row :15 - Product imported successfully.
01-05-2026 @ 11:30:07 - Row :16 - Parsing item.
01-05-2026 @ 11:30:07 - Importing as new product ID:79
01-05-2026 @ 11:30:07 - Row :16 - Processing item.
01-05-2026 @ 11:30:07 - Found simple product object. ID:79
01-05-2026 @ 11:30:07 - Row :16 - Product imported successfully.
01-05-2026 @ 11:30:07 - Row :17 - Parsing item.
01-05-2026 @ 11:30:07 - Importing as new product ID:80
01-05-2026 @ 11:30:07 - Row :17 - Processing item.
01-05-2026 @ 11:30:07 - Found simple product object. ID:80
01-05-2026 @ 11:30:07 - Row :17 - Product imported successfully.
01-05-2026 @ 11:30:07 - Row :18 - Parsing item.
01-05-2026 @ 11:30:07 - Importing as new product ID:81
01-05-2026 @ 11:30:07 - Row :18 - Processing item.
01-05-2026 @ 11:30:07 - Found simple product object. ID:81
01-05-2026 @ 11:30:08 - Row :18 - Product imported successfully.
01-05-2026 @ 11:30:08 - Row :19 - Parsing item.
01-05-2026 @ 11:30:08 - Importing as new product ID:82
01-05-2026 @ 11:30:08 - Row :19 - Processing item.
01-05-2026 @ 11:30:08 - Found simple product object. ID:82
01-05-2026 @ 11:30:08 - Row :19 - Product imported successfully.
01-05-2026 @ 11:30:08 - Row :20 - Parsing item.
01-05-2026 @ 11:30:08 - Importing as new product ID:83
01-05-2026 @ 11:30:08 - Row :20 - Processing item.
01-05-2026 @ 11:30:08 - Found simple product object. ID:83
01-05-2026 @ 11:30:08 - Row :20 - Product imported successfully.
01-05-2026 @ 11:30:08 - Preparing for import.
01-05-2026 @ 11:30:08 - Row :21 - Parsing item.
01-05-2026 @ 11:30:08 - Importing as new product ID:84
01-05-2026 @ 11:30:08 - Row :21 - Processing item.
01-05-2026 @ 11:30:08 - Found simple product object. ID:84
01-05-2026 @ 11:30:08 - Row :21 - Product imported successfully.
01-05-2026 @ 11:30:08 - Row :22 - Parsing item.
01-05-2026 @ 11:30:08 - Importing as new product ID:85
01-05-2026 @ 11:30:08 - Row :22 - Processing item.
01-05-2026 @ 11:30:08 - Found simple product object. ID:85
01-05-2026 @ 11:30:09 - Row :22 - Product imported successfully.
01-05-2026 @ 11:30:09 - Row :23 - Parsing item.
01-05-2026 @ 11:30:09 - Importing as new product ID:86
01-05-2026 @ 11:30:09 - Row :23 - Processing item.
01-05-2026 @ 11:30:09 - Found simple product object. ID:86
01-05-2026 @ 11:30:09 - Row :23 - Product imported successfully.
01-05-2026 @ 11:30:09 - Row :24 - Parsing item.
01-05-2026 @ 11:30:09 - Importing as new product ID:87
01-05-2026 @ 11:30:09 - Row :24 - Processing item.
01-05-2026 @ 11:30:09 - Found simple product object. ID:87
01-05-2026 @ 11:30:09 - Row :24 - Product imported successfully.
01-05-2026 @ 11:30:09 - Row :25 - Parsing item.
01-05-2026 @ 11:30:09 - Importing as new product ID:88
01-05-2026 @ 11:30:09 - Row :25 - Processing item.
01-05-2026 @ 11:30:09 - Found simple product object. ID:88
01-05-2026 @ 11:30:09 - Row :25 - Product imported successfully.
01-05-2026 @ 11:30:09 - Row :26 - Parsing item.
01-05-2026 @ 11:30:09 - Importing as new product ID:89
01-05-2026 @ 11:30:09 - Row :26 - Processing item.
01-05-2026 @ 11:30:09 - Found simple product object. ID:89
01-05-2026 @ 11:30:10 - Row :26 - Product imported successfully.
01-05-2026 @ 11:30:10 - Row :27 - Parsing item.
01-05-2026 @ 11:30:10 - Importing as new product ID:90
01-05-2026 @ 11:30:10 - Row :27 - Processing item.
01-05-2026 @ 11:30:10 - Found simple product object. ID:90
01-05-2026 @ 11:30:10 - Row :27 - Product imported successfully.
01-05-2026 @ 11:30:10 - Row :28 - Parsing item.
01-05-2026 @ 11:30:10 - Importing as new product ID:91
01-05-2026 @ 11:30:10 - Row :28 - Processing item.
01-05-2026 @ 11:30:10 - Found simple product object. ID:91
01-05-2026 @ 11:30:10 - Row :28 - Product imported successfully.
01-05-2026 @ 11:30:10 - Row :29 - Parsing item.
01-05-2026 @ 11:30:10 - Importing as new product ID:92
01-05-2026 @ 11:30:10 - Row :29 - Processing item.
01-05-2026 @ 11:30:10 - Found simple product object. ID:92
01-05-2026 @ 11:30:10 - Row :29 - Product imported successfully.
01-05-2026 @ 11:30:10 - Row :30 - Parsing item.
01-05-2026 @ 11:30:10 - Importing as new product ID:93
01-05-2026 @ 11:30:10 - Row :30 - Processing item.
01-05-2026 @ 11:30:10 - Found simple product object. ID:93
01-05-2026 @ 11:30:11 - Row :30 - Product imported successfully.
01-05-2026 @ 11:30:11 - Preparing for import.
01-05-2026 @ 11:30:11 - Row :31 - Parsing item.
01-05-2026 @ 11:30:11 - Importing as new product ID:94
01-05-2026 @ 11:30:11 - Row :31 - Processing item.
01-05-2026 @ 11:30:11 - Found simple product object. ID:94
01-05-2026 @ 11:30:11 - Row :31 - Product imported successfully.
01-05-2026 @ 11:30:11 - Row :32 - Parsing item.
01-05-2026 @ 11:30:11 - Importing as new product ID:95
01-05-2026 @ 11:30:11 - Row :32 - Processing item.
01-05-2026 @ 11:30:11 - Found simple product object. ID:95
01-05-2026 @ 11:30:11 - Row :32 - Product imported successfully.
01-05-2026 @ 11:30:11 - Row :33 - Parsing item.
01-05-2026 @ 11:30:11 - Importing as new product ID:96
01-05-2026 @ 11:30:11 - Row :33 - Processing item.
01-05-2026 @ 11:30:11 - Found simple product object. ID:96
01-05-2026 @ 11:30:11 - Row :33 - Product imported successfully.
01-05-2026 @ 11:30:11 - Row :34 - Parsing item.
01-05-2026 @ 11:30:11 - Importing as new product ID:97
01-05-2026 @ 11:30:11 - Row :34 - Processing item.
01-05-2026 @ 11:30:11 - Found simple product object. ID:97
01-05-2026 @ 11:30:12 - Row :34 - Product imported successfully.
01-05-2026 @ 11:30:12 - Row :35 - Parsing item.
01-05-2026 @ 11:30:12 - Importing as new product ID:98
01-05-2026 @ 11:30:12 - Row :35 - Processing item.
01-05-2026 @ 11:30:12 - Found simple product object. ID:98
01-05-2026 @ 11:30:12 - Row :35 - Product imported successfully.
01-05-2026 @ 11:30:12 - Row :36 - Parsing item.
01-05-2026 @ 11:30:12 - Importing as new product ID:99
01-05-2026 @ 11:30:12 - Row :36 - Processing item.
01-05-2026 @ 11:30:12 - Found simple product object. ID:99
01-05-2026 @ 11:30:12 - Row :36 - Product imported successfully.
01-05-2026 @ 11:30:12 - Row :37 - Parsing item.
01-05-2026 @ 11:30:12 - Importing as new product ID:100
01-05-2026 @ 11:30:12 - Row :37 - Processing item.
01-05-2026 @ 11:30:12 - Found simple product object. ID:100
01-05-2026 @ 11:30:12 - Row :37 - Product imported successfully.
01-05-2026 @ 11:30:12 - Row :38 - Parsing item.
01-05-2026 @ 11:30:12 - Importing as new product ID:101
01-05-2026 @ 11:30:12 - Row :38 - Processing item.
01-05-2026 @ 11:30:12 - Found simple product object. ID:101
01-05-2026 @ 11:30:13 - Row :38 - Product imported successfully.
01-05-2026 @ 11:30:13 - Row :39 - Parsing item.
01-05-2026 @ 11:30:13 - Importing as new product ID:102
01-05-2026 @ 11:30:13 - Row :39 - Processing item.
01-05-2026 @ 11:30:13 - Found simple product object. ID:102
01-05-2026 @ 11:30:13 - Row :39 - Product imported successfully.
01-05-2026 @ 11:30:13 - Row :40 - Parsing item.
01-05-2026 @ 11:30:13 - Importing as new product ID:103
01-05-2026 @ 11:30:13 - Row :40 - Processing item.
01-05-2026 @ 11:30:13 - Found simple product object. ID:103
01-05-2026 @ 11:30:13 - Row :40 - Product imported successfully.
01-05-2026 @ 11:30:13 - Preparing for import.
01-05-2026 @ 11:30:13 - Row :41 - Parsing item.
01-05-2026 @ 11:30:13 - Importing as new product ID:104
01-05-2026 @ 11:30:13 - Row :41 - Processing item.
01-05-2026 @ 11:30:13 - Found simple product object. ID:104
01-05-2026 @ 11:30:13 - Row :41 - Product imported successfully.
01-05-2026 @ 11:30:13 - Row :42 - Parsing item.
01-05-2026 @ 11:30:13 - Importing as new product ID:105
01-05-2026 @ 11:30:13 - Row :42 - Processing item.
01-05-2026 @ 11:30:13 - Found simple product object. ID:105
01-05-2026 @ 11:30:14 - Row :42 - Product imported successfully.
01-05-2026 @ 11:30:14 - Row :43 - Parsing item.
01-05-2026 @ 11:30:14 - Importing as new product ID:106
01-05-2026 @ 11:30:14 - Row :43 - Processing item.
01-05-2026 @ 11:30:14 - Found simple product object. ID:106
01-05-2026 @ 11:30:14 - Row :43 - Product imported successfully.
01-05-2026 @ 11:30:14 - Row :44 - Parsing item.
01-05-2026 @ 11:30:14 - Importing as new product ID:107
01-05-2026 @ 11:30:14 - Row :44 - Processing item.
01-05-2026 @ 11:30:14 - Found simple product object. ID:107
01-05-2026 @ 11:30:14 - Row :44 - Product imported successfully.
01-05-2026 @ 11:30:14 - Row :45 - Parsing item.
01-05-2026 @ 11:30:14 - Importing as new product ID:108
01-05-2026 @ 11:30:14 - Row :45 - Processing item.
01-05-2026 @ 11:30:14 - Found simple product object. ID:108
01-05-2026 @ 11:30:14 - Row :45 - Product imported successfully.
01-05-2026 @ 11:30:14 - Row :46 - Parsing item.
01-05-2026 @ 11:30:14 - Importing as new product ID:109
01-05-2026 @ 11:30:14 - Row :46 - Processing item.
01-05-2026 @ 11:30:14 - Found simple product object. ID:109
01-05-2026 @ 11:30:14 - Row :46 - Product imported successfully.
01-05-2026 @ 11:30:14 - Row :47 - Parsing item.
01-05-2026 @ 11:30:14 - Importing as new product ID:110
01-05-2026 @ 11:30:14 - Row :47 - Processing item.
01-05-2026 @ 11:30:14 - Found simple product object. ID:110
01-05-2026 @ 11:30:15 - Row :47 - Product imported successfully.
01-05-2026 @ 11:30:15 - Row :48 - Parsing item.
01-05-2026 @ 11:30:15 - Importing as new product ID:111
01-05-2026 @ 11:30:15 - Row :48 - Processing item.
01-05-2026 @ 11:30:15 - Found simple product object. ID:111
01-05-2026 @ 11:30:15 - Row :48 - Product imported successfully.
01-05-2026 @ 11:30:15 - Row :49 - Parsing item.
01-05-2026 @ 11:30:15 - Importing as new product ID:112
01-05-2026 @ 11:30:15 - Row :49 - Processing item.
01-05-2026 @ 11:30:15 - Found simple product object. ID:112
01-05-2026 @ 11:30:15 - Row :49 - Product imported successfully.
01-05-2026 @ 11:30:15 - Row :50 - Parsing item.
01-05-2026 @ 11:30:15 - Importing as new product ID:113
01-05-2026 @ 11:30:15 - Row :50 - Processing item.
01-05-2026 @ 11:30:15 - Found simple product object. ID:113
01-05-2026 @ 11:30:15 - Row :50 - Product imported successfully.
01-05-2026 @ 11:30:16 - Preparing for import.
01-05-2026 @ 11:30:16 - Row :51 - Parsing item.
01-05-2026 @ 11:30:16 - Importing as new product ID:114
01-05-2026 @ 11:30:16 - Row :51 - Processing item.
01-05-2026 @ 11:30:16 - Found simple product object. ID:114
01-05-2026 @ 11:30:16 - Row :51 - Product imported successfully.
01-05-2026 @ 11:30:16 - Row :52 - Parsing item.
01-05-2026 @ 11:30:16 - Importing as new product ID:115
01-05-2026 @ 11:30:16 - Row :52 - Processing item.
01-05-2026 @ 11:30:16 - Found simple product object. ID:115
01-05-2026 @ 11:30:16 - Row :52 - Product imported successfully.
01-05-2026 @ 11:30:16 - Row :53 - Parsing item.
01-05-2026 @ 11:30:16 - Importing as new product ID:116
01-05-2026 @ 11:30:16 - Row :53 - Processing item.
01-05-2026 @ 11:30:16 - Found simple product object. ID:116
01-05-2026 @ 11:30:16 - Row :53 - Product imported successfully.
01-05-2026 @ 11:30:16 - Row :54 - Parsing item.
01-05-2026 @ 11:30:16 - Importing as new product ID:117
01-05-2026 @ 11:30:16 - Row :54 - Processing item.
01-05-2026 @ 11:30:16 - Found simple product object. ID:117
01-05-2026 @ 11:30:17 - Row :54 - Product imported successfully.
01-05-2026 @ 11:30:17 - Row :55 - Parsing item.
01-05-2026 @ 11:30:17 - Importing as new product ID:118
01-05-2026 @ 11:30:17 - Row :55 - Processing item.
01-05-2026 @ 11:30:17 - Found simple product object. ID:118
01-05-2026 @ 11:30:17 - Row :55 - Product imported successfully.
01-05-2026 @ 11:30:17 - Row :56 - Parsing item.
01-05-2026 @ 11:30:17 - Importing as new product ID:119
01-05-2026 @ 11:30:17 - Row :56 - Processing item.
01-05-2026 @ 11:30:17 - Found simple product object. ID:119
01-05-2026 @ 11:30:17 - Row :56 - Product imported successfully.
01-05-2026 @ 11:30:17 - Row :57 - Parsing item.
01-05-2026 @ 11:30:17 - Importing as new product ID:120
01-05-2026 @ 11:30:17 - Row :57 - Processing item.
01-05-2026 @ 11:30:17 - Found simple product object. ID:120
01-05-2026 @ 11:30:17 - Row :57 - Product imported successfully.
01-05-2026 @ 11:30:17 - Row :58 - Parsing item.
01-05-2026 @ 11:30:17 - Importing as new product ID:121
01-05-2026 @ 11:30:17 - Row :58 - Processing item.
01-05-2026 @ 11:30:17 - Found simple product object. ID:121
01-05-2026 @ 11:30:18 - Row :58 - Product imported successfully.
01-05-2026 @ 11:30:18 - Row :59 - Parsing item.
01-05-2026 @ 11:30:18 - Importing as new product ID:122
01-05-2026 @ 11:30:18 - Row :59 - Processing item.
01-05-2026 @ 11:30:18 - Found simple product object. ID:122
01-05-2026 @ 11:30:18 - Row :59 - Product imported successfully.
01-05-2026 @ 11:30:18 - Row :60 - Parsing item.
01-05-2026 @ 11:30:18 - Importing as new product ID:123
01-05-2026 @ 11:30:18 - Row :60 - Processing item.
01-05-2026 @ 11:30:18 - Found simple product object. ID:123
01-05-2026 @ 11:30:18 - Row :60 - Product imported successfully.
01-05-2026 @ 11:30:18 - Preparing for import.
01-05-2026 @ 11:30:18 - Row :61 - Parsing item.
01-05-2026 @ 11:30:18 - Importing as new product ID:124
01-05-2026 @ 11:30:18 - Row :61 - Processing item.
01-05-2026 @ 11:30:18 - Found simple product object. ID:124
01-05-2026 @ 11:30:18 - Row :61 - Product imported successfully.
01-05-2026 @ 11:30:18 - Row :62 - Parsing item.
01-05-2026 @ 11:30:18 - Importing as new product ID:125
01-05-2026 @ 11:30:18 - Row :62 - Processing item.
01-05-2026 @ 11:30:18 - Found simple product object. ID:125
01-05-2026 @ 11:30:19 - Row :62 - Product imported successfully.
01-05-2026 @ 11:30:19 - Row :63 - Parsing item.
01-05-2026 @ 11:30:19 - Importing as new product ID:126
01-05-2026 @ 11:30:19 - Row :63 - Processing item.
01-05-2026 @ 11:30:19 - Found simple product object. ID:126
01-05-2026 @ 11:30:19 - Row :63 - Product imported successfully.
01-05-2026 @ 11:30:19 - Row :64 - Parsing item.
01-05-2026 @ 11:30:19 - Importing as new product ID:127
01-05-2026 @ 11:30:19 - Row :64 - Processing item.
01-05-2026 @ 11:30:19 - Found simple product object. ID:127
01-05-2026 @ 11:30:19 - Row :64 - Product imported successfully.
01-05-2026 @ 11:30:19 - Row :65 - Parsing item.
01-05-2026 @ 11:30:19 - Importing as new product ID:128
01-05-2026 @ 11:30:19 - Row :65 - Processing item.
01-05-2026 @ 11:30:19 - Found simple product object. ID:128
01-05-2026 @ 11:30:19 - Row :65 - Product imported successfully.
01-05-2026 @ 11:30:19 - Row :66 - Parsing item.
01-05-2026 @ 11:30:19 - Importing as new product ID:129
01-05-2026 @ 11:30:19 - Row :66 - Processing item.
01-05-2026 @ 11:30:19 - Found simple product object. ID:129
01-05-2026 @ 11:30:20 - Row :66 - Product imported successfully.
01-05-2026 @ 11:30:20 - Row :67 - Parsing item.
01-05-2026 @ 11:30:20 - Importing as new product ID:130
01-05-2026 @ 11:30:20 - Row :67 - Processing item.
01-05-2026 @ 11:30:20 - Found simple product object. ID:130
01-05-2026 @ 11:30:20 - Row :67 - Product imported successfully.
01-05-2026 @ 11:30:20 - Row :68 - Parsing item.
01-05-2026 @ 11:30:20 - Importing as new product ID:131
01-05-2026 @ 11:30:20 - Row :68 - Processing item.
01-05-2026 @ 11:30:20 - Found simple product object. ID:131
01-05-2026 @ 11:30:20 - Row :68 - Product imported successfully.
01-05-2026 @ 11:30:20 - Row :69 - Parsing item.
01-05-2026 @ 11:30:20 - Importing as new product ID:132
01-05-2026 @ 11:30:20 - Row :69 - Processing item.
01-05-2026 @ 11:30:20 - Found simple product object. ID:132
01-05-2026 @ 11:30:20 - Row :69 - Product imported successfully.
01-05-2026 @ 11:30:20 - Row :70 - Parsing item.
01-05-2026 @ 11:30:20 - Importing as new product ID:133
01-05-2026 @ 11:30:20 - Row :70 - Processing item.
01-05-2026 @ 11:30:20 - Found simple product object. ID:133
01-05-2026 @ 11:30:21 - Row :70 - Product imported successfully.
01-05-2026 @ 11:30:21 - Preparing for import.
01-05-2026 @ 11:30:21 - Row :71 - Parsing item.
01-05-2026 @ 11:30:21 - Importing as new product ID:134
01-05-2026 @ 11:30:21 - Row :71 - Processing item.
01-05-2026 @ 11:30:21 - Found simple product object. ID:134
01-05-2026 @ 11:30:22 - Row :71 - Product imported successfully.
01-05-2026 @ 11:30:22 - Row :72 - Parsing item.
01-05-2026 @ 11:30:22 - Importing as new product ID:135
01-05-2026 @ 11:30:22 - Row :72 - Processing item.
01-05-2026 @ 11:30:22 - Found simple product object. ID:135
01-05-2026 @ 11:30:22 - Row :72 - Product imported successfully.
01-05-2026 @ 11:30:22 - Row :73 - Parsing item.
01-05-2026 @ 11:30:22 - Importing as new product ID:136
01-05-2026 @ 11:30:22 - Row :73 - Processing item.
01-05-2026 @ 11:30:22 - Found simple product object. ID:136
01-05-2026 @ 11:30:22 - Row :73 - Product imported successfully.
01-05-2026 @ 11:30:22 - Row :74 - Parsing item.
01-05-2026 @ 11:30:22 - Importing as new product ID:137
01-05-2026 @ 11:30:22 - Row :74 - Processing item.
01-05-2026 @ 11:30:22 - Found simple product object. ID:137
01-05-2026 @ 11:30:22 - Row :74 - Product imported successfully.
01-05-2026 @ 11:30:22 - Row :75 - Parsing item.
01-05-2026 @ 11:30:22 - Importing as new product ID:138
01-05-2026 @ 11:30:22 - Row :75 - Processing item.
01-05-2026 @ 11:30:22 - Found simple product object. ID:138
01-05-2026 @ 11:30:23 - Row :75 - Product imported successfully.
01-05-2026 @ 11:30:23 - Row :76 - Parsing item.
01-05-2026 @ 11:30:23 - Importing as new product ID:139
01-05-2026 @ 11:30:23 - Row :76 - Processing item.
01-05-2026 @ 11:30:23 - Found simple product object. ID:139
01-05-2026 @ 11:30:23 - Row :76 - Product imported successfully.
01-05-2026 @ 11:30:23 - Row :77 - Parsing item.
01-05-2026 @ 11:30:23 - Importing as new product ID:140
01-05-2026 @ 11:30:23 - Row :77 - Processing item.
01-05-2026 @ 11:30:23 - Found simple product object. ID:140
01-05-2026 @ 11:30:23 - Row :77 - Product imported successfully.
01-05-2026 @ 11:30:23 - Row :78 - Parsing item.
01-05-2026 @ 11:30:23 - Importing as new product ID:141
01-05-2026 @ 11:30:23 - Row :78 - Processing item.
01-05-2026 @ 11:30:23 - Found simple product object. ID:141
01-05-2026 @ 11:30:24 - Row :78 - Product imported successfully.
01-05-2026 @ 11:30:24 - Row :79 - Parsing item.
01-05-2026 @ 11:30:24 - Importing as new product ID:142
01-05-2026 @ 11:30:24 - Row :79 - Processing item.
01-05-2026 @ 11:30:24 - Found simple product object. ID:142
01-05-2026 @ 11:30:24 - Row :79 - Product imported successfully.
01-05-2026 @ 11:30:24 - Row :80 - Parsing item.
01-05-2026 @ 11:30:24 - Importing as new product ID:143
01-05-2026 @ 11:30:24 - Row :80 - Processing item.
01-05-2026 @ 11:30:24 - Found simple product object. ID:143
01-05-2026 @ 11:30:24 - Row :80 - Product imported successfully.
01-05-2026 @ 11:30:24 - Preparing for import.
01-05-2026 @ 11:30:24 - Row :81 - Parsing item.
01-05-2026 @ 11:30:24 - Importing as new product ID:144
01-05-2026 @ 11:30:24 - Row :81 - Processing item.
01-05-2026 @ 11:30:24 - Found simple product object. ID:144
01-05-2026 @ 11:30:25 - Row :81 - Product imported successfully.
01-05-2026 @ 11:30:25 - Row :82 - Parsing item.
01-05-2026 @ 11:30:25 - Importing as new product ID:145
01-05-2026 @ 11:30:25 - Row :82 - Processing item.
01-05-2026 @ 11:30:25 - Found simple product object. ID:145
01-05-2026 @ 11:30:25 - Row :82 - Product imported successfully.
01-05-2026 @ 11:30:25 - Row :83 - Parsing item.
01-05-2026 @ 11:30:25 - Importing as new product ID:146
01-05-2026 @ 11:30:25 - Row :83 - Processing item.
01-05-2026 @ 11:30:25 - Found simple product object. ID:146
01-05-2026 @ 11:30:25 - Row :83 - Product imported successfully.
01-05-2026 @ 11:30:25 - Row :84 - Parsing item.
01-05-2026 @ 11:30:25 - Importing as new product ID:147
01-05-2026 @ 11:30:25 - Row :84 - Processing item.
01-05-2026 @ 11:30:25 - Found simple product object. ID:147
01-05-2026 @ 11:30:25 - Row :84 - Product imported successfully.
01-05-2026 @ 11:30:25 - Row :85 - Parsing item.
01-05-2026 @ 11:30:25 - Importing as new product ID:148
01-05-2026 @ 11:30:25 - Row :85 - Processing item.
01-05-2026 @ 11:30:25 - Found simple product object. ID:148
01-05-2026 @ 11:30:26 - Row :85 - Product imported successfully.
01-05-2026 @ 11:30:26 - Row :86 - Parsing item.
01-05-2026 @ 11:30:26 - Importing as new product ID:149
01-05-2026 @ 11:30:26 - Row :86 - Processing item.
01-05-2026 @ 11:30:26 - Found simple product object. ID:149
01-05-2026 @ 11:30:26 - Row :86 - Product imported successfully.
01-05-2026 @ 11:30:26 - Row :87 - Parsing item.
01-05-2026 @ 11:30:26 - Importing as new product ID:150
01-05-2026 @ 11:30:26 - Row :87 - Processing item.
01-05-2026 @ 11:30:26 - Found simple product object. ID:150
01-05-2026 @ 11:30:26 - Row :87 - Product imported successfully.
01-05-2026 @ 11:30:26 - Row :88 - Parsing item.
01-05-2026 @ 11:30:26 - Importing as new product ID:151
01-05-2026 @ 11:30:26 - Row :88 - Processing item.
01-05-2026 @ 11:30:26 - Found simple product object. ID:151
01-05-2026 @ 11:30:26 - Row :88 - Product imported successfully.
01-05-2026 @ 11:30:26 - Row :89 - Parsing item.
01-05-2026 @ 11:30:26 - Importing as new product ID:152
01-05-2026 @ 11:30:26 - Row :89 - Processing item.
01-05-2026 @ 11:30:26 - Found simple product object. ID:152
01-05-2026 @ 11:30:27 - Row :89 - Product imported successfully.
01-05-2026 @ 11:30:27 - Row :90 - Parsing item.
01-05-2026 @ 11:30:27 - Importing as new product ID:153
01-05-2026 @ 11:30:27 - Row :90 - Processing item.
01-05-2026 @ 11:30:27 - Found simple product object. ID:153
01-05-2026 @ 11:30:27 - Row :90 - Product imported successfully.
01-05-2026 @ 11:30:27 - Preparing for import.
01-05-2026 @ 11:30:27 - Row :91 - Parsing item.
01-05-2026 @ 11:30:27 - Importing as new product ID:154
01-05-2026 @ 11:30:27 - Row :91 - Processing item.
01-05-2026 @ 11:30:27 - Found simple product object. ID:154
01-05-2026 @ 11:30:27 - Row :91 - Product imported successfully.
01-05-2026 @ 11:30:27 - Row :92 - Parsing item.
01-05-2026 @ 11:30:27 - Importing as new product ID:155
01-05-2026 @ 11:30:27 - Row :92 - Processing item.
01-05-2026 @ 11:30:27 - Found simple product object. ID:155
01-05-2026 @ 11:30:28 - Row :92 - Product imported successfully.
01-05-2026 @ 11:30:28 - Row :93 - Parsing item.
01-05-2026 @ 11:30:28 - Importing as new product ID:156
01-05-2026 @ 11:30:28 - Row :93 - Processing item.
01-05-2026 @ 11:30:28 - Found simple product object. ID:156
01-05-2026 @ 11:30:28 - Row :93 - Product imported successfully.
01-05-2026 @ 11:30:28 - Row :94 - Parsing item.
01-05-2026 @ 11:30:28 - Importing as new product ID:157
01-05-2026 @ 11:30:28 - Row :94 - Processing item.
01-05-2026 @ 11:30:28 - Found simple product object. ID:157
01-05-2026 @ 11:30:28 - Row :94 - Product imported successfully.
01-05-2026 @ 11:30:28 - Row :95 - Parsing item.
01-05-2026 @ 11:30:28 - Importing as new product ID:158
01-05-2026 @ 11:30:28 - Row :95 - Processing item.
01-05-2026 @ 11:30:28 - Found simple product object. ID:158
01-05-2026 @ 11:30:28 - Row :95 - Product imported successfully.
01-05-2026 @ 11:30:28 - Row :96 - Parsing item.
01-05-2026 @ 11:30:28 - Importing as new product ID:159
01-05-2026 @ 11:30:28 - Row :96 - Processing item.
01-05-2026 @ 11:30:28 - Found simple product object. ID:159
01-05-2026 @ 11:30:28 - Row :96 - Product imported successfully.
01-05-2026 @ 11:30:28 - Row :97 - Parsing item.
01-05-2026 @ 11:30:28 - Importing as new product ID:160
01-05-2026 @ 11:30:28 - Row :97 - Processing item.
01-05-2026 @ 11:30:28 - Found simple product object. ID:160
01-05-2026 @ 11:30:29 - Row :97 - Product imported successfully.
01-05-2026 @ 11:30:29 - Row :98 - Parsing item.
01-05-2026 @ 11:30:29 - Importing as new product ID:161
01-05-2026 @ 11:30:29 - Row :98 - Processing item.
01-05-2026 @ 11:30:29 - Found simple product object. ID:161
01-05-2026 @ 11:30:29 - Row :98 - Product imported successfully.
01-05-2026 @ 11:30:29 - Row :99 - Parsing item.
01-05-2026 @ 11:30:29 - Importing as new product ID:162
01-05-2026 @ 11:30:29 - Row :99 - Processing item.
01-05-2026 @ 11:30:29 - Found simple product object. ID:162
01-05-2026 @ 11:30:29 - Row :99 - Product imported successfully.
01-05-2026 @ 11:30:29 - Row :100 - Parsing item.
01-05-2026 @ 11:30:29 - Importing as new product ID:163
01-05-2026 @ 11:30:29 - Row :100 - Processing item.
01-05-2026 @ 11:30:29 - Found simple product object. ID:163
01-05-2026 @ 11:30:29 - Row :100 - Product imported successfully.
01-05-2026 @ 11:30:29 - Preparing for import.
01-05-2026 @ 11:30:29 - Row :101 - Parsing item.
01-05-2026 @ 11:30:29 - Importing as new product ID:164
01-05-2026 @ 11:30:29 - Row :101 - Processing item.
01-05-2026 @ 11:30:29 - Found simple product object. ID:164
01-05-2026 @ 11:30:29 - Row :101 - Product imported successfully.
01-05-2026 @ 11:30:29 - Row :102 - Parsing item.
01-05-2026 @ 11:30:29 - Importing as new product ID:165
01-05-2026 @ 11:30:29 - Row :102 - Processing item.
01-05-2026 @ 11:30:29 - Found simple product object. ID:165
01-05-2026 @ 11:30:30 - Row :102 - Product imported successfully.
01-05-2026 @ 11:30:30 - Row :103 - Parsing item.
01-05-2026 @ 11:30:30 - Importing as new product ID:166
01-05-2026 @ 11:30:30 - Row :103 - Processing item.
01-05-2026 @ 11:30:30 - Found simple product object. ID:166
01-05-2026 @ 11:30:30 - Row :103 - Product imported successfully.
01-05-2026 @ 11:30:30 - Row :104 - Parsing item.
01-05-2026 @ 11:30:30 - Importing as new product ID:167
01-05-2026 @ 11:30:30 - Row :104 - Processing item.
01-05-2026 @ 11:30:30 - Found simple product object. ID:167
01-05-2026 @ 11:30:30 - Row :104 - Product imported successfully.
01-05-2026 @ 11:30:30 - Row :105 - Parsing item.
01-05-2026 @ 11:30:30 - Importing as new product ID:168
01-05-2026 @ 11:30:30 - Row :105 - Processing item.
01-05-2026 @ 11:30:30 - Found simple product object. ID:168
01-05-2026 @ 11:30:30 - Row :105 - Product imported successfully.
01-05-2026 @ 11:30:30 - Row :106 - Parsing item.
01-05-2026 @ 11:30:30 - Importing as new product ID:169
01-05-2026 @ 11:30:30 - Row :106 - Processing item.
01-05-2026 @ 11:30:30 - Found simple product object. ID:169
01-05-2026 @ 11:30:31 - Row :106 - Product imported successfully.
01-05-2026 @ 11:30:31 - Row :107 - Parsing item.
01-05-2026 @ 11:30:31 - Importing as new product ID:170
01-05-2026 @ 11:30:31 - Row :107 - Processing item.
01-05-2026 @ 11:30:31 - Found simple product object. ID:170
01-05-2026 @ 11:30:31 - Row :107 - Product imported successfully.
01-05-2026 @ 11:30:31 - Row :108 - Parsing item.
01-05-2026 @ 11:30:31 - Importing as new product ID:171
01-05-2026 @ 11:30:31 - Row :108 - Processing item.
01-05-2026 @ 11:30:31 - Found simple product object. ID:171
01-05-2026 @ 11:30:31 - Row :108 - Product imported successfully.
01-05-2026 @ 11:30:31 - Row :109 - Parsing item.
01-05-2026 @ 11:30:31 - Importing as new product ID:172
01-05-2026 @ 11:30:31 - Row :109 - Processing item.
01-05-2026 @ 11:30:31 - Found simple product object. ID:172
01-05-2026 @ 11:30:31 - Row :109 - Product imported successfully.
01-05-2026 @ 11:30:31 - Row :110 - Parsing item.
01-05-2026 @ 11:30:31 - Importing as new product ID:173
01-05-2026 @ 11:30:31 - Row :110 - Processing item.
01-05-2026 @ 11:30:31 - Found simple product object. ID:173
01-05-2026 @ 11:30:31 - Row :110 - Product imported successfully.
01-05-2026 @ 11:30:31 - Preparing for import.
01-05-2026 @ 11:30:31 - Row :111 - Parsing item.
01-05-2026 @ 11:30:31 - Importing as new product ID:174
01-05-2026 @ 11:30:31 - Row :111 - Processing item.
01-05-2026 @ 11:30:31 - Found simple product object. ID:174
01-05-2026 @ 11:30:32 - Row :111 - Product imported successfully.
01-05-2026 @ 11:30:32 - Row :112 - Parsing item.
01-05-2026 @ 11:30:32 - Importing as new product ID:175
01-05-2026 @ 11:30:32 - Row :112 - Processing item.
01-05-2026 @ 11:30:32 - Found simple product object. ID:175
01-05-2026 @ 11:30:32 - Row :112 - Product imported successfully.
01-05-2026 @ 11:30:32 - Row :113 - Parsing item.
01-05-2026 @ 11:30:32 - Importing as new product ID:176
01-05-2026 @ 11:30:32 - Row :113 - Processing item.
01-05-2026 @ 11:30:32 - Found simple product object. ID:176
01-05-2026 @ 11:30:32 - Row :113 - Product imported successfully.
01-05-2026 @ 11:30:32 - Row :114 - Parsing item.
01-05-2026 @ 11:30:32 - Importing as new product ID:177
01-05-2026 @ 11:30:32 - Row :114 - Processing item.
01-05-2026 @ 11:30:32 - Found simple product object. ID:177
01-05-2026 @ 11:30:32 - Row :114 - Product imported successfully.
01-05-2026 @ 11:30:32 - Row :115 - Parsing item.
01-05-2026 @ 11:30:32 - Importing as new product ID:178
01-05-2026 @ 11:30:32 - Row :115 - Processing item.
01-05-2026 @ 11:30:32 - Found simple product object. ID:178
01-05-2026 @ 11:30:33 - Row :115 - Product imported successfully.
01-05-2026 @ 11:30:33 - Row :116 - Parsing item.
01-05-2026 @ 11:30:33 - Importing as new product ID:179
01-05-2026 @ 11:30:33 - Row :116 - Processing item.
01-05-2026 @ 11:30:33 - Found simple product object. ID:179
01-05-2026 @ 11:30:33 - Row :116 - Product imported successfully.
01-05-2026 @ 11:30:33 - Row :117 - Parsing item.
01-05-2026 @ 11:30:33 - Importing as new product ID:180
01-05-2026 @ 11:30:33 - Row :117 - Processing item.
01-05-2026 @ 11:30:33 - Found simple product object. ID:180
01-05-2026 @ 11:30:33 - Row :117 - Product imported successfully.
01-05-2026 @ 11:30:33 - Row :118 - Parsing item.
01-05-2026 @ 11:30:33 - Importing as new product ID:181
01-05-2026 @ 11:30:33 - Row :118 - Processing item.
01-05-2026 @ 11:30:33 - Found simple product object. ID:181
01-05-2026 @ 11:30:33 - Row :118 - Product imported successfully.
01-05-2026 @ 11:30:33 - Row :119 - Parsing item.
01-05-2026 @ 11:30:33 - Importing as new product ID:182
01-05-2026 @ 11:30:33 - Row :119 - Processing item.
01-05-2026 @ 11:30:33 - Found simple product object. ID:182
01-05-2026 @ 11:30:33 - Row :119 - Product imported successfully.
01-05-2026 @ 11:30:33 - Row :120 - Parsing item.
01-05-2026 @ 11:30:33 - Importing as new product ID:183
01-05-2026 @ 11:30:33 - Row :120 - Processing item.
01-05-2026 @ 11:30:33 - Found simple product object. ID:183
01-05-2026 @ 11:30:33 - Row :120 - Product imported successfully.
01-05-2026 @ 11:30:33 - ---[ Import ended at 2026-01-05 11:30:33]---
