01-05-2026 @ 11:30:28 - ---[ New import started at 2026-01-05 11:30:28 ] PHP Memory: 256 MB, WP Memory: 40 MB
01-05-2026 @ 11:30:28 - Preparing for import.
01-05-2026 @ 11:30:28 - Row :1 - Parsing item.
01-05-2026 @ 11:30:28 - Row :1 - Processing item.
01-05-2026 @ 11:30:28 - Processing users.
01-05-2026 @ 11:30:28 - > &#8220;10&#8221; User imported successfully. ID:10
01-05-2026 @ 11:30:28 - > Finished importing user 10
01-05-2026 @ 11:30:28 - Row :1 - User imported successfully.
01-05-2026 @ 11:30:28 - Row :2 - Parsing item.
01-05-2026 @ 11:30:28 - Row :2 - Processing item.
01-05-2026 @ 11:30:28 - Processing users.
01-05-2026 @ 11:30:28 - > &#8220;11&#8221; User imported successfully. ID:11
01-05-2026 @ 11:30:28 - > Finished importing user 11
01-05-2026 @ 11:30:28 - Row :2 - User imported successfully.
01-05-2026 @ 11:30:28 - Row :3 - Parsing item.
01-05-2026 @ 11:30:28 - Row :3 - Processing item.
01-05-2026 @ 11:30:28 - Processing users.
01-05-2026 @ 11:30:28 - > &#8220;12&#8221; User imported successfully. ID:12
01-05-2026 @ 11:30:28 - > Finished importing user 12
01-05-2026 @ 11:30:28 - Row :3 - User imported successfully.
01-05-2026 @ 11:30:28 - Row :4 - Parsing item.
01-05-2026 @ 11:30:28 - Row :4 - Processing item.
01-05-2026 @ 11:30:28 - Processing users.
01-05-2026 @ 11:30:28 - > &#8220;13&#8221; User imported successfully. ID:13
01-05-2026 @ 11:30:28 - > Finished importing user 13
01-05-2026 @ 11:30:28 - Row :4 - User imported successfully.
01-05-2026 @ 11:30:28 - Row :5 - Parsing item.
01-05-2026 @ 11:30:28 - Row :5 - Processing item.
01-05-2026 @ 11:30:28 - Processing users.
01-05-2026 @ 11:30:28 - > &#8220;14&#8221; User imported successfully. ID:14
01-05-2026 @ 11:30:28 - > Finished importing user 14
01-05-2026 @ 11:30:28 - Row :5 - User imported successfully.
01-05-2026 @ 11:30:28 - Row :6 - Parsing item.
01-05-2026 @ 11:30:28 - Row :6 - Processing item.
01-05-2026 @ 11:30:28 - Processing users.
01-05-2026 @ 11:30:28 - > &#8220;15&#8221; User imported successfully. ID:15
01-05-2026 @ 11:30:28 - > Finished importing user 15
01-05-2026 @ 11:30:28 - Row :6 - User imported successfully.
01-05-2026 @ 11:30:28 - Row :7 - Parsing item.
01-05-2026 @ 11:30:28 - Row :7 - Processing item.
01-05-2026 @ 11:30:28 - Processing users.
01-05-2026 @ 11:30:28 - > &#8220;16&#8221; User imported successfully. ID:16
01-05-2026 @ 11:30:28 - > Finished importing user 16
01-05-2026 @ 11:30:28 - Row :7 - User imported successfully.
01-05-2026 @ 11:30:28 - Row :8 - Parsing item.
01-05-2026 @ 11:30:28 - Row :8 - Processing item.
01-05-2026 @ 11:30:28 - Processing users.
01-05-2026 @ 11:30:28 - > &#8220;17&#8221; User imported successfully. ID:17
01-05-2026 @ 11:30:28 - > Finished importing user 17
01-05-2026 @ 11:30:28 - Row :8 - User imported successfully.
01-05-2026 @ 11:30:28 - Row :9 - Parsing item.
01-05-2026 @ 11:30:28 - Row :9 - Processing item.
01-05-2026 @ 11:30:28 - Processing users.
01-05-2026 @ 11:30:28 - > &#8220;18&#8221; User imported successfully. ID:18
01-05-2026 @ 11:30:28 - > Finished importing user 18
01-05-2026 @ 11:30:28 - Row :9 - User imported successfully.
01-05-2026 @ 11:30:28 - Row :10 - Parsing item.
01-05-2026 @ 11:30:28 - Row :10 - Processing item.
01-05-2026 @ 11:30:28 - Processing users.
01-05-2026 @ 11:30:28 - > &#8220;19&#8221; User imported successfully. ID:19
01-05-2026 @ 11:30:28 - > Finished importing user 19
01-05-2026 @ 11:30:28 - Row :10 - User imported successfully.
01-05-2026 @ 11:30:28 - Preparing for import.
01-05-2026 @ 11:30:28 - Row :11 - Parsing item.
01-05-2026 @ 11:30:28 - Row :11 - Processing item.
01-05-2026 @ 11:30:28 - Processing users.
01-05-2026 @ 11:30:29 - > &#8220;20&#8221; User imported successfully. ID:20
01-05-2026 @ 11:30:29 - > Finished importing user 20
01-05-2026 @ 11:30:29 - Row :11 - User imported successfully.
01-05-2026 @ 11:30:29 - Row :12 - Parsing item.
01-05-2026 @ 11:30:29 - Row :12 - Processing item.
01-05-2026 @ 11:30:29 - Processing users.
01-05-2026 @ 11:30:29 - > &#8220;21&#8221; User imported successfully. ID:21
01-05-2026 @ 11:30:29 - > Finished importing user 21
01-05-2026 @ 11:30:29 - Row :12 - User imported successfully.
01-05-2026 @ 11:30:29 - Row :13 - Parsing item.
01-05-2026 @ 11:30:29 - Row :13 - Processing item.
01-05-2026 @ 11:30:29 - Processing users.
01-05-2026 @ 11:30:29 - > &#8220;22&#8221; User imported successfully. ID:22
01-05-2026 @ 11:30:29 - > Finished importing user 22
01-05-2026 @ 11:30:29 - Row :13 - User imported successfully.
01-05-2026 @ 11:30:29 - Row :14 - Parsing item.
01-05-2026 @ 11:30:29 - Row :14 - Processing item.
01-05-2026 @ 11:30:29 - Processing users.
01-05-2026 @ 11:30:29 - > &#8220;23&#8221; User imported successfully. ID:23
01-05-2026 @ 11:30:29 - > Finished importing user 23
01-05-2026 @ 11:30:29 - Row :14 - User imported successfully.
01-05-2026 @ 11:30:29 - Row :15 - Parsing item.
01-05-2026 @ 11:30:29 - Row :15 - Processing item.
01-05-2026 @ 11:30:29 - Processing users.
01-05-2026 @ 11:30:29 - > &#8220;24&#8221; User imported successfully. ID:24
01-05-2026 @ 11:30:29 - > Finished importing user 24
01-05-2026 @ 11:30:29 - Row :15 - User imported successfully.
01-05-2026 @ 11:30:29 - Row :16 - Parsing item.
01-05-2026 @ 11:30:29 - Row :16 - Processing item.
01-05-2026 @ 11:30:29 - Processing users.
01-05-2026 @ 11:30:29 - > &#8220;25&#8221; User imported successfully. ID:25
01-05-2026 @ 11:30:29 - > Finished importing user 25
01-05-2026 @ 11:30:29 - Row :16 - User imported successfully.
01-05-2026 @ 11:30:29 - Row :17 - Parsing item.
01-05-2026 @ 11:30:29 - Row :17 - Processing item.
01-05-2026 @ 11:30:29 - Processing users.
01-05-2026 @ 11:30:29 - > &#8220;26&#8221; User imported successfully. ID:26
01-05-2026 @ 11:30:29 - > Finished importing user 26
01-05-2026 @ 11:30:29 - Row :17 - User imported successfully.
01-05-2026 @ 11:30:29 - Row :18 - Parsing item.
01-05-2026 @ 11:30:29 - Row :18 - Processing item.
01-05-2026 @ 11:30:29 - Processing users.
01-05-2026 @ 11:30:29 - > &#8220;27&#8221; User imported successfully. ID:27
01-05-2026 @ 11:30:29 - > Finished importing user 27
01-05-2026 @ 11:30:29 - Row :18 - User imported successfully.
01-05-2026 @ 11:30:29 - Row :19 - Parsing item.
01-05-2026 @ 11:30:29 - Row :19 - Processing item.
01-05-2026 @ 11:30:29 - Processing users.
01-05-2026 @ 11:30:29 - > &#8220;28&#8221; User imported successfully. ID:28
01-05-2026 @ 11:30:29 - > Finished importing user 28
01-05-2026 @ 11:30:29 - Row :19 - User imported successfully.
01-05-2026 @ 11:30:29 - Row :20 - Parsing item.
01-05-2026 @ 11:30:29 - Row :20 - Processing item.
01-05-2026 @ 11:30:29 - Processing users.
01-05-2026 @ 11:30:29 - > &#8220;29&#8221; User imported successfully. ID:29
01-05-2026 @ 11:30:29 - > Finished importing user 29
01-05-2026 @ 11:30:29 - Row :20 - User imported successfully.
01-05-2026 @ 11:30:29 - Preparing for import.
01-05-2026 @ 11:30:29 - Row :21 - Parsing item.
01-05-2026 @ 11:30:29 - Row :21 - Processing item.
01-05-2026 @ 11:30:29 - Processing users.
01-05-2026 @ 11:30:29 - > &#8220;30&#8221; User imported successfully. ID:30
01-05-2026 @ 11:30:29 - > Finished importing user 30
01-05-2026 @ 11:30:29 - Row :21 - User imported successfully.
01-05-2026 @ 11:30:29 - Row :22 - Parsing item.
01-05-2026 @ 11:30:29 - Row :22 - Processing item.
01-05-2026 @ 11:30:29 - Processing users.
01-05-2026 @ 11:30:29 - > &#8220;31&#8221; User imported successfully. ID:31
01-05-2026 @ 11:30:29 - > Finished importing user 31
01-05-2026 @ 11:30:29 - Row :22 - User imported successfully.
01-05-2026 @ 11:30:29 - Row :23 - Parsing item.
01-05-2026 @ 11:30:29 - Row :23 - Processing item.
01-05-2026 @ 11:30:29 - Processing users.
01-05-2026 @ 11:30:29 - > &#8220;32&#8221; User imported successfully. ID:32
01-05-2026 @ 11:30:29 - > Finished importing user 32
01-05-2026 @ 11:30:29 - Row :23 - User imported successfully.
01-05-2026 @ 11:30:29 - Row :24 - Parsing item.
01-05-2026 @ 11:30:29 - Row :24 - Processing item.
01-05-2026 @ 11:30:29 - Processing users.
01-05-2026 @ 11:30:30 - > &#8220;33&#8221; User imported successfully. ID:33
01-05-2026 @ 11:30:30 - > Finished importing user 33
01-05-2026 @ 11:30:30 - Row :24 - User imported successfully.
01-05-2026 @ 11:30:30 - Row :25 - Parsing item.
01-05-2026 @ 11:30:30 - Row :25 - Processing item.
01-05-2026 @ 11:30:30 - Processing users.
01-05-2026 @ 11:30:30 - > &#8220;34&#8221; User imported successfully. ID:34
01-05-2026 @ 11:30:30 - > Finished importing user 34
01-05-2026 @ 11:30:30 - Row :25 - User imported successfully.
01-05-2026 @ 11:30:30 - Row :26 - Parsing item.
01-05-2026 @ 11:30:30 - Row :26 - Processing item.
01-05-2026 @ 11:30:30 - Processing users.
01-05-2026 @ 11:30:30 - > &#8220;35&#8221; User imported successfully. ID:35
01-05-2026 @ 11:30:30 - > Finished importing user 35
01-05-2026 @ 11:30:30 - Row :26 - User imported successfully.
01-05-2026 @ 11:30:30 - Row :27 - Parsing item.
01-05-2026 @ 11:30:30 - Row :27 - Processing item.
01-05-2026 @ 11:30:30 - Processing users.
01-05-2026 @ 11:30:30 - > &#8220;36&#8221; User imported successfully. ID:36
01-05-2026 @ 11:30:30 - > Finished importing user 36
01-05-2026 @ 11:30:30 - Row :27 - User imported successfully.
01-05-2026 @ 11:30:30 - Row :28 - Parsing item.
01-05-2026 @ 11:30:30 - Row :28 - Processing item.
01-05-2026 @ 11:30:30 - Processing users.
01-05-2026 @ 11:30:30 - > &#8220;37&#8221; User imported successfully. ID:37
01-05-2026 @ 11:30:30 - > Finished importing user 37
01-05-2026 @ 11:30:30 - Row :28 - User imported successfully.
01-05-2026 @ 11:30:30 - Row :29 - Parsing item.
01-05-2026 @ 11:30:30 - Row :29 - Processing item.
01-05-2026 @ 11:30:30 - Processing users.
01-05-2026 @ 11:30:30 - > &#8220;38&#8221; User imported successfully. ID:38
01-05-2026 @ 11:30:30 - > Finished importing user 38
01-05-2026 @ 11:30:30 - Row :29 - User imported successfully.
01-05-2026 @ 11:30:30 - Row :30 - Parsing item.
01-05-2026 @ 11:30:30 - Row :30 - Processing item.
01-05-2026 @ 11:30:30 - Processing users.
01-05-2026 @ 11:30:30 - > &#8220;39&#8221; User imported successfully. ID:39
01-05-2026 @ 11:30:30 - > Finished importing user 39
01-05-2026 @ 11:30:30 - Row :30 - User imported successfully.
01-05-2026 @ 11:30:30 - Preparing for import.
01-05-2026 @ 11:30:30 - Row :31 - Parsing item.
01-05-2026 @ 11:30:30 - Row :31 - Processing item.
01-05-2026 @ 11:30:30 - Processing users.
01-05-2026 @ 11:30:30 - > &#8220;40&#8221; User imported successfully. ID:40
01-05-2026 @ 11:30:30 - > Finished importing user 40
01-05-2026 @ 11:30:30 - Row :31 - User imported successfully.
01-05-2026 @ 11:30:30 - Row :32 - Parsing item.
01-05-2026 @ 11:30:30 - Row :32 - Processing item.
01-05-2026 @ 11:30:30 - Processing users.
01-05-2026 @ 11:30:30 - > &#8220;41&#8221; User imported successfully. ID:41
01-05-2026 @ 11:30:30 - > Finished importing user 41
01-05-2026 @ 11:30:30 - Row :32 - User imported successfully.
01-05-2026 @ 11:30:30 - Row :33 - Parsing item.
01-05-2026 @ 11:30:30 - Row :33 - Processing item.
01-05-2026 @ 11:30:30 - Processing users.
01-05-2026 @ 11:30:30 - > &#8220;42&#8221; User imported successfully. ID:42
01-05-2026 @ 11:30:30 - > Finished importing user 42
01-05-2026 @ 11:30:30 - Row :33 - User imported successfully.
01-05-2026 @ 11:30:30 - Row :34 - Parsing item.
01-05-2026 @ 11:30:30 - Row :34 - Processing item.
01-05-2026 @ 11:30:30 - Processing users.
01-05-2026 @ 11:30:30 - > &#8220;43&#8221; User imported successfully. ID:43
01-05-2026 @ 11:30:30 - > Finished importing user 43
01-05-2026 @ 11:30:30 - Row :34 - User imported successfully.
01-05-2026 @ 11:30:30 - Row :35 - Parsing item.
01-05-2026 @ 11:30:30 - Row :35 - Processing item.
01-05-2026 @ 11:30:30 - Processing users.
01-05-2026 @ 11:30:30 - > &#8220;44&#8221; User imported successfully. ID:44
01-05-2026 @ 11:30:30 - > Finished importing user 44
01-05-2026 @ 11:30:30 - Row :35 - User imported successfully.
01-05-2026 @ 11:30:30 - Row :36 - Parsing item.
01-05-2026 @ 11:30:30 - Row :36 - Processing item.
01-05-2026 @ 11:30:30 - Processing users.
01-05-2026 @ 11:30:30 - > &#8220;45&#8221; User imported successfully. ID:45
01-05-2026 @ 11:30:30 - > Finished importing user 45
01-05-2026 @ 11:30:30 - Row :36 - User imported successfully.
01-05-2026 @ 11:30:30 - Row :37 - Parsing item.
01-05-2026 @ 11:30:30 - Row :37 - Processing item.
01-05-2026 @ 11:30:30 - Processing users.
01-05-2026 @ 11:30:31 - > &#8220;46&#8221; User imported successfully. ID:46
01-05-2026 @ 11:30:31 - > Finished importing user 46
01-05-2026 @ 11:30:31 - Row :37 - User imported successfully.
01-05-2026 @ 11:30:31 - Row :38 - Parsing item.
01-05-2026 @ 11:30:31 - Row :38 - Processing item.
01-05-2026 @ 11:30:31 - Processing users.
01-05-2026 @ 11:30:31 - > &#8220;47&#8221; User imported successfully. ID:47
01-05-2026 @ 11:30:31 - > Finished importing user 47
01-05-2026 @ 11:30:31 - Row :38 - User imported successfully.
01-05-2026 @ 11:30:31 - Row :39 - Parsing item.
01-05-2026 @ 11:30:31 - Row :39 - Processing item.
01-05-2026 @ 11:30:31 - Processing users.
01-05-2026 @ 11:30:31 - > &#8220;48&#8221; User imported successfully. ID:48
01-05-2026 @ 11:30:31 - > Finished importing user 48
01-05-2026 @ 11:30:31 - Row :39 - User imported successfully.
01-05-2026 @ 11:30:31 - Row :40 - Parsing item.
01-05-2026 @ 11:30:31 - Row :40 - Processing item.
01-05-2026 @ 11:30:31 - Processing users.
01-05-2026 @ 11:30:31 - > &#8220;49&#8221; User imported successfully. ID:49
01-05-2026 @ 11:30:31 - > Finished importing user 49
01-05-2026 @ 11:30:31 - Row :40 - User imported successfully.
01-05-2026 @ 11:30:31 - Preparing for import.
01-05-2026 @ 11:30:31 - Row :41 - Parsing item.
01-05-2026 @ 11:30:31 - Row :41 - Processing item.
01-05-2026 @ 11:30:31 - Processing users.
01-05-2026 @ 11:30:31 - > &#8220;50&#8221; User imported successfully. ID:50
01-05-2026 @ 11:30:31 - > Finished importing user 50
01-05-2026 @ 11:30:31 - Row :41 - User imported successfully.
01-05-2026 @ 11:30:31 - Row :42 - Parsing item.
01-05-2026 @ 11:30:31 - Row :42 - Processing item.
01-05-2026 @ 11:30:31 - Processing users.
01-05-2026 @ 11:30:31 - > &#8220;51&#8221; User imported successfully. ID:51
01-05-2026 @ 11:30:31 - > Finished importing user 51
01-05-2026 @ 11:30:31 - Row :42 - User imported successfully.
01-05-2026 @ 11:30:31 - Row :43 - Parsing item.
01-05-2026 @ 11:30:31 - Row :43 - Processing item.
01-05-2026 @ 11:30:31 - Processing users.
01-05-2026 @ 11:30:31 - > &#8220;52&#8221; User imported successfully. ID:52
01-05-2026 @ 11:30:31 - > Finished importing user 52
01-05-2026 @ 11:30:31 - Row :43 - User imported successfully.
01-05-2026 @ 11:30:31 - Row :44 - Parsing item.
01-05-2026 @ 11:30:31 - Row :44 - Processing item.
01-05-2026 @ 11:30:31 - Processing users.
01-05-2026 @ 11:30:31 - > &#8220;53&#8221; User imported successfully. ID:53
01-05-2026 @ 11:30:31 - > Finished importing user 53
01-05-2026 @ 11:30:31 - Row :44 - User imported successfully.
01-05-2026 @ 11:30:31 - Row :45 - Parsing item.
01-05-2026 @ 11:30:31 - Row :45 - Processing item.
01-05-2026 @ 11:30:31 - Processing users.
01-05-2026 @ 11:30:31 - > &#8220;54&#8221; User imported successfully. ID:54
01-05-2026 @ 11:30:31 - > Finished importing user 54
01-05-2026 @ 11:30:31 - Row :45 - User imported successfully.
01-05-2026 @ 11:30:31 - Row :46 - Parsing item.
01-05-2026 @ 11:30:31 - Row :46 - Processing item.
01-05-2026 @ 11:30:31 - Processing users.
01-05-2026 @ 11:30:31 - > &#8220;55&#8221; User imported successfully. ID:55
01-05-2026 @ 11:30:31 - > Finished importing user 55
01-05-2026 @ 11:30:31 - Row :46 - User imported successfully.
01-05-2026 @ 11:30:31 - Row :47 - Parsing item.
01-05-2026 @ 11:30:31 - Row :47 - Processing item.
01-05-2026 @ 11:30:31 - Processing users.
01-05-2026 @ 11:30:31 - > &#8220;56&#8221; User imported successfully. ID:56
01-05-2026 @ 11:30:31 - > Finished importing user 56
01-05-2026 @ 11:30:31 - Row :47 - User imported successfully.
01-05-2026 @ 11:30:31 - Row :48 - Parsing item.
01-05-2026 @ 11:30:31 - Row :48 - Processing item.
01-05-2026 @ 11:30:31 - Processing users.
01-05-2026 @ 11:30:31 - > &#8220;57&#8221; User imported successfully. ID:57
01-05-2026 @ 11:30:31 - > Finished importing user 57
01-05-2026 @ 11:30:31 - Row :48 - User imported successfully.
01-05-2026 @ 11:30:31 - Row :49 - Parsing item.
01-05-2026 @ 11:30:31 - Row :49 - Processing item.
01-05-2026 @ 11:30:31 - Processing users.
01-05-2026 @ 11:30:32 - > &#8220;58&#8221; User imported successfully. ID:58
01-05-2026 @ 11:30:32 - > Finished importing user 58
01-05-2026 @ 11:30:32 - Row :49 - User imported successfully.
01-05-2026 @ 11:30:32 - Row :50 - Parsing item.
01-05-2026 @ 11:30:32 - Row :50 - Processing item.
01-05-2026 @ 11:30:32 - Processing users.
01-05-2026 @ 11:30:32 - > &#8220;59&#8221; User imported successfully. ID:59
01-05-2026 @ 11:30:32 - > Finished importing user 59
01-05-2026 @ 11:30:32 - Row :50 - User imported successfully.
01-05-2026 @ 11:30:32 - Preparing for import.
01-05-2026 @ 11:30:32 - Row :51 - Parsing item.
01-05-2026 @ 11:30:32 - Row :51 - Processing item.
01-05-2026 @ 11:30:32 - Processing users.
01-05-2026 @ 11:30:32 - > &#8220;60&#8221; User imported successfully. ID:60
01-05-2026 @ 11:30:32 - > Finished importing user 60
01-05-2026 @ 11:30:32 - Row :51 - User imported successfully.
01-05-2026 @ 11:30:32 - Row :52 - Parsing item.
01-05-2026 @ 11:30:32 - Row :52 - Processing item.
01-05-2026 @ 11:30:32 - Processing users.
01-05-2026 @ 11:30:32 - > &#8220;61&#8221; User imported successfully. ID:61
01-05-2026 @ 11:30:32 - > Finished importing user 61
01-05-2026 @ 11:30:32 - Row :52 - User imported successfully.
01-05-2026 @ 11:30:32 - Row :53 - Parsing item.
01-05-2026 @ 11:30:32 - Row :53 - Processing item.
01-05-2026 @ 11:30:32 - Processing users.
01-05-2026 @ 11:30:32 - > &#8220;62&#8221; User imported successfully. ID:62
01-05-2026 @ 11:30:32 - > Finished importing user 62
01-05-2026 @ 11:30:32 - Row :53 - User imported successfully.
01-05-2026 @ 11:30:32 - Row :54 - Parsing item.
01-05-2026 @ 11:30:32 - Row :54 - Processing item.
01-05-2026 @ 11:30:32 - Processing users.
01-05-2026 @ 11:30:32 - > &#8220;63&#8221; User imported successfully. ID:63
01-05-2026 @ 11:30:32 - > Finished importing user 63
01-05-2026 @ 11:30:32 - Row :54 - User imported successfully.
01-05-2026 @ 11:30:32 - Row :55 - Parsing item.
01-05-2026 @ 11:30:32 - Row :55 - Processing item.
01-05-2026 @ 11:30:32 - Processing users.
01-05-2026 @ 11:30:32 - > &#8220;64&#8221; User imported successfully. ID:64
01-05-2026 @ 11:30:32 - > Finished importing user 64
01-05-2026 @ 11:30:32 - Row :55 - User imported successfully.
01-05-2026 @ 11:30:32 - Row :56 - Parsing item.
01-05-2026 @ 11:30:32 - Row :56 - Processing item.
01-05-2026 @ 11:30:32 - Processing users.
01-05-2026 @ 11:30:32 - > &#8220;65&#8221; User imported successfully. ID:65
01-05-2026 @ 11:30:32 - > Finished importing user 65
01-05-2026 @ 11:30:32 - Row :56 - User imported successfully.
01-05-2026 @ 11:30:32 - Row :57 - Parsing item.
01-05-2026 @ 11:30:32 - Row :57 - Processing item.
01-05-2026 @ 11:30:32 - Processing users.
01-05-2026 @ 11:30:32 - > &#8220;66&#8221; User imported successfully. ID:66
01-05-2026 @ 11:30:32 - > Finished importing user 66
01-05-2026 @ 11:30:32 - Row :57 - User imported successfully.
01-05-2026 @ 11:30:32 - Row :58 - Parsing item.
01-05-2026 @ 11:30:32 - Row :58 - Processing item.
01-05-2026 @ 11:30:32 - Processing users.
01-05-2026 @ 11:30:32 - > &#8220;67&#8221; User imported successfully. ID:67
01-05-2026 @ 11:30:32 - > Finished importing user 67
01-05-2026 @ 11:30:32 - Row :58 - User imported successfully.
01-05-2026 @ 11:30:32 - Row :59 - Parsing item.
01-05-2026 @ 11:30:32 - Row :59 - Processing item.
01-05-2026 @ 11:30:32 - Processing users.
01-05-2026 @ 11:30:32 - > &#8220;68&#8221; User imported successfully. ID:68
01-05-2026 @ 11:30:32 - > Finished importing user 68
01-05-2026 @ 11:30:32 - Row :59 - User imported successfully.
01-05-2026 @ 11:30:32 - Row :60 - Parsing item.
01-05-2026 @ 11:30:32 - Row :60 - Processing item.
01-05-2026 @ 11:30:32 - Processing users.
01-05-2026 @ 11:30:32 - > &#8220;69&#8221; User imported successfully. ID:69
01-05-2026 @ 11:30:32 - > Finished importing user 69
01-05-2026 @ 11:30:32 - Row :60 - User imported successfully.
01-05-2026 @ 11:30:32 - Preparing for import.
01-05-2026 @ 11:30:32 - Row :61 - Parsing item.
01-05-2026 @ 11:30:32 - Row :61 - Processing item.
01-05-2026 @ 11:30:32 - Processing users.
01-05-2026 @ 11:30:32 - > &#8220;70&#8221; User imported successfully. ID:70
01-05-2026 @ 11:30:32 - > Finished importing user 70
01-05-2026 @ 11:30:32 - Row :61 - User imported successfully.
01-05-2026 @ 11:30:32 - Row :62 - Parsing item.
01-05-2026 @ 11:30:32 - Row :62 - Processing item.
01-05-2026 @ 11:30:32 - Processing users.
01-05-2026 @ 11:30:33 - > &#8220;71&#8221; User imported successfully. ID:71
01-05-2026 @ 11:30:33 - > Finished importing user 71
01-05-2026 @ 11:30:33 - Row :62 - User imported successfully.
01-05-2026 @ 11:30:33 - Row :63 - Parsing item.
01-05-2026 @ 11:30:33 - Row :63 - Processing item.
01-05-2026 @ 11:30:33 - Processing users.
01-05-2026 @ 11:30:33 - > &#8220;72&#8221; User imported successfully. ID:72
01-05-2026 @ 11:30:33 - > Finished importing user 72
01-05-2026 @ 11:30:33 - Row :63 - User imported successfully.
01-05-2026 @ 11:30:33 - Row :64 - Parsing item.
01-05-2026 @ 11:30:33 - Row :64 - Processing item.
01-05-2026 @ 11:30:33 - Processing users.
01-05-2026 @ 11:30:33 - > &#8220;73&#8221; User imported successfully. ID:73
01-05-2026 @ 11:30:33 - > Finished importing user 73
01-05-2026 @ 11:30:33 - Row :64 - User imported successfully.
01-05-2026 @ 11:30:33 - Row :65 - Parsing item.
01-05-2026 @ 11:30:33 - Row :65 - Processing item.
01-05-2026 @ 11:30:33 - Processing users.
01-05-2026 @ 11:30:33 - > &#8220;74&#8221; User imported successfully. ID:74
01-05-2026 @ 11:30:33 - > Finished importing user 74
01-05-2026 @ 11:30:33 - Row :65 - User imported successfully.
01-05-2026 @ 11:30:33 - Row :66 - Parsing item.
01-05-2026 @ 11:30:33 - Row :66 - Processing item.
01-05-2026 @ 11:30:33 - Processing users.
01-05-2026 @ 11:30:33 - > &#8220;75&#8221; User imported successfully. ID:75
01-05-2026 @ 11:30:33 - > Finished importing user 75
01-05-2026 @ 11:30:33 - Row :66 - User imported successfully.
01-05-2026 @ 11:30:33 - Row :67 - Parsing item.
01-05-2026 @ 11:30:33 - Row :67 - Processing item.
01-05-2026 @ 11:30:33 - Processing users.
01-05-2026 @ 11:30:33 - > &#8220;76&#8221; User imported successfully. ID:76
01-05-2026 @ 11:30:33 - > Finished importing user 76
01-05-2026 @ 11:30:33 - Row :67 - User imported successfully.
01-05-2026 @ 11:30:33 - Row :68 - Parsing item.
01-05-2026 @ 11:30:33 - Row :68 - Processing item.
01-05-2026 @ 11:30:33 - Processing users.
01-05-2026 @ 11:30:33 - > &#8220;77&#8221; User imported successfully. ID:77
01-05-2026 @ 11:30:33 - > Finished importing user 77
01-05-2026 @ 11:30:33 - Row :68 - User imported successfully.
01-05-2026 @ 11:30:33 - Row :69 - Parsing item.
01-05-2026 @ 11:30:33 - Row :69 - Processing item.
01-05-2026 @ 11:30:33 - Processing users.
01-05-2026 @ 11:30:33 - > &#8220;78&#8221; User imported successfully. ID:78
01-05-2026 @ 11:30:33 - > Finished importing user 78
01-05-2026 @ 11:30:33 - Row :69 - User imported successfully.
01-05-2026 @ 11:30:33 - Row :70 - Parsing item.
01-05-2026 @ 11:30:33 - Row :70 - Processing item.
01-05-2026 @ 11:30:33 - Processing users.
01-05-2026 @ 11:30:33 - > &#8220;79&#8221; User imported successfully. ID:79
01-05-2026 @ 11:30:33 - > Finished importing user 79
01-05-2026 @ 11:30:33 - Row :70 - User imported successfully.
01-05-2026 @ 11:30:33 - Preparing for import.
01-05-2026 @ 11:30:33 - Row :71 - Parsing item.
01-05-2026 @ 11:30:33 - Row :71 - Processing item.
01-05-2026 @ 11:30:33 - Processing users.
01-05-2026 @ 11:30:33 - > &#8220;80&#8221; User imported successfully. ID:80
01-05-2026 @ 11:30:33 - > Finished importing user 80
01-05-2026 @ 11:30:33 - Row :71 - User imported successfully.
01-05-2026 @ 11:30:33 - Row :72 - Parsing item.
01-05-2026 @ 11:30:33 - Row :72 - Processing item.
01-05-2026 @ 11:30:33 - Processing users.
01-05-2026 @ 11:30:33 - > &#8220;81&#8221; User imported successfully. ID:81
01-05-2026 @ 11:30:33 - > Finished importing user 81
01-05-2026 @ 11:30:33 - Row :72 - User imported successfully.
01-05-2026 @ 11:30:33 - Row :73 - Parsing item.
01-05-2026 @ 11:30:33 - Row :73 - Processing item.
01-05-2026 @ 11:30:33 - Processing users.
01-05-2026 @ 11:30:33 - > &#8220;82&#8221; User imported successfully. ID:82
01-05-2026 @ 11:30:33 - > Finished importing user 82
01-05-2026 @ 11:30:33 - Row :73 - User imported successfully.
01-05-2026 @ 11:30:33 - Row :74 - Parsing item.
01-05-2026 @ 11:30:33 - Row :74 - Processing item.
01-05-2026 @ 11:30:33 - Processing users.
01-05-2026 @ 11:30:33 - > &#8220;83&#8221; User imported successfully. ID:83
01-05-2026 @ 11:30:33 - > Finished importing user 83
01-05-2026 @ 11:30:33 - Row :74 - User imported successfully.
01-05-2026 @ 11:30:33 - Row :75 - Parsing item.
01-05-2026 @ 11:30:33 - Row :75 - Processing item.
01-05-2026 @ 11:30:33 - Processing users.
01-05-2026 @ 11:30:34 - > &#8220;84&#8221; User imported successfully. ID:84
01-05-2026 @ 11:30:34 - > Finished importing user 84
01-05-2026 @ 11:30:34 - Row :75 - User imported successfully.
01-05-2026 @ 11:30:34 - Row :76 - Parsing item.
01-05-2026 @ 11:30:34 - Row :76 - Processing item.
01-05-2026 @ 11:30:34 - Processing users.
01-05-2026 @ 11:30:34 - > &#8220;85&#8221; User imported successfully. ID:85
01-05-2026 @ 11:30:34 - > Finished importing user 85
01-05-2026 @ 11:30:34 - Row :76 - User imported successfully.
01-05-2026 @ 11:30:34 - Row :77 - Parsing item.
01-05-2026 @ 11:30:34 - Row :77 - Processing item.
01-05-2026 @ 11:30:34 - Processing users.
01-05-2026 @ 11:30:34 - > &#8220;86&#8221; User imported successfully. ID:86
01-05-2026 @ 11:30:34 - > Finished importing user 86
01-05-2026 @ 11:30:34 - Row :77 - User imported successfully.
01-05-2026 @ 11:30:34 - Row :78 - Parsing item.
01-05-2026 @ 11:30:34 - Row :78 - Processing item.
01-05-2026 @ 11:30:34 - Processing users.
01-05-2026 @ 11:30:34 - > &#8220;87&#8221; User imported successfully. ID:87
01-05-2026 @ 11:30:34 - > Finished importing user 87
01-05-2026 @ 11:30:34 - Row :78 - User imported successfully.
01-05-2026 @ 11:30:34 - Row :79 - Parsing item.
01-05-2026 @ 11:30:34 - Row :79 - Processing item.
01-05-2026 @ 11:30:34 - Processing users.
01-05-2026 @ 11:30:34 - > &#8220;88&#8221; User imported successfully. ID:88
01-05-2026 @ 11:30:34 - > Finished importing user 88
01-05-2026 @ 11:30:34 - Row :79 - User imported successfully.
01-05-2026 @ 11:30:34 - Row :80 - Parsing item.
01-05-2026 @ 11:30:34 - Row :80 - Processing item.
01-05-2026 @ 11:30:34 - Processing users.
01-05-2026 @ 11:30:34 - > &#8220;89&#8221; User imported successfully. ID:89
01-05-2026 @ 11:30:34 - > Finished importing user 89
01-05-2026 @ 11:30:34 - Row :80 - User imported successfully.
01-05-2026 @ 11:30:34 - Preparing for import.
01-05-2026 @ 11:30:34 - Row :81 - Parsing item.
01-05-2026 @ 11:30:34 - Row :81 - Processing item.
01-05-2026 @ 11:30:34 - Processing users.
01-05-2026 @ 11:30:34 - > &#8220;90&#8221; User imported successfully. ID:90
01-05-2026 @ 11:30:34 - > Finished importing user 90
01-05-2026 @ 11:30:34 - Row :81 - User imported successfully.
01-05-2026 @ 11:30:34 - Row :82 - Parsing item.
01-05-2026 @ 11:30:34 - Row :82 - Processing item.
01-05-2026 @ 11:30:34 - Processing users.
01-05-2026 @ 11:30:34 - > &#8220;91&#8221; User imported successfully. ID:91
01-05-2026 @ 11:30:34 - > Finished importing user 91
01-05-2026 @ 11:30:34 - Row :82 - User imported successfully.
01-05-2026 @ 11:30:34 - Row :83 - Parsing item.
01-05-2026 @ 11:30:34 - Row :83 - Processing item.
01-05-2026 @ 11:30:34 - Processing users.
01-05-2026 @ 11:30:34 - > &#8220;92&#8221; User imported successfully. ID:92
01-05-2026 @ 11:30:34 - > Finished importing user 92
01-05-2026 @ 11:30:34 - Row :83 - User imported successfully.
01-05-2026 @ 11:30:34 - Row :84 - Parsing item.
01-05-2026 @ 11:30:34 - Row :84 - Processing item.
01-05-2026 @ 11:30:34 - Processing users.
01-05-2026 @ 11:30:34 - > &#8220;93&#8221; User imported successfully. ID:93
01-05-2026 @ 11:30:34 - > Finished importing user 93
01-05-2026 @ 11:30:34 - Row :84 - User imported successfully.
01-05-2026 @ 11:30:34 - Row :85 - Parsing item.
01-05-2026 @ 11:30:34 - Row :85 - Processing item.
01-05-2026 @ 11:30:34 - Processing users.
01-05-2026 @ 11:30:34 - > &#8220;94&#8221; User imported successfully. ID:94
01-05-2026 @ 11:30:34 - > Finished importing user 94
01-05-2026 @ 11:30:34 - Row :85 - User imported successfully.
01-05-2026 @ 11:30:34 - Row :86 - Parsing item.
01-05-2026 @ 11:30:34 - Row :86 - Processing item.
01-05-2026 @ 11:30:34 - Processing users.
01-05-2026 @ 11:30:34 - > &#8220;95&#8221; User imported successfully. ID:95
01-05-2026 @ 11:30:34 - > Finished importing user 95
01-05-2026 @ 11:30:34 - Row :86 - User imported successfully.
01-05-2026 @ 11:30:34 - Row :87 - Parsing item.
01-05-2026 @ 11:30:34 - Row :87 - Processing item.
01-05-2026 @ 11:30:34 - Processing users.
01-05-2026 @ 11:30:35 - > &#8220;96&#8221; User imported successfully. ID:96
01-05-2026 @ 11:30:35 - > Finished importing user 96
01-05-2026 @ 11:30:35 - Row :87 - User imported successfully.
01-05-2026 @ 11:30:35 - Row :88 - Parsing item.
01-05-2026 @ 11:30:35 - Row :88 - Processing item.
01-05-2026 @ 11:30:35 - Processing users.
01-05-2026 @ 11:30:35 - > &#8220;97&#8221; User imported successfully. ID:97
01-05-2026 @ 11:30:35 - > Finished importing user 97
01-05-2026 @ 11:30:35 - Row :88 - User imported successfully.
01-05-2026 @ 11:30:35 - Row :89 - Parsing item.
01-05-2026 @ 11:30:35 - Row :89 - Processing item.
01-05-2026 @ 11:30:35 - Processing users.
01-05-2026 @ 11:30:35 - > &#8220;98&#8221; User imported successfully. ID:98
01-05-2026 @ 11:30:35 - > Finished importing user 98
01-05-2026 @ 11:30:35 - Row :89 - User imported successfully.
01-05-2026 @ 11:30:35 - Row :90 - Parsing item.
01-05-2026 @ 11:30:35 - Row :90 - Processing item.
01-05-2026 @ 11:30:35 - Processing users.
01-05-2026 @ 11:30:35 - > &#8220;99&#8221; User imported successfully. ID:99
01-05-2026 @ 11:30:35 - > Finished importing user 99
01-05-2026 @ 11:30:35 - Row :90 - User imported successfully.
01-05-2026 @ 11:30:35 - Preparing for import.
01-05-2026 @ 11:30:35 - Row :91 - Parsing item.
01-05-2026 @ 11:30:35 - Row :91 - Processing item.
01-05-2026 @ 11:30:35 - Processing users.
01-05-2026 @ 11:30:35 - > &#8220;100&#8221; User imported successfully. ID:100
01-05-2026 @ 11:30:35 - > Finished importing user 100
01-05-2026 @ 11:30:35 - Row :91 - User imported successfully.
01-05-2026 @ 11:30:35 - Row :92 - Parsing item.
01-05-2026 @ 11:30:35 - Row :92 - Processing item.
01-05-2026 @ 11:30:35 - Processing users.
01-05-2026 @ 11:30:35 - > &#8220;101&#8221; User imported successfully. ID:101
01-05-2026 @ 11:30:35 - > Finished importing user 101
01-05-2026 @ 11:30:35 - Row :92 - User imported successfully.
01-05-2026 @ 11:30:35 - Row :93 - Parsing item.
01-05-2026 @ 11:30:35 - Row :93 - Processing item.
01-05-2026 @ 11:30:35 - Processing users.
01-05-2026 @ 11:30:35 - > &#8220;102&#8221; User imported successfully. ID:102
01-05-2026 @ 11:30:35 - > Finished importing user 102
01-05-2026 @ 11:30:35 - Row :93 - User imported successfully.
01-05-2026 @ 11:30:35 - Row :94 - Parsing item.
01-05-2026 @ 11:30:35 - Row :94 - Processing item.
01-05-2026 @ 11:30:35 - Processing users.
01-05-2026 @ 11:30:35 - > &#8220;103&#8221; User imported successfully. ID:103
01-05-2026 @ 11:30:35 - > Finished importing user 103
01-05-2026 @ 11:30:35 - Row :94 - User imported successfully.
01-05-2026 @ 11:30:35 - Row :95 - Parsing item.
01-05-2026 @ 11:30:35 - Row :95 - Processing item.
01-05-2026 @ 11:30:35 - Processing users.
01-05-2026 @ 11:30:35 - > &#8220;104&#8221; User imported successfully. ID:104
01-05-2026 @ 11:30:35 - > Finished importing user 104
01-05-2026 @ 11:30:35 - Row :95 - User imported successfully.
01-05-2026 @ 11:30:35 - Row :96 - Parsing item.
01-05-2026 @ 11:30:35 - Row :96 - Processing item.
01-05-2026 @ 11:30:35 - Processing users.
01-05-2026 @ 11:30:35 - > &#8220;105&#8221; User imported successfully. ID:105
01-05-2026 @ 11:30:35 - > Finished importing user 105
01-05-2026 @ 11:30:35 - Row :96 - User imported successfully.
01-05-2026 @ 11:30:35 - Row :97 - Parsing item.
01-05-2026 @ 11:30:35 - Row :97 - Processing item.
01-05-2026 @ 11:30:35 - Processing users.
01-05-2026 @ 11:30:35 - > &#8220;106&#8221; User imported successfully. ID:106
01-05-2026 @ 11:30:35 - > Finished importing user 106
01-05-2026 @ 11:30:35 - Row :97 - User imported successfully.
01-05-2026 @ 11:30:35 - Row :98 - Parsing item.
01-05-2026 @ 11:30:35 - Row :98 - Processing item.
01-05-2026 @ 11:30:35 - Processing users.
01-05-2026 @ 11:30:35 - > &#8220;107&#8221; User imported successfully. ID:107
01-05-2026 @ 11:30:35 - > Finished importing user 107
01-05-2026 @ 11:30:35 - Row :98 - User imported successfully.
01-05-2026 @ 11:30:35 - Row :99 - Parsing item.
01-05-2026 @ 11:30:35 - Row :99 - Processing item.
01-05-2026 @ 11:30:35 - Processing users.
01-05-2026 @ 11:30:35 - > &#8220;108&#8221; User imported successfully. ID:108
01-05-2026 @ 11:30:35 - > Finished importing user 108
01-05-2026 @ 11:30:35 - Row :99 - User imported successfully.
01-05-2026 @ 11:30:35 - Row :100 - Parsing item.
01-05-2026 @ 11:30:35 - Row :100 - Processing item.
01-05-2026 @ 11:30:35 - Processing users.
01-05-2026 @ 11:30:35 - > &#8220;109&#8221; User imported successfully. ID:109
01-05-2026 @ 11:30:35 - > Finished importing user 109
01-05-2026 @ 11:30:35 - Row :100 - User imported successfully.
01-05-2026 @ 11:30:36 - Preparing for import.
01-05-2026 @ 11:30:36 - Row :101 - Parsing item.
01-05-2026 @ 11:30:36 - Row :101 - Processing item.
01-05-2026 @ 11:30:36 - Processing users.
01-05-2026 @ 11:30:36 - > &#8220;110&#8221; User imported successfully. ID:110
01-05-2026 @ 11:30:36 - > Finished importing user 110
01-05-2026 @ 11:30:36 - Row :101 - User imported successfully.
01-05-2026 @ 11:30:36 - Row :102 - Parsing item.
01-05-2026 @ 11:30:36 - Row :102 - Processing item.
01-05-2026 @ 11:30:36 - Processing users.
01-05-2026 @ 11:30:36 - > &#8220;111&#8221; User imported successfully. ID:111
01-05-2026 @ 11:30:36 - > Finished importing user 111
01-05-2026 @ 11:30:36 - Row :102 - User imported successfully.
01-05-2026 @ 11:30:36 - Row :103 - Parsing item.
01-05-2026 @ 11:30:36 - Row :103 - Processing item.
01-05-2026 @ 11:30:36 - Processing users.
01-05-2026 @ 11:30:36 - > &#8220;112&#8221; User imported successfully. ID:112
01-05-2026 @ 11:30:36 - > Finished importing user 112
01-05-2026 @ 11:30:36 - Row :103 - User imported successfully.
01-05-2026 @ 11:30:36 - Row :104 - Parsing item.
01-05-2026 @ 11:30:36 - Row :104 - Processing item.
01-05-2026 @ 11:30:36 - Processing users.
01-05-2026 @ 11:30:36 - > &#8220;113&#8221; User imported successfully. ID:113
01-05-2026 @ 11:30:36 - > Finished importing user 113
01-05-2026 @ 11:30:36 - Row :104 - User imported successfully.
01-05-2026 @ 11:30:36 - Row :105 - Parsing item.
01-05-2026 @ 11:30:36 - Row :105 - Processing item.
01-05-2026 @ 11:30:36 - Processing users.
01-05-2026 @ 11:30:36 - > &#8220;114&#8221; User imported successfully. ID:114
01-05-2026 @ 11:30:36 - > Finished importing user 114
01-05-2026 @ 11:30:36 - Row :105 - User imported successfully.
01-05-2026 @ 11:30:36 - Row :106 - Parsing item.
01-05-2026 @ 11:30:36 - Row :106 - Processing item.
01-05-2026 @ 11:30:36 - Processing users.
01-05-2026 @ 11:30:36 - > &#8220;115&#8221; User imported successfully. ID:115
01-05-2026 @ 11:30:36 - > Finished importing user 115
01-05-2026 @ 11:30:36 - Row :106 - User imported successfully.
01-05-2026 @ 11:30:36 - Row :107 - Parsing item.
01-05-2026 @ 11:30:36 - Row :107 - Processing item.
01-05-2026 @ 11:30:36 - Processing users.
01-05-2026 @ 11:30:36 - > &#8220;116&#8221; User imported successfully. ID:116
01-05-2026 @ 11:30:36 - > Finished importing user 116
01-05-2026 @ 11:30:36 - Row :107 - User imported successfully.
01-05-2026 @ 11:30:36 - Row :108 - Parsing item.
01-05-2026 @ 11:30:36 - Row :108 - Processing item.
01-05-2026 @ 11:30:36 - Processing users.
01-05-2026 @ 11:30:36 - > &#8220;117&#8221; User imported successfully. ID:117
01-05-2026 @ 11:30:36 - > Finished importing user 117
01-05-2026 @ 11:30:36 - Row :108 - User imported successfully.
01-05-2026 @ 11:30:36 - Row :109 - Parsing item.
01-05-2026 @ 11:30:36 - Row :109 - Processing item.
01-05-2026 @ 11:30:36 - Processing users.
01-05-2026 @ 11:30:36 - > &#8220;118&#8221; User imported successfully. ID:118
01-05-2026 @ 11:30:36 - > Finished importing user 118
01-05-2026 @ 11:30:36 - Row :109 - User imported successfully.
01-05-2026 @ 11:30:36 - Row :110 - Parsing item.
01-05-2026 @ 11:30:36 - Row :110 - Processing item.
01-05-2026 @ 11:30:36 - Processing users.
01-05-2026 @ 11:30:36 - > &#8220;119&#8221; User imported successfully. ID:119
01-05-2026 @ 11:30:36 - > Finished importing user 119
01-05-2026 @ 11:30:36 - Row :110 - User imported successfully.
01-05-2026 @ 11:30:36 - Preparing for import.
01-05-2026 @ 11:30:36 - Row :111 - Parsing item.
01-05-2026 @ 11:30:36 - Row :111 - Processing item.
01-05-2026 @ 11:30:36 - Processing users.
01-05-2026 @ 11:30:36 - > &#8220;120&#8221; User imported successfully. ID:120
01-05-2026 @ 11:30:36 - > Finished importing user 120
01-05-2026 @ 11:30:36 - Row :111 - User imported successfully.
01-05-2026 @ 11:30:36 - Row :112 - Parsing item.
01-05-2026 @ 11:30:36 - Row :112 - Processing item.
01-05-2026 @ 11:30:36 - Processing users.
01-05-2026 @ 11:30:36 - > &#8220;121&#8221; User imported successfully. ID:121
01-05-2026 @ 11:30:36 - > Finished importing user 121
01-05-2026 @ 11:30:36 - Row :112 - User imported successfully.
01-05-2026 @ 11:30:36 - Row :113 - Parsing item.
01-05-2026 @ 11:30:36 - Row :113 - Processing item.
01-05-2026 @ 11:30:36 - Processing users.
01-05-2026 @ 11:30:37 - > &#8220;122&#8221; User imported successfully. ID:122
01-05-2026 @ 11:30:37 - > Finished importing user 122
01-05-2026 @ 11:30:37 - Row :113 - User imported successfully.
01-05-2026 @ 11:30:37 - Row :114 - Parsing item.
01-05-2026 @ 11:30:37 - Row :114 - Processing item.
01-05-2026 @ 11:30:37 - Processing users.
01-05-2026 @ 11:30:37 - > &#8220;123&#8221; User imported successfully. ID:123
01-05-2026 @ 11:30:37 - > Finished importing user 123
01-05-2026 @ 11:30:37 - Row :114 - User imported successfully.
01-05-2026 @ 11:30:37 - Row :115 - Parsing item.
01-05-2026 @ 11:30:37 - Row :115 - Processing item.
01-05-2026 @ 11:30:37 - Processing users.
01-05-2026 @ 11:30:37 - > &#8220;124&#8221; User imported successfully. ID:124
01-05-2026 @ 11:30:37 - > Finished importing user 124
01-05-2026 @ 11:30:37 - Row :115 - User imported successfully.
01-05-2026 @ 11:30:37 - Row :116 - Parsing item.
01-05-2026 @ 11:30:37 - Row :116 - Processing item.
01-05-2026 @ 11:30:37 - Processing users.
01-05-2026 @ 11:30:37 - > &#8220;125&#8221; User imported successfully. ID:125
01-05-2026 @ 11:30:37 - > Finished importing user 125
01-05-2026 @ 11:30:37 - Row :116 - User imported successfully.
01-05-2026 @ 11:30:37 - Row :117 - Parsing item.
01-05-2026 @ 11:30:37 - Row :117 - Processing item.
01-05-2026 @ 11:30:37 - Processing users.
01-05-2026 @ 11:30:37 - > &#8220;126&#8221; User imported successfully. ID:126
01-05-2026 @ 11:30:37 - > Finished importing user 126
01-05-2026 @ 11:30:37 - Row :117 - User imported successfully.
01-05-2026 @ 11:30:37 - Row :118 - Parsing item.
01-05-2026 @ 11:30:37 - Row :118 - Processing item.
01-05-2026 @ 11:30:37 - Processing users.
01-05-2026 @ 11:30:37 - > &#8220;127&#8221; User imported successfully. ID:127
01-05-2026 @ 11:30:37 - > Finished importing user 127
01-05-2026 @ 11:30:37 - Row :118 - User imported successfully.
01-05-2026 @ 11:30:37 - Row :119 - Parsing item.
01-05-2026 @ 11:30:37 - Row :119 - Processing item.
01-05-2026 @ 11:30:37 - Processing users.
01-05-2026 @ 11:30:37 - > &#8220;128&#8221; User imported successfully. ID:128
01-05-2026 @ 11:30:37 - > Finished importing user 128
01-05-2026 @ 11:30:37 - Row :119 - User imported successfully.
01-05-2026 @ 11:30:37 - Row :120 - Parsing item.
01-05-2026 @ 11:30:37 - Row :120 - Processing item.
01-05-2026 @ 11:30:37 - Processing users.
01-05-2026 @ 11:30:37 - > &#8220;129&#8221; User imported successfully. ID:129
01-05-2026 @ 11:30:37 - > Finished importing user 129
01-05-2026 @ 11:30:37 - Row :120 - User imported successfully.
01-05-2026 @ 11:30:37 - ---[ Import ended at 2026-01-05 11:30:37]---
