01-05-2026 @ 11:31:03 - ---[ New import started at 2026-01-05 11:31:03 ] PHP Memory: 256 MB, WP Memory: 40 MB
01-05-2026 @ 11:31:03 - Preparing for import.
01-05-2026 @ 11:31:03 - Row :1 - Parsing item.
01-05-2026 @ 11:31:03 - Importing as new order ID:9001
01-05-2026 @ 11:31:03 - Row :1 - Processing item.
01-05-2026 @ 11:31:03 - Found order object. ID:9001
01-05-2026 @ 11:31:04 - Row :1 - Order imported successfully.
01-05-2026 @ 11:31:04 - Row :2 - Parsing item.
01-05-2026 @ 11:31:04 - Importing as new order ID:9002
01-05-2026 @ 11:31:04 - Row :2 - Processing item.
01-05-2026 @ 11:31:04 - Found order object. ID:9002
01-05-2026 @ 11:31:04 - Row :2 - Order imported successfully.
01-05-2026 @ 11:31:04 - Row :3 - Parsing item.
01-05-2026 @ 11:31:04 - Importing as new order ID:9003
01-05-2026 @ 11:31:04 - Row :3 - Processing item.
01-05-2026 @ 11:31:04 - Found order object. ID:9003
01-05-2026 @ 11:31:04 - Row :3 - Order imported successfully.
01-05-2026 @ 11:31:04 - Row :4 - Parsing item.
01-05-2026 @ 11:31:04 - Importing as new order ID:9004
01-05-2026 @ 11:31:04 - Row :4 - Processing item.
01-05-2026 @ 11:31:04 - Found order object. ID:9004
01-05-2026 @ 11:31:04 - Row :4 - Order imported successfully.
01-05-2026 @ 11:31:04 - Row :5 - Parsing item.
01-05-2026 @ 11:31:04 - Importing as new order ID:9005
01-05-2026 @ 11:31:04 - Row :5 - Processing item.
01-05-2026 @ 11:31:04 - Found order object. ID:9005
01-05-2026 @ 11:31:04 - Row :5 - Order imported successfully.
01-05-2026 @ 11:31:04 - Row :6 - Parsing item.
01-05-2026 @ 11:31:04 - Importing as new order ID:9006
01-05-2026 @ 11:31:04 - Row :6 - Processing item.
01-05-2026 @ 11:31:04 - Found order object. ID:9006
01-05-2026 @ 11:31:04 - Row :6 - Order imported successfully.
01-05-2026 @ 11:31:04 - Row :7 - Parsing item.
01-05-2026 @ 11:31:04 - Importing as new order ID:9007
01-05-2026 @ 11:31:04 - Row :7 - Processing item.
01-05-2026 @ 11:31:04 - Found order object. ID:9007
01-05-2026 @ 11:31:04 - Row :7 - Order imported successfully.
01-05-2026 @ 11:31:04 - Row :8 - Parsing item.
01-05-2026 @ 11:31:04 - Importing as new order ID:9008
01-05-2026 @ 11:31:04 - Row :8 - Processing item.
01-05-2026 @ 11:31:04 - Found order object. ID:9008
01-05-2026 @ 11:31:04 - Row :8 - Order imported successfully.
01-05-2026 @ 11:31:04 - Row :9 - Parsing item.
01-05-2026 @ 11:31:04 - Importing as new order ID:9009
01-05-2026 @ 11:31:04 - Row :9 - Processing item.
01-05-2026 @ 11:31:04 - Found order object. ID:9009
01-05-2026 @ 11:31:04 - Row :9 - Order imported successfully.
01-05-2026 @ 11:31:04 - Row :10 - Parsing item.
01-05-2026 @ 11:31:04 - Importing as new order ID:9010
01-05-2026 @ 11:31:04 - Row :10 - Processing item.
01-05-2026 @ 11:31:04 - Found order object. ID:9010
01-05-2026 @ 11:31:04 - Row :10 - Order imported successfully.
01-05-2026 @ 11:31:04 - Row :11 - Parsing item.
01-05-2026 @ 11:31:04 - Importing as new order ID:9011
01-05-2026 @ 11:31:04 - Row :11 - Processing item.
01-05-2026 @ 11:31:04 - Found order object. ID:9011
01-05-2026 @ 11:31:04 - Row :11 - Order imported successfully.
01-05-2026 @ 11:31:04 - Row :12 - Parsing item.
01-05-2026 @ 11:31:04 - Importing as new order ID:9012
01-05-2026 @ 11:31:04 - Row :12 - Processing item.
01-05-2026 @ 11:31:04 - Found order object. ID:9012
01-05-2026 @ 11:31:04 - Row :12 - Order imported successfully.
01-05-2026 @ 11:31:04 - Row :13 - Parsing item.
01-05-2026 @ 11:31:04 - Importing as new order ID:9013
01-05-2026 @ 11:31:04 - Row :13 - Processing item.
01-05-2026 @ 11:31:04 - Found order object. ID:9013
01-05-2026 @ 11:31:04 - Row :13 - Order imported successfully.
01-05-2026 @ 11:31:04 - Row :14 - Parsing item.
01-05-2026 @ 11:31:04 - Importing as new order ID:9014
01-05-2026 @ 11:31:04 - Row :14 - Processing item.
01-05-2026 @ 11:31:04 - Found order object. ID:9014
01-05-2026 @ 11:31:04 - Row :14 - Order imported successfully.
01-05-2026 @ 11:31:04 - Row :15 - Parsing item.
01-05-2026 @ 11:31:04 - Importing as new order ID:9015
01-05-2026 @ 11:31:04 - Row :15 - Processing item.
01-05-2026 @ 11:31:04 - Found order object. ID:9015
01-05-2026 @ 11:31:04 - Row :15 - Order imported successfully.
01-05-2026 @ 11:31:04 - Row :16 - Parsing item.
01-05-2026 @ 11:31:04 - Importing as new order ID:9016
01-05-2026 @ 11:31:04 - Row :16 - Processing item.
01-05-2026 @ 11:31:04 - Found order object. ID:9016
01-05-2026 @ 11:31:04 - Row :16 - Order imported successfully.
01-05-2026 @ 11:31:04 - Row :17 - Parsing item.
01-05-2026 @ 11:31:04 - Importing as new order ID:9017
01-05-2026 @ 11:31:04 - Row :17 - Processing item.
01-05-2026 @ 11:31:04 - Found order object. ID:9017
01-05-2026 @ 11:31:04 - Row :17 - Order imported successfully.
01-05-2026 @ 11:31:04 - Row :18 - Parsing item.
01-05-2026 @ 11:31:04 - Importing as new order ID:9018
01-05-2026 @ 11:31:04 - Row :18 - Processing item.
01-05-2026 @ 11:31:04 - Found order object. ID:9018
01-05-2026 @ 11:31:04 - Row :18 - Order imported successfully.
01-05-2026 @ 11:31:04 - Row :19 - Parsing item.
01-05-2026 @ 11:31:04 - Importing as new order ID:9019
01-05-2026 @ 11:31:04 - Row :19 - Processing item.
01-05-2026 @ 11:31:04 - Found order object. ID:9019
01-05-2026 @ 11:31:04 - Row :19 - Order imported successfully.
01-05-2026 @ 11:31:04 - Row :20 - Parsing item.
01-05-2026 @ 11:31:04 - Importing as new order ID:9020
01-05-2026 @ 11:31:04 - Row :20 - Processing item.
01-05-2026 @ 11:31:04 - Found order object. ID:9020
01-05-2026 @ 11:31:04 - Row :20 - Order imported successfully.
01-05-2026 @ 11:31:04 - Row :21 - Parsing item.
01-05-2026 @ 11:31:04 - Importing as new order ID:9021
01-05-2026 @ 11:31:04 - Row :21 - Processing item.
01-05-2026 @ 11:31:04 - Found order object. ID:9021
01-05-2026 @ 11:31:04 - Row :21 - Order imported successfully.
01-05-2026 @ 11:31:04 - Row :22 - Parsing item.
01-05-2026 @ 11:31:04 - Importing as new order ID:9022
01-05-2026 @ 11:31:04 - Row :22 - Processing item.
01-05-2026 @ 11:31:04 - Found order object. ID:9022
01-05-2026 @ 11:31:04 - Row :22 - Order imported successfully.
01-05-2026 @ 11:31:04 - Row :23 - Parsing item.
01-05-2026 @ 11:31:04 - Importing as new order ID:9023
01-05-2026 @ 11:31:04 - Row :23 - Processing item.
01-05-2026 @ 11:31:04 - Found order object. ID:9023
01-05-2026 @ 11:31:04 - Row :23 - Order imported successfully.
01-05-2026 @ 11:31:04 - Row :24 - Parsing item.
01-05-2026 @ 11:31:04 - Importing as new order ID:9024
01-05-2026 @ 11:31:04 - Row :24 - Processing item.
01-05-2026 @ 11:31:04 - Found order object. ID:9024
01-05-2026 @ 11:31:04 - Row :24 - Order imported successfully.
01-05-2026 @ 11:31:04 - Row :25 - Parsing item.
01-05-2026 @ 11:31:04 - Importing as new order ID:9025
01-05-2026 @ 11:31:04 - Row :25 - Processing item.
01-05-2026 @ 11:31:04 - Found order object. ID:9025
01-05-2026 @ 11:31:04 - Row :25 - Order imported successfully.
01-05-2026 @ 11:31:04 - Row :26 - Parsing item.
01-05-2026 @ 11:31:04 - Importing as new order ID:9026
01-05-2026 @ 11:31:04 - Row :26 - Processing item.
01-05-2026 @ 11:31:04 - Found order object. ID:9026
01-05-2026 @ 11:31:04 - Row :26 - Order imported successfully.
01-05-2026 @ 11:31:04 - Row :27 - Parsing item.
01-05-2026 @ 11:31:04 - Importing as new order ID:9027
01-05-2026 @ 11:31:04 - Row :27 - Processing item.
01-05-2026 @ 11:31:04 - Found order object. ID:9027
01-05-2026 @ 11:31:04 - Row :27 - Order imported successfully.
01-05-2026 @ 11:31:04 - Row :28 - Parsing item.
01-05-2026 @ 11:31:04 - Importing as new order ID:9028
01-05-2026 @ 11:31:04 - Row :28 - Processing item.
01-05-2026 @ 11:31:04 - Found order object. ID:9028
01-05-2026 @ 11:31:04 - Row :28 - Order imported successfully.
01-05-2026 @ 11:31:04 - Row :29 - Parsing item.
01-05-2026 @ 11:31:04 - Importing as new order ID:9029
01-05-2026 @ 11:31:04 - Row :29 - Processing item.
01-05-2026 @ 11:31:04 - Found order object. ID:9029
01-05-2026 @ 11:31:04 - Row :29 - Order imported successfully.
01-05-2026 @ 11:31:04 - Row :30 - Parsing item.
01-05-2026 @ 11:31:04 - Importing as new order ID:9030
01-05-2026 @ 11:31:04 - Row :30 - Processing item.
01-05-2026 @ 11:31:04 - Found order object. ID:9030
01-05-2026 @ 11:31:04 - Row :30 - Order imported successfully.
01-05-2026 @ 11:31:04 - Row :31 - Parsing item.
01-05-2026 @ 11:31:04 - Importing as new order ID:9031
01-05-2026 @ 11:31:04 - Row :31 - Processing item.
01-05-2026 @ 11:31:04 - Found order object. ID:9031
01-05-2026 @ 11:31:04 - Row :31 - Order imported successfully.
01-05-2026 @ 11:31:04 - Row :32 - Parsing item.
01-05-2026 @ 11:31:04 - Importing as new order ID:9032
01-05-2026 @ 11:31:04 - Row :32 - Processing item.
01-05-2026 @ 11:31:04 - Found order object. ID:9032
01-05-2026 @ 11:31:04 - Row :32 - Order imported successfully.
01-05-2026 @ 11:31:04 - Row :33 - Parsing item.
01-05-2026 @ 11:31:04 - Importing as new order ID:9033
01-05-2026 @ 11:31:04 - Row :33 - Processing item.
01-05-2026 @ 11:31:04 - Found order object. ID:9033
01-05-2026 @ 11:31:04 - Row :33 - Order imported successfully.
01-05-2026 @ 11:31:04 - Row :34 - Parsing item.
01-05-2026 @ 11:31:04 - Importing as new order ID:9034
01-05-2026 @ 11:31:04 - Row :34 - Processing item.
01-05-2026 @ 11:31:04 - Found order object. ID:9034
01-05-2026 @ 11:31:04 - Row :34 - Order imported successfully.
01-05-2026 @ 11:31:04 - Row :35 - Parsing item.
01-05-2026 @ 11:31:04 - Importing as new order ID:9035
01-05-2026 @ 11:31:04 - Row :35 - Processing item.
01-05-2026 @ 11:31:04 - Found order object. ID:9035
01-05-2026 @ 11:31:04 - Row :35 - Order imported successfully.
01-05-2026 @ 11:31:04 - Row :36 - Parsing item.
01-05-2026 @ 11:31:04 - Importing as new order ID:9036
01-05-2026 @ 11:31:04 - Row :36 - Processing item.
01-05-2026 @ 11:31:04 - Found order object. ID:9036
01-05-2026 @ 11:31:04 - Row :36 - Order imported successfully.
01-05-2026 @ 11:31:04 - Row :37 - Parsing item.
01-05-2026 @ 11:31:04 - Importing as new order ID:9037
01-05-2026 @ 11:31:04 - Row :37 - Processing item.
01-05-2026 @ 11:31:04 - Found order object. ID:9037
01-05-2026 @ 11:31:04 - Row :37 - Order imported successfully.
01-05-2026 @ 11:31:04 - Row :38 - Parsing item.
01-05-2026 @ 11:31:04 - Importing as new order ID:9038
01-05-2026 @ 11:31:04 - Row :38 - Processing item.
01-05-2026 @ 11:31:04 - Found order object. ID:9038
01-05-2026 @ 11:31:04 - Row :38 - Order imported successfully.
01-05-2026 @ 11:31:04 - Row :39 - Parsing item.
01-05-2026 @ 11:31:04 - Importing as new order ID:9039
01-05-2026 @ 11:31:04 - Row :39 - Processing item.
01-05-2026 @ 11:31:04 - Found order object. ID:9039
01-05-2026 @ 11:31:04 - Row :39 - Order imported successfully.
01-05-2026 @ 11:31:04 - Row :40 - Parsing item.
01-05-2026 @ 11:31:04 - Importing as new order ID:9040
01-05-2026 @ 11:31:04 - Row :40 - Processing item.
01-05-2026 @ 11:31:04 - Found order object. ID:9040
01-05-2026 @ 11:31:04 - Row :40 - Order imported successfully.
01-05-2026 @ 11:31:04 - Row :41 - Parsing item.
01-05-2026 @ 11:31:04 - Importing as new order ID:9041
01-05-2026 @ 11:31:04 - Row :41 - Processing item.
01-05-2026 @ 11:31:04 - Found order object. ID:9041
01-05-2026 @ 11:31:04 - Row :41 - Order imported successfully.
01-05-2026 @ 11:31:04 - Row :42 - Parsing item.
01-05-2026 @ 11:31:04 - Importing as new order ID:9042
01-05-2026 @ 11:31:04 - Row :42 - Processing item.
01-05-2026 @ 11:31:04 - Found order object. ID:9042
01-05-2026 @ 11:31:04 - Row :42 - Order imported successfully.
01-05-2026 @ 11:31:04 - Row :43 - Parsing item.
01-05-2026 @ 11:31:04 - Importing as new order ID:9043
01-05-2026 @ 11:31:04 - Row :43 - Processing item.
01-05-2026 @ 11:31:04 - Found order object. ID:9043
01-05-2026 @ 11:31:04 - Row :43 - Order imported successfully.
01-05-2026 @ 11:31:04 - Row :44 - Parsing item.
01-05-2026 @ 11:31:04 - Importing as new order ID:9044
01-05-2026 @ 11:31:04 - Row :44 - Processing item.
01-05-2026 @ 11:31:04 - Found order object. ID:9044
01-05-2026 @ 11:31:04 - Row :44 - Order imported successfully.
01-05-2026 @ 11:31:04 - Row :45 - Parsing item.
01-05-2026 @ 11:31:04 - Importing as new order ID:9045
01-05-2026 @ 11:31:04 - Row :45 - Processing item.
01-05-2026 @ 11:31:04 - Found order object. ID:9045
01-05-2026 @ 11:31:04 - Row :45 - Order imported successfully.
01-05-2026 @ 11:31:04 - Row :46 - Parsing item.
01-05-2026 @ 11:31:04 - Importing as new order ID:9046
01-05-2026 @ 11:31:04 - Row :46 - Processing item.
01-05-2026 @ 11:31:04 - Found order object. ID:9046
01-05-2026 @ 11:31:04 - Row :46 - Order imported successfully.
01-05-2026 @ 11:31:04 - Row :47 - Parsing item.
01-05-2026 @ 11:31:04 - Importing as new order ID:9047
01-05-2026 @ 11:31:04 - Row :47 - Processing item.
01-05-2026 @ 11:31:04 - Found order object. ID:9047
01-05-2026 @ 11:31:04 - Row :47 - Order imported successfully.
01-05-2026 @ 11:31:04 - Row :48 - Parsing item.
01-05-2026 @ 11:31:04 - Importing as new order ID:9048
01-05-2026 @ 11:31:04 - Row :48 - Processing item.
01-05-2026 @ 11:31:04 - Found order object. ID:9048
01-05-2026 @ 11:31:04 - Row :48 - Order imported successfully.
01-05-2026 @ 11:31:04 - Row :49 - Parsing item.
01-05-2026 @ 11:31:04 - Importing as new order ID:9049
01-05-2026 @ 11:31:04 - Row :49 - Processing item.
01-05-2026 @ 11:31:04 - Found order object. ID:9049
01-05-2026 @ 11:31:04 - Row :49 - Order imported successfully.
01-05-2026 @ 11:31:04 - Row :50 - Parsing item.
01-05-2026 @ 11:31:04 - Importing as new order ID:9050
01-05-2026 @ 11:31:04 - Row :50 - Processing item.
01-05-2026 @ 11:31:04 - Found order object. ID:9050
01-05-2026 @ 11:31:04 - Row :50 - Order imported successfully.
01-05-2026 @ 11:31:04 - Preparing for import.
01-05-2026 @ 11:31:04 - Row :51 - Parsing item.
01-05-2026 @ 11:31:04 - Importing as new order ID:9051
01-05-2026 @ 11:31:04 - Row :51 - Processing item.
01-05-2026 @ 11:31:04 - Found order object. ID:9051
01-05-2026 @ 11:31:04 - Row :51 - Order imported successfully.
01-05-2026 @ 11:31:04 - Row :52 - Parsing item.
01-05-2026 @ 11:31:04 - Importing as new order ID:9052
01-05-2026 @ 11:31:04 - Row :52 - Processing item.
01-05-2026 @ 11:31:04 - Found order object. ID:9052
01-05-2026 @ 11:31:04 - Row :52 - Order imported successfully.
01-05-2026 @ 11:31:04 - Row :53 - Parsing item.
01-05-2026 @ 11:31:04 - Importing as new order ID:9053
01-05-2026 @ 11:31:04 - Row :53 - Processing item.
01-05-2026 @ 11:31:04 - Found order object. ID:9053
01-05-2026 @ 11:31:04 - Row :53 - Order imported successfully.
01-05-2026 @ 11:31:04 - Row :54 - Parsing item.
01-05-2026 @ 11:31:04 - Importing as new order ID:9054
01-05-2026 @ 11:31:04 - Row :54 - Processing item.
01-05-2026 @ 11:31:04 - Found order object. ID:9054
01-05-2026 @ 11:31:04 - Row :54 - Order imported successfully.
01-05-2026 @ 11:31:04 - Row :55 - Parsing item.
01-05-2026 @ 11:31:04 - Importing as new order ID:9055
01-05-2026 @ 11:31:04 - Row :55 - Processing item.
01-05-2026 @ 11:31:04 - Found order object. ID:9055
01-05-2026 @ 11:31:04 - Row :55 - Order imported successfully.
01-05-2026 @ 11:31:04 - Row :56 - Parsing item.
01-05-2026 @ 11:31:04 - Importing as new order ID:9056
01-05-2026 @ 11:31:04 - Row :56 - Processing item.
01-05-2026 @ 11:31:04 - Found order object. ID:9056
01-05-2026 @ 11:31:04 - Row :56 - Order imported successfully.
01-05-2026 @ 11:31:04 - Row :57 - Parsing item.
01-05-2026 @ 11:31:04 - Importing as new order ID:9057
01-05-2026 @ 11:31:04 - Row :57 - Processing item.
01-05-2026 @ 11:31:04 - Found order object. ID:9057
01-05-2026 @ 11:31:04 - Row :57 - Order imported successfully.
01-05-2026 @ 11:31:04 - Row :58 - Parsing item.
01-05-2026 @ 11:31:04 - Importing as new order ID:9058
01-05-2026 @ 11:31:04 - Row :58 - Processing item.
01-05-2026 @ 11:31:04 - Found order object. ID:9058
01-05-2026 @ 11:31:04 - Row :58 - Order imported successfully.
01-05-2026 @ 11:31:04 - Row :59 - Parsing item.
01-05-2026 @ 11:31:04 - Importing as new order ID:9059
01-05-2026 @ 11:31:04 - Row :59 - Processing item.
01-05-2026 @ 11:31:04 - Found order object. ID:9059
01-05-2026 @ 11:31:04 - Row :59 - Order imported successfully.
01-05-2026 @ 11:31:04 - Row :60 - Parsing item.
01-05-2026 @ 11:31:04 - Importing as new order ID:9060
01-05-2026 @ 11:31:04 - Row :60 - Processing item.
01-05-2026 @ 11:31:04 - Found order object. ID:9060
01-05-2026 @ 11:31:04 - Row :60 - Order imported successfully.
01-05-2026 @ 11:31:04 - Row :61 - Parsing item.
01-05-2026 @ 11:31:04 - Importing as new order ID:9061
01-05-2026 @ 11:31:04 - Row :61 - Processing item.
01-05-2026 @ 11:31:04 - Found order object. ID:9061
01-05-2026 @ 11:31:04 - Row :61 - Order imported successfully.
01-05-2026 @ 11:31:04 - Row :62 - Parsing item.
01-05-2026 @ 11:31:04 - Importing as new order ID:9062
01-05-2026 @ 11:31:04 - Row :62 - Processing item.
01-05-2026 @ 11:31:04 - Found order object. ID:9062
01-05-2026 @ 11:31:04 - Row :62 - Order imported successfully.
01-05-2026 @ 11:31:04 - Row :63 - Parsing item.
01-05-2026 @ 11:31:04 - Importing as new order ID:9063
01-05-2026 @ 11:31:04 - Row :63 - Processing item.
01-05-2026 @ 11:31:04 - Found order object. ID:9063
01-05-2026 @ 11:31:04 - Row :63 - Order imported successfully.
01-05-2026 @ 11:31:04 - Row :64 - Parsing item.
01-05-2026 @ 11:31:04 - Importing as new order ID:9064
01-05-2026 @ 11:31:04 - Row :64 - Processing item.
01-05-2026 @ 11:31:04 - Found order object. ID:9064
01-05-2026 @ 11:31:04 - Row :64 - Order imported successfully.
01-05-2026 @ 11:31:04 - Row :65 - Parsing item.
01-05-2026 @ 11:31:04 - Importing as new order ID:9065
01-05-2026 @ 11:31:04 - Row :65 - Processing item.
01-05-2026 @ 11:31:04 - Found order object. ID:9065
01-05-2026 @ 11:31:04 - Row :65 - Order imported successfully.
01-05-2026 @ 11:31:04 - Row :66 - Parsing item.
01-05-2026 @ 11:31:04 - Importing as new order ID:9066
01-05-2026 @ 11:31:04 - Row :66 - Processing item.
01-05-2026 @ 11:31:04 - Found order object. ID:9066
01-05-2026 @ 11:31:04 - Row :66 - Order imported successfully.
01-05-2026 @ 11:31:04 - Row :67 - Parsing item.
01-05-2026 @ 11:31:04 - Importing as new order ID:9067
01-05-2026 @ 11:31:04 - Row :67 - Processing item.
01-05-2026 @ 11:31:04 - Found order object. ID:9067
01-05-2026 @ 11:31:04 - Row :67 - Order imported successfully.
01-05-2026 @ 11:31:04 - Row :68 - Parsing item.
01-05-2026 @ 11:31:04 - Importing as new order ID:9068
01-05-2026 @ 11:31:04 - Row :68 - Processing item.
01-05-2026 @ 11:31:04 - Found order object. ID:9068
01-05-2026 @ 11:31:04 - Row :68 - Order imported successfully.
01-05-2026 @ 11:31:04 - Row :69 - Parsing item.
01-05-2026 @ 11:31:04 - Importing as new order ID:9069
01-05-2026 @ 11:31:04 - Row :69 - Processing item.
01-05-2026 @ 11:31:04 - Found order object. ID:9069
01-05-2026 @ 11:31:04 - Row :69 - Order imported successfully.
01-05-2026 @ 11:31:04 - Row :70 - Parsing item.
01-05-2026 @ 11:31:04 - Importing as new order ID:9070
01-05-2026 @ 11:31:04 - Row :70 - Processing item.
01-05-2026 @ 11:31:04 - Found order object. ID:9070
01-05-2026 @ 11:31:04 - Row :70 - Order imported successfully.
01-05-2026 @ 11:31:04 - Row :71 - Parsing item.
01-05-2026 @ 11:31:04 - Importing as new order ID:9071
01-05-2026 @ 11:31:04 - Row :71 - Processing item.
01-05-2026 @ 11:31:04 - Found order object. ID:9071
01-05-2026 @ 11:31:04 - Row :71 - Order imported successfully.
01-05-2026 @ 11:31:04 - Row :72 - Parsing item.
01-05-2026 @ 11:31:04 - Importing as new order ID:9072
01-05-2026 @ 11:31:04 - Row :72 - Processing item.
01-05-2026 @ 11:31:04 - Found order object. ID:9072
01-05-2026 @ 11:31:04 - Row :72 - Order imported successfully.
01-05-2026 @ 11:31:04 - Row :73 - Parsing item.
01-05-2026 @ 11:31:04 - Importing as new order ID:9073
01-05-2026 @ 11:31:04 - Row :73 - Processing item.
01-05-2026 @ 11:31:04 - Found order object. ID:9073
01-05-2026 @ 11:31:04 - Row :73 - Order imported successfully.
01-05-2026 @ 11:31:04 - Row :74 - Parsing item.
01-05-2026 @ 11:31:04 - Importing as new order ID:9074
01-05-2026 @ 11:31:04 - Row :74 - Processing item.
01-05-2026 @ 11:31:04 - Found order object. ID:9074
01-05-2026 @ 11:31:04 - Row :74 - Order imported successfully.
01-05-2026 @ 11:31:04 - Row :75 - Parsing item.
01-05-2026 @ 11:31:04 - Importing as new order ID:9075
01-05-2026 @ 11:31:04 - Row :75 - Processing item.
01-05-2026 @ 11:31:04 - Found order object. ID:9075
01-05-2026 @ 11:31:04 - Row :75 - Order imported successfully.
01-05-2026 @ 11:31:04 - Row :76 - Parsing item.
01-05-2026 @ 11:31:04 - Importing as new order ID:9076
01-05-2026 @ 11:31:04 - Row :76 - Processing item.
01-05-2026 @ 11:31:04 - Found order object. ID:9076
01-05-2026 @ 11:31:04 - Row :76 - Order imported successfully.
01-05-2026 @ 11:31:04 - Row :77 - Parsing item.
01-05-2026 @ 11:31:04 - Importing as new order ID:9077
01-05-2026 @ 11:31:04 - Row :77 - Processing item.
01-05-2026 @ 11:31:04 - Found order object. ID:9077
01-05-2026 @ 11:31:04 - Row :77 - Order imported successfully.
01-05-2026 @ 11:31:04 - Row :78 - Parsing item.
01-05-2026 @ 11:31:04 - Importing as new order ID:9078
01-05-2026 @ 11:31:04 - Row :78 - Processing item.
01-05-2026 @ 11:31:04 - Found order object. ID:9078
01-05-2026 @ 11:31:05 - Row :78 - Order imported successfully.
01-05-2026 @ 11:31:05 - Row :79 - Parsing item.
01-05-2026 @ 11:31:05 - Importing as new order ID:9079
01-05-2026 @ 11:31:05 - Row :79 - Processing item.
01-05-2026 @ 11:31:05 - Found order object. ID:9079
01-05-2026 @ 11:31:05 - Row :79 - Order imported successfully.
01-05-2026 @ 11:31:05 - Row :80 - Parsing item.
01-05-2026 @ 11:31:05 - Importing as new order ID:9080
01-05-2026 @ 11:31:05 - Row :80 - Processing item.
01-05-2026 @ 11:31:05 - Found order object. ID:9080
01-05-2026 @ 11:31:05 - Row :80 - Order imported successfully.
01-05-2026 @ 11:31:05 - Row :81 - Parsing item.
01-05-2026 @ 11:31:05 - Importing as new order ID:9081
01-05-2026 @ 11:31:05 - Row :81 - Processing item.
01-05-2026 @ 11:31:05 - Found order object. ID:9081
01-05-2026 @ 11:31:05 - Row :81 - Order imported successfully.
01-05-2026 @ 11:31:05 - Row :82 - Parsing item.
01-05-2026 @ 11:31:05 - Importing as new order ID:9082
01-05-2026 @ 11:31:05 - Row :82 - Processing item.
01-05-2026 @ 11:31:05 - Found order object. ID:9082
01-05-2026 @ 11:31:05 - Row :82 - Order imported successfully.
01-05-2026 @ 11:31:05 - Row :83 - Parsing item.
01-05-2026 @ 11:31:05 - Importing as new order ID:9083
01-05-2026 @ 11:31:05 - Row :83 - Processing item.
01-05-2026 @ 11:31:05 - Found order object. ID:9083
01-05-2026 @ 11:31:05 - Row :83 - Order imported successfully.
01-05-2026 @ 11:31:05 - Row :84 - Parsing item.
01-05-2026 @ 11:31:05 - Importing as new order ID:9084
01-05-2026 @ 11:31:05 - Row :84 - Processing item.
01-05-2026 @ 11:31:05 - Found order object. ID:9084
01-05-2026 @ 11:31:05 - Row :84 - Order imported successfully.
01-05-2026 @ 11:31:05 - Row :85 - Parsing item.
01-05-2026 @ 11:31:05 - Importing as new order ID:9085
01-05-2026 @ 11:31:05 - Row :85 - Processing item.
01-05-2026 @ 11:31:05 - Found order object. ID:9085
01-05-2026 @ 11:31:05 - Row :85 - Order imported successfully.
01-05-2026 @ 11:31:05 - Row :86 - Parsing item.
01-05-2026 @ 11:31:05 - Importing as new order ID:9086
01-05-2026 @ 11:31:05 - Row :86 - Processing item.
01-05-2026 @ 11:31:05 - Found order object. ID:9086
01-05-2026 @ 11:31:05 - Row :86 - Order imported successfully.
01-05-2026 @ 11:31:05 - Row :87 - Parsing item.
01-05-2026 @ 11:31:05 - Importing as new order ID:9087
01-05-2026 @ 11:31:05 - Row :87 - Processing item.
01-05-2026 @ 11:31:05 - Found order object. ID:9087
01-05-2026 @ 11:31:05 - Row :87 - Order imported successfully.
01-05-2026 @ 11:31:05 - Row :88 - Parsing item.
01-05-2026 @ 11:31:05 - Importing as new order ID:9088
01-05-2026 @ 11:31:05 - Row :88 - Processing item.
01-05-2026 @ 11:31:05 - Found order object. ID:9088
01-05-2026 @ 11:31:05 - Row :88 - Order imported successfully.
01-05-2026 @ 11:31:05 - Row :89 - Parsing item.
01-05-2026 @ 11:31:05 - Importing as new order ID:9089
01-05-2026 @ 11:31:05 - Row :89 - Processing item.
01-05-2026 @ 11:31:05 - Found order object. ID:9089
01-05-2026 @ 11:31:05 - Row :89 - Order imported successfully.
01-05-2026 @ 11:31:05 - Row :90 - Parsing item.
01-05-2026 @ 11:31:05 - Importing as new order ID:9090
01-05-2026 @ 11:31:05 - Row :90 - Processing item.
01-05-2026 @ 11:31:05 - Found order object. ID:9090
01-05-2026 @ 11:31:05 - Row :90 - Order imported successfully.
01-05-2026 @ 11:31:05 - Row :91 - Parsing item.
01-05-2026 @ 11:31:05 - Importing as new order ID:9091
01-05-2026 @ 11:31:05 - Row :91 - Processing item.
01-05-2026 @ 11:31:05 - Found order object. ID:9091
01-05-2026 @ 11:31:05 - Row :91 - Order imported successfully.
01-05-2026 @ 11:31:05 - Row :92 - Parsing item.
01-05-2026 @ 11:31:05 - Importing as new order ID:9092
01-05-2026 @ 11:31:05 - Row :92 - Processing item.
01-05-2026 @ 11:31:05 - Found order object. ID:9092
01-05-2026 @ 11:31:05 - Row :92 - Order imported successfully.
01-05-2026 @ 11:31:05 - Row :93 - Parsing item.
01-05-2026 @ 11:31:05 - Importing as new order ID:9093
01-05-2026 @ 11:31:05 - Row :93 - Processing item.
01-05-2026 @ 11:31:05 - Found order object. ID:9093
01-05-2026 @ 11:31:05 - Row :93 - Order imported successfully.
01-05-2026 @ 11:31:05 - Row :94 - Parsing item.
01-05-2026 @ 11:31:05 - Importing as new order ID:9094
01-05-2026 @ 11:31:05 - Row :94 - Processing item.
01-05-2026 @ 11:31:05 - Found order object. ID:9094
01-05-2026 @ 11:31:05 - Row :94 - Order imported successfully.
01-05-2026 @ 11:31:05 - Row :95 - Parsing item.
01-05-2026 @ 11:31:05 - Importing as new order ID:9095
01-05-2026 @ 11:31:05 - Row :95 - Processing item.
01-05-2026 @ 11:31:05 - Found order object. ID:9095
01-05-2026 @ 11:31:05 - Row :95 - Order imported successfully.
01-05-2026 @ 11:31:05 - Row :96 - Parsing item.
01-05-2026 @ 11:31:05 - Importing as new order ID:9096
01-05-2026 @ 11:31:05 - Row :96 - Processing item.
01-05-2026 @ 11:31:05 - Found order object. ID:9096
01-05-2026 @ 11:31:05 - Row :96 - Order imported successfully.
01-05-2026 @ 11:31:05 - Row :97 - Parsing item.
01-05-2026 @ 11:31:05 - Importing as new order ID:9097
01-05-2026 @ 11:31:05 - Row :97 - Processing item.
01-05-2026 @ 11:31:05 - Found order object. ID:9097
01-05-2026 @ 11:31:05 - Row :97 - Order imported successfully.
01-05-2026 @ 11:31:05 - Row :98 - Parsing item.
01-05-2026 @ 11:31:05 - Importing as new order ID:9098
01-05-2026 @ 11:31:05 - Row :98 - Processing item.
01-05-2026 @ 11:31:05 - Found order object. ID:9098
01-05-2026 @ 11:31:05 - Row :98 - Order imported successfully.
01-05-2026 @ 11:31:05 - Row :99 - Parsing item.
01-05-2026 @ 11:31:05 - Importing as new order ID:9099
01-05-2026 @ 11:31:05 - Row :99 - Processing item.
01-05-2026 @ 11:31:05 - Found order object. ID:9099
01-05-2026 @ 11:31:05 - Row :99 - Order imported successfully.
01-05-2026 @ 11:31:05 - Row :100 - Parsing item.
01-05-2026 @ 11:31:05 - Importing as new order ID:9100
01-05-2026 @ 11:31:05 - Row :100 - Processing item.
01-05-2026 @ 11:31:05 - Found order object. ID:9100
01-05-2026 @ 11:31:05 - Row :100 - Order imported successfully.
01-05-2026 @ 11:31:05 - Preparing for import.
01-05-2026 @ 11:31:05 - Row :101 - Parsing item.
01-05-2026 @ 11:31:05 - Importing as new order ID:9101
01-05-2026 @ 11:31:05 - Row :101 - Processing item.
01-05-2026 @ 11:31:05 - Found order object. ID:9101
01-05-2026 @ 11:31:05 - Row :101 - Order imported successfully.
01-05-2026 @ 11:31:05 - Row :102 - Parsing item.
01-05-2026 @ 11:31:05 - Importing as new order ID:9102
01-05-2026 @ 11:31:05 - Row :102 - Processing item.
01-05-2026 @ 11:31:05 - Found order object. ID:9102
01-05-2026 @ 11:31:05 - Row :102 - Order imported successfully.
01-05-2026 @ 11:31:05 - Row :103 - Parsing item.
01-05-2026 @ 11:31:05 - Importing as new order ID:9103
01-05-2026 @ 11:31:05 - Row :103 - Processing item.
01-05-2026 @ 11:31:05 - Found order object. ID:9103
01-05-2026 @ 11:31:05 - Row :103 - Order imported successfully.
01-05-2026 @ 11:31:05 - Row :104 - Parsing item.
01-05-2026 @ 11:31:05 - Importing as new order ID:9104
01-05-2026 @ 11:31:05 - Row :104 - Processing item.
01-05-2026 @ 11:31:05 - Found order object. ID:9104
01-05-2026 @ 11:31:05 - Row :104 - Order imported successfully.
01-05-2026 @ 11:31:05 - Row :105 - Parsing item.
01-05-2026 @ 11:31:05 - Importing as new order ID:9105
01-05-2026 @ 11:31:05 - Row :105 - Processing item.
01-05-2026 @ 11:31:05 - Found order object. ID:9105
01-05-2026 @ 11:31:05 - Row :105 - Order imported successfully.
01-05-2026 @ 11:31:05 - Row :106 - Parsing item.
01-05-2026 @ 11:31:05 - Importing as new order ID:9106
01-05-2026 @ 11:31:05 - Row :106 - Processing item.
01-05-2026 @ 11:31:05 - Found order object. ID:9106
01-05-2026 @ 11:31:05 - Row :106 - Order imported successfully.
01-05-2026 @ 11:31:05 - Row :107 - Parsing item.
01-05-2026 @ 11:31:05 - Importing as new order ID:9107
01-05-2026 @ 11:31:05 - Row :107 - Processing item.
01-05-2026 @ 11:31:05 - Found order object. ID:9107
01-05-2026 @ 11:31:05 - Row :107 - Order imported successfully.
01-05-2026 @ 11:31:05 - Row :108 - Parsing item.
01-05-2026 @ 11:31:05 - Importing as new order ID:9108
01-05-2026 @ 11:31:05 - Row :108 - Processing item.
01-05-2026 @ 11:31:05 - Found order object. ID:9108
01-05-2026 @ 11:31:05 - Row :108 - Order imported successfully.
01-05-2026 @ 11:31:05 - Row :109 - Parsing item.
01-05-2026 @ 11:31:05 - Importing as new order ID:9109
01-05-2026 @ 11:31:05 - Row :109 - Processing item.
01-05-2026 @ 11:31:05 - Found order object. ID:9109
01-05-2026 @ 11:31:05 - Row :109 - Order imported successfully.
01-05-2026 @ 11:31:05 - Row :110 - Parsing item.
01-05-2026 @ 11:31:05 - Importing as new order ID:9110
01-05-2026 @ 11:31:05 - Row :110 - Processing item.
01-05-2026 @ 11:31:05 - Found order object. ID:9110
01-05-2026 @ 11:31:05 - Row :110 - Order imported successfully.
01-05-2026 @ 11:31:05 - Row :111 - Parsing item.
01-05-2026 @ 11:31:05 - Importing as new order ID:9111
01-05-2026 @ 11:31:05 - Row :111 - Processing item.
01-05-2026 @ 11:31:05 - Found order object. ID:9111
01-05-2026 @ 11:31:05 - Row :111 - Order imported successfully.
01-05-2026 @ 11:31:05 - Row :112 - Parsing item.
01-05-2026 @ 11:31:05 - Importing as new order ID:9112
01-05-2026 @ 11:31:05 - Row :112 - Processing item.
01-05-2026 @ 11:31:05 - Found order object. ID:9112
01-05-2026 @ 11:31:05 - Row :112 - Order imported successfully.
01-05-2026 @ 11:31:05 - Row :113 - Parsing item.
01-05-2026 @ 11:31:05 - Importing as new order ID:9113
01-05-2026 @ 11:31:05 - Row :113 - Processing item.
01-05-2026 @ 11:31:05 - Found order object. ID:9113
01-05-2026 @ 11:31:05 - Row :113 - Order imported successfully.
01-05-2026 @ 11:31:05 - Row :114 - Parsing item.
01-05-2026 @ 11:31:05 - Importing as new order ID:9114
01-05-2026 @ 11:31:05 - Row :114 - Processing item.
01-05-2026 @ 11:31:05 - Found order object. ID:9114
01-05-2026 @ 11:31:05 - Row :114 - Order imported successfully.
01-05-2026 @ 11:31:05 - Row :115 - Parsing item.
01-05-2026 @ 11:31:05 - Importing as new order ID:9115
01-05-2026 @ 11:31:05 - Row :115 - Processing item.
01-05-2026 @ 11:31:05 - Found order object. ID:9115
01-05-2026 @ 11:31:05 - Row :115 - Order imported successfully.
01-05-2026 @ 11:31:05 - Row :116 - Parsing item.
01-05-2026 @ 11:31:05 - Importing as new order ID:9116
01-05-2026 @ 11:31:05 - Row :116 - Processing item.
01-05-2026 @ 11:31:05 - Found order object. ID:9116
01-05-2026 @ 11:31:05 - Row :116 - Order imported successfully.
01-05-2026 @ 11:31:05 - Row :117 - Parsing item.
01-05-2026 @ 11:31:05 - Importing as new order ID:9117
01-05-2026 @ 11:31:05 - Row :117 - Processing item.
01-05-2026 @ 11:31:05 - Found order object. ID:9117
01-05-2026 @ 11:31:05 - Row :117 - Order imported successfully.
01-05-2026 @ 11:31:05 - Row :118 - Parsing item.
01-05-2026 @ 11:31:05 - Importing as new order ID:9118
01-05-2026 @ 11:31:05 - Row :118 - Processing item.
01-05-2026 @ 11:31:05 - Found order object. ID:9118
01-05-2026 @ 11:31:05 - Row :118 - Order imported successfully.
01-05-2026 @ 11:31:05 - Row :119 - Parsing item.
01-05-2026 @ 11:31:05 - Importing as new order ID:9119
01-05-2026 @ 11:31:05 - Row :119 - Processing item.
01-05-2026 @ 11:31:05 - Found order object. ID:9119
01-05-2026 @ 11:31:05 - Row :119 - Order imported successfully.
01-05-2026 @ 11:31:05 - Row :120 - Parsing item.
01-05-2026 @ 11:31:05 - Importing as new order ID:9120
01-05-2026 @ 11:31:05 - Row :120 - Processing item.
01-05-2026 @ 11:31:05 - Found order object. ID:9120
01-05-2026 @ 11:31:05 - Row :120 - Order imported successfully.
01-05-2026 @ 11:31:05 - Row :121 - Parsing item.
01-05-2026 @ 11:31:05 - Importing as new order ID:9121
01-05-2026 @ 11:31:05 - Row :121 - Processing item.
01-05-2026 @ 11:31:05 - Found order object. ID:9121
01-05-2026 @ 11:31:05 - Row :121 - Order imported successfully.
01-05-2026 @ 11:31:05 - Row :122 - Parsing item.
01-05-2026 @ 11:31:05 - Importing as new order ID:9122
01-05-2026 @ 11:31:05 - Row :122 - Processing item.
01-05-2026 @ 11:31:05 - Found order object. ID:9122
01-05-2026 @ 11:31:05 - Row :122 - Order imported successfully.
01-05-2026 @ 11:31:05 - Row :123 - Parsing item.
01-05-2026 @ 11:31:05 - Importing as new order ID:9123
01-05-2026 @ 11:31:05 - Row :123 - Processing item.
01-05-2026 @ 11:31:05 - Found order object. ID:9123
01-05-2026 @ 11:31:05 - Row :123 - Order imported successfully.
01-05-2026 @ 11:31:05 - Row :124 - Parsing item.
01-05-2026 @ 11:31:05 - Importing as new order ID:9124
01-05-2026 @ 11:31:05 - Row :124 - Processing item.
01-05-2026 @ 11:31:05 - Found order object. ID:9124
01-05-2026 @ 11:31:05 - Row :124 - Order imported successfully.
01-05-2026 @ 11:31:05 - Row :125 - Parsing item.
01-05-2026 @ 11:31:05 - Importing as new order ID:9125
01-05-2026 @ 11:31:05 - Row :125 - Processing item.
01-05-2026 @ 11:31:05 - Found order object. ID:9125
01-05-2026 @ 11:31:05 - Row :125 - Order imported successfully.
01-05-2026 @ 11:31:05 - Row :126 - Parsing item.
01-05-2026 @ 11:31:05 - Importing as new order ID:9126
01-05-2026 @ 11:31:05 - Row :126 - Processing item.
01-05-2026 @ 11:31:05 - Found order object. ID:9126
01-05-2026 @ 11:31:05 - Row :126 - Order imported successfully.
01-05-2026 @ 11:31:05 - Row :127 - Parsing item.
01-05-2026 @ 11:31:05 - Importing as new order ID:9127
01-05-2026 @ 11:31:05 - Row :127 - Processing item.
01-05-2026 @ 11:31:05 - Found order object. ID:9127
01-05-2026 @ 11:31:05 - Row :127 - Order imported successfully.
01-05-2026 @ 11:31:05 - Row :128 - Parsing item.
01-05-2026 @ 11:31:05 - Importing as new order ID:9128
01-05-2026 @ 11:31:05 - Row :128 - Processing item.
01-05-2026 @ 11:31:05 - Found order object. ID:9128
01-05-2026 @ 11:31:05 - Row :128 - Order imported successfully.
01-05-2026 @ 11:31:05 - Row :129 - Parsing item.
01-05-2026 @ 11:31:05 - Importing as new order ID:9129
01-05-2026 @ 11:31:05 - Row :129 - Processing item.
01-05-2026 @ 11:31:05 - Found order object. ID:9129
01-05-2026 @ 11:31:05 - Row :129 - Order imported successfully.
01-05-2026 @ 11:31:05 - Row :130 - Parsing item.
01-05-2026 @ 11:31:05 - Importing as new order ID:9130
01-05-2026 @ 11:31:05 - Row :130 - Processing item.
01-05-2026 @ 11:31:05 - Found order object. ID:9130
01-05-2026 @ 11:31:05 - Row :130 - Order imported successfully.
01-05-2026 @ 11:31:05 - Row :131 - Parsing item.
01-05-2026 @ 11:31:05 - Importing as new order ID:9131
01-05-2026 @ 11:31:05 - Row :131 - Processing item.
01-05-2026 @ 11:31:05 - Found order object. ID:9131
01-05-2026 @ 11:31:05 - Row :131 - Order imported successfully.
01-05-2026 @ 11:31:05 - Row :132 - Parsing item.
01-05-2026 @ 11:31:05 - Importing as new order ID:9132
01-05-2026 @ 11:31:05 - Row :132 - Processing item.
01-05-2026 @ 11:31:05 - Found order object. ID:9132
01-05-2026 @ 11:31:05 - Row :132 - Order imported successfully.
01-05-2026 @ 11:31:05 - Row :133 - Parsing item.
01-05-2026 @ 11:31:05 - Importing as new order ID:9133
01-05-2026 @ 11:31:05 - Row :133 - Processing item.
01-05-2026 @ 11:31:05 - Found order object. ID:9133
01-05-2026 @ 11:31:05 - Row :133 - Order imported successfully.
01-05-2026 @ 11:31:05 - Row :134 - Parsing item.
01-05-2026 @ 11:31:05 - Importing as new order ID:9134
01-05-2026 @ 11:31:05 - Row :134 - Processing item.
01-05-2026 @ 11:31:05 - Found order object. ID:9134
01-05-2026 @ 11:31:05 - Row :134 - Order imported successfully.
01-05-2026 @ 11:31:05 - Row :135 - Parsing item.
01-05-2026 @ 11:31:05 - Importing as new order ID:9135
01-05-2026 @ 11:31:05 - Row :135 - Processing item.
01-05-2026 @ 11:31:05 - Found order object. ID:9135
01-05-2026 @ 11:31:05 - Row :135 - Order imported successfully.
01-05-2026 @ 11:31:05 - Row :136 - Parsing item.
01-05-2026 @ 11:31:05 - Importing as new order ID:9136
01-05-2026 @ 11:31:05 - Row :136 - Processing item.
01-05-2026 @ 11:31:05 - Found order object. ID:9136
01-05-2026 @ 11:31:05 - Row :136 - Order imported successfully.
01-05-2026 @ 11:31:05 - Row :137 - Parsing item.
01-05-2026 @ 11:31:05 - Importing as new order ID:9137
01-05-2026 @ 11:31:05 - Row :137 - Processing item.
01-05-2026 @ 11:31:05 - Found order object. ID:9137
01-05-2026 @ 11:31:05 - Row :137 - Order imported successfully.
01-05-2026 @ 11:31:05 - Row :138 - Parsing item.
01-05-2026 @ 11:31:05 - Importing as new order ID:9138
01-05-2026 @ 11:31:05 - Row :138 - Processing item.
01-05-2026 @ 11:31:05 - Found order object. ID:9138
01-05-2026 @ 11:31:05 - Row :138 - Order imported successfully.
01-05-2026 @ 11:31:05 - Row :139 - Parsing item.
01-05-2026 @ 11:31:05 - Importing as new order ID:9139
01-05-2026 @ 11:31:05 - Row :139 - Processing item.
01-05-2026 @ 11:31:05 - Found order object. ID:9139
01-05-2026 @ 11:31:05 - Row :139 - Order imported successfully.
01-05-2026 @ 11:31:05 - Row :140 - Parsing item.
01-05-2026 @ 11:31:05 - Importing as new order ID:9140
01-05-2026 @ 11:31:05 - Row :140 - Processing item.
01-05-2026 @ 11:31:05 - Found order object. ID:9140
01-05-2026 @ 11:31:05 - Row :140 - Order imported successfully.
01-05-2026 @ 11:31:05 - Row :141 - Parsing item.
01-05-2026 @ 11:31:05 - Importing as new order ID:9141
01-05-2026 @ 11:31:05 - Row :141 - Processing item.
01-05-2026 @ 11:31:05 - Found order object. ID:9141
01-05-2026 @ 11:31:05 - Row :141 - Order imported successfully.
01-05-2026 @ 11:31:05 - Row :142 - Parsing item.
01-05-2026 @ 11:31:05 - Importing as new order ID:9142
01-05-2026 @ 11:31:05 - Row :142 - Processing item.
01-05-2026 @ 11:31:05 - Found order object. ID:9142
01-05-2026 @ 11:31:05 - Row :142 - Order imported successfully.
01-05-2026 @ 11:31:05 - Row :143 - Parsing item.
01-05-2026 @ 11:31:05 - Importing as new order ID:9143
01-05-2026 @ 11:31:05 - Row :143 - Processing item.
01-05-2026 @ 11:31:05 - Found order object. ID:9143
01-05-2026 @ 11:31:05 - Row :143 - Order imported successfully.
01-05-2026 @ 11:31:05 - Row :144 - Parsing item.
01-05-2026 @ 11:31:05 - Importing as new order ID:9144
01-05-2026 @ 11:31:05 - Row :144 - Processing item.
01-05-2026 @ 11:31:05 - Found order object. ID:9144
01-05-2026 @ 11:31:05 - Row :144 - Order imported successfully.
01-05-2026 @ 11:31:05 - Row :145 - Parsing item.
01-05-2026 @ 11:31:05 - Importing as new order ID:9145
01-05-2026 @ 11:31:05 - Row :145 - Processing item.
01-05-2026 @ 11:31:05 - Found order object. ID:9145
01-05-2026 @ 11:31:05 - Row :145 - Order imported successfully.
01-05-2026 @ 11:31:05 - Row :146 - Parsing item.
01-05-2026 @ 11:31:05 - Importing as new order ID:9146
01-05-2026 @ 11:31:05 - Row :146 - Processing item.
01-05-2026 @ 11:31:05 - Found order object. ID:9146
01-05-2026 @ 11:31:05 - Row :146 - Order imported successfully.
01-05-2026 @ 11:31:05 - Row :147 - Parsing item.
01-05-2026 @ 11:31:05 - Importing as new order ID:9147
01-05-2026 @ 11:31:05 - Row :147 - Processing item.
01-05-2026 @ 11:31:05 - Found order object. ID:9147
01-05-2026 @ 11:31:05 - Row :147 - Order imported successfully.
01-05-2026 @ 11:31:05 - Row :148 - Parsing item.
01-05-2026 @ 11:31:05 - Importing as new order ID:9148
01-05-2026 @ 11:31:05 - Row :148 - Processing item.
01-05-2026 @ 11:31:05 - Found order object. ID:9148
01-05-2026 @ 11:31:05 - Row :148 - Order imported successfully.
01-05-2026 @ 11:31:05 - Row :149 - Parsing item.
01-05-2026 @ 11:31:05 - Importing as new order ID:9149
01-05-2026 @ 11:31:05 - Row :149 - Processing item.
01-05-2026 @ 11:31:05 - Found order object. ID:9149
01-05-2026 @ 11:31:05 - Row :149 - Order imported successfully.
01-05-2026 @ 11:31:05 - Row :150 - Parsing item.
01-05-2026 @ 11:31:05 - Importing as new order ID:9150
01-05-2026 @ 11:31:05 - Row :150 - Processing item.
01-05-2026 @ 11:31:05 - Found order object. ID:9150
01-05-2026 @ 11:31:05 - Row :150 - Order imported successfully.
01-05-2026 @ 11:31:05 - ---[ Import ended at 2026-01-05 11:31:05]---
